#
# There is insufficient memory for the Java Runtime Environment to continue.
# Native memory allocation (malloc) failed to allocate 1033936 bytes for Chunk::new
# Possible reasons:
#   The system is out of physical RAM or swap space
#   The process is running with CompressedOops enabled, and the Java Heap may be blocking the growth of the native heap
# Possible solutions:
#   Reduce memory load on the system
#   Increase physical memory or swap space
#   Check if swap backing store is full
#   Decrease Java heap size (-Xmx/-Xms)
#   Decrease number of Java threads
#   Decrease Java thread stack sizes (-Xss)
#   Set larger code cache with -XX:ReservedCodeCacheSize=
#   JVM is running with Unscaled Compressed Oops mode in which the Java heap is
#     placed in the first 4GB address space. The Java Heap base address is the
#     maximum limit for the native heap growth. Please use -XX:HeapBaseMinAddress
#     to set the Java Heap base and to place the Java Heap above 4GB virtual address.
# This output file may be truncated or incomplete.
#
#  Out of Memory Error (arena.cpp:189), pid=3188, tid=7884
#
# JRE version: OpenJDK Runtime Environment (17.0.6) (build 17.0.6+0-b2043.56-9586694)
# Java VM: OpenJDK 64-Bit Server VM (17.0.6+0-b2043.56-9586694, mixed mode, tiered, compressed oops, compressed class ptrs, g1 gc, windows-amd64)
# No core dump will be written. Minidumps are not enabled by default on client versions of Windows
#

---------------  S U M M A R Y ------------

Command Line: --add-opens=java.base/java.util=ALL-UNNAMED --add-opens=java.base/java.lang=ALL-UNNAMED --add-opens=java.base/java.lang.invoke=ALL-UNNAMED --add-opens=java.prefs/java.util.prefs=ALL-UNNAMED --add-opens=java.base/java.nio.charset=ALL-UNNAMED --add-opens=java.base/java.net=ALL-UNNAMED --add-opens=java.base/java.util.concurrent.atomic=ALL-UNNAMED -Xmx1536M -Dfile.encoding=windows-1252 -Duser.country=US -Duser.language=en -Duser.variant org.gradle.launcher.daemon.bootstrap.GradleDaemon 7.6.1

Host: Intel(R) Core(TM) i5-7200U CPU @ 2.50GHz, 4 cores, 7G,  Windows 10 , 64 bit Build 19041 (10.0.19041.3155)
Time: Thu Jul 13 16:14:58 2023 India Standard Time elapsed time: 1696.117681 seconds (0d 0h 28m 16s)

---------------  T H R E A D  ---------------

Current thread (0x000002b9bb940360):  JavaThread "C2 CompilerThread0" daemon [_thread_in_native, id=7884, stack(0x000000d322c00000,0x000000d322d00000)]


Current CompileTask:
C2:1696117 8942       4       org.objectweb.asm.ClassReader::readCode (5109 bytes)

Stack: [0x000000d322c00000,0x000000d322d00000]
Native frames: (J=compiled Java code, j=interpreted, Vv=VM code, C=native code)
V  [jvm.dll+0x683b4a]
V  [jvm.dll+0x842654]
V  [jvm.dll+0x843dfe]
V  [jvm.dll+0x844463]
V  [jvm.dll+0x249b75]
V  [jvm.dll+0xabcac]
V  [jvm.dll+0xac27c]
V  [jvm.dll+0x2b0eef]
V  [jvm.dll+0x58a207]
V  [jvm.dll+0x2243b2]
V  [jvm.dll+0x21dd02]
V  [jvm.dll+0x21b51b]
V  [jvm.dll+0x1a4fdd]
V  [jvm.dll+0x22b098]
V  [jvm.dll+0x229159]
V  [jvm.dll+0x7f809c]
V  [jvm.dll+0x7f25fa]
V  [jvm.dll+0x682985]
C  [ucrtbase.dll+0x21bb2]
C  [KERNEL32.DLL+0x17614]
C  [ntdll.dll+0x526b1]


---------------  P R O C E S S  ---------------

Threads class SMR info:
_java_thread_list=0x000002b9bfc96da0, length=79, elements={
0x000002b9a0d8ca70, 0x000002b9baf7e730, 0x000002b9baf7f4b0, 0x000002b9baf9a9f0,
0x000002b9baf9c4c0, 0x000002b9baf9cd80, 0x000002b9baf9d640, 0x000002b9bb940360,
0x000002b9bb940c60, 0x000002b9bafed7f0, 0x000002b9bba87400, 0x000002b9bba878d0,
0x000002b9bcbe04d0, 0x000002b9bce93c10, 0x000002b9bce945b0, 0x000002b9be2ae530,
0x000002b9be2b1080, 0x000002b9be2b1a20, 0x000002b9be2afd40, 0x000002b9be2ad1f0,
0x000002b9be2ae060, 0x000002b9be2af3a0, 0x000002b9be2b23c0, 0x000002b9be2b2890,
0x000002b9be2acd20, 0x000002b9be2ad6c0, 0x000002b9bce93740, 0x000002b9bce94f50,
0x000002b9bce940e0, 0x000002b9bce94a80, 0x000002b9be2b2d60, 0x000002b9be2b3230,
0x000002b9be2b40a0, 0x000002b9be2adb90, 0x000002b9be2aea00, 0x000002b9be2af870,
0x000002b9be2b0210, 0x000002b9be2b06e0, 0x000002b9be2b0bb0, 0x000002b9be22d2e0,
0x000002b9be22e620, 0x000002b9be2307d0, 0x000002b9be22e150, 0x000002b9be22d7b0,
0x000002b9be230300, 0x000002b9be22fe30, 0x000002b9be2337f0, 0x000002b9be230ca0,
0x000002b9be233cc0, 0x000002b9be231170, 0x000002b9be233320, 0x000002b9be234190,
0x000002b9be2324b0, 0x000002b9be231b10, 0x000002b9be232e50, 0x000002b9be231fe0,
0x000002b9be232980, 0x000002b9be22f960, 0x000002b9be22c940, 0x000002b9be22ce10,
0x000002b9be22eaf0, 0x000002b9be22dc80, 0x000002b9be22efc0, 0x000002b9be22f490,
0x000002b9bfcd7590, 0x000002b9bfcd6720, 0x000002b9bfcdaf50, 0x000002b9bfcd6bf0,
0x000002b9bfcd7f30, 0x000002b9bfcd6250, 0x000002b9bfcd70c0, 0x000002b9bfcd9c10,
0x000002b9bfcd7a60, 0x000002b9bfcd9270, 0x000002b9bfcd8da0, 0x000002b9bfcd8400,
0x000002b9bfcda0e0, 0x000002b9bfcdaa80, 0x000002b9bfcd88d0
}

Java Threads: ( => current thread )
  0x000002b9a0d8ca70 JavaThread "main" [_thread_blocked, id=5268, stack(0x000000d321e00000,0x000000d321f00000)]
  0x000002b9baf7e730 JavaThread "Reference Handler" daemon [_thread_blocked, id=2096, stack(0x000000d322600000,0x000000d322700000)]
  0x000002b9baf7f4b0 JavaThread "Finalizer" daemon [_thread_blocked, id=11760, stack(0x000000d322700000,0x000000d322800000)]
  0x000002b9baf9a9f0 JavaThread "Signal Dispatcher" daemon [_thread_blocked, id=9336, stack(0x000000d322800000,0x000000d322900000)]
  0x000002b9baf9c4c0 JavaThread "Attach Listener" daemon [_thread_blocked, id=7280, stack(0x000000d322900000,0x000000d322a00000)]
  0x000002b9baf9cd80 JavaThread "Service Thread" daemon [_thread_blocked, id=16496, stack(0x000000d322a00000,0x000000d322b00000)]
  0x000002b9baf9d640 JavaThread "Monitor Deflation Thread" daemon [_thread_blocked, id=14440, stack(0x000000d322b00000,0x000000d322c00000)]
=>0x000002b9bb940360 JavaThread "C2 CompilerThread0" daemon [_thread_in_native, id=7884, stack(0x000000d322c00000,0x000000d322d00000)]
  0x000002b9bb940c60 JavaThread "C1 CompilerThread0" daemon [_thread_blocked, id=5264, stack(0x000000d322d00000,0x000000d322e00000)]
  0x000002b9bafed7f0 JavaThread "Sweeper thread" daemon [_thread_blocked, id=7984, stack(0x000000d322e00000,0x000000d322f00000)]
  0x000002b9bba87400 JavaThread "Common-Cleaner" daemon [_thread_blocked, id=9048, stack(0x000000d322f00000,0x000000d323000000)]
  0x000002b9bba878d0 JavaThread "Notification Thread" daemon [_thread_blocked, id=9460, stack(0x000000d323000000,0x000000d323100000)]
  0x000002b9bcbe04d0 JavaThread "Daemon health stats" [_thread_blocked, id=15164, stack(0x000000d323200000,0x000000d323300000)]
  0x000002b9bce93c10 JavaThread "Incoming local TCP Connector on port 23327" [_thread_in_native, id=11548, stack(0x000000d323600000,0x000000d323700000)]
  0x000002b9bce945b0 JavaThread "Daemon periodic checks" [_thread_blocked, id=15004, stack(0x000000d323700000,0x000000d323800000)]
  0x000002b9be2ae530 JavaThread "Cache worker for journal cache (C:\Users\Manas Gupta\.gradle\caches\journal-1)" [_thread_blocked, id=14208, stack(0x000000d323f00000,0x000000d324000000)]
  0x000002b9be2b1080 JavaThread "File lock request listener" [_thread_in_native, id=10440, stack(0x000000d324000000,0x000000d324100000)]
  0x000002b9be2b1a20 JavaThread "Cache worker for file hash cache (C:\Users\Manas Gupta\.gradle\caches\7.6.1\fileHashes)" [_thread_blocked, id=14520, stack(0x000000d324100000,0x000000d324200000)]
  0x000002b9be2afd40 JavaThread "File watcher server" daemon [_thread_in_native, id=14456, stack(0x000000d324200000,0x000000d324300000)]
  0x000002b9be2ad1f0 JavaThread "File watcher consumer" daemon [_thread_blocked, id=5556, stack(0x000000d324300000,0x000000d324400000)]
  0x000002b9be2ae060 JavaThread "Cache worker for file content cache (C:\Users\Manas Gupta\.gradle\caches\7.6.1\fileContent)" [_thread_blocked, id=8048, stack(0x000000d324600000,0x000000d324700000)]
  0x000002b9be2af3a0 JavaThread "Cache worker for execution history cache (C:\Users\Manas Gupta\.gradle\caches\7.6.1\executionHistory)" [_thread_blocked, id=14368, stack(0x000000d324900000,0x000000d324a00000)]
  0x000002b9be2b23c0 JavaThread "jar transforms" [_thread_in_native, id=5472, stack(0x000000d324a00000,0x000000d324b00000)]
  0x000002b9be2b2890 JavaThread "jar transforms Thread 2" [_thread_in_Java, id=17328, stack(0x000000d324c00000,0x000000d324d00000)]
  0x000002b9be2acd20 JavaThread "jar transforms Thread 3" [_thread_in_native, id=14092, stack(0x000000d324b00000,0x000000d324c00000)]
  0x000002b9be2ad6c0 JavaThread "jar transforms Thread 4" [_thread_in_Java, id=10912, stack(0x000000d324d00000,0x000000d324e00000)]
  0x000002b9bce93740 JavaThread "Daemon Thread 3" [_thread_blocked, id=8108, stack(0x000000d321d00000,0x000000d321e00000)]
  0x000002b9bce94f50 JavaThread "Handler for socket connection from /127.0.0.1:23327 to /127.0.0.1:24983" [_thread_in_native, id=9016, stack(0x000000d321f00000,0x000000d322000000)]
  0x000002b9bce940e0 JavaThread "Cancel handler" [_thread_blocked, id=16848, stack(0x000000d323800000,0x000000d323900000)]
  0x000002b9bce94a80 JavaThread "Daemon worker Thread 3" [_thread_blocked, id=9368, stack(0x000000d323900000,0x000000d323a00000)]
  0x000002b9be2b2d60 JavaThread "Asynchronous log dispatcher for DefaultDaemonConnection: socket connection from /127.0.0.1:23327 to /127.0.0.1:24983" [_thread_blocked, id=16140, stack(0x000000d323a00000,0x000000d323b00000)]
  0x000002b9be2b3230 JavaThread "Stdin handler" [_thread_blocked, id=17064, stack(0x000000d323b00000,0x000000d323c00000)]
  0x000002b9be2b40a0 JavaThread "Daemon client event forwarder" [_thread_blocked, id=6332, stack(0x000000d323c00000,0x000000d323d00000)]
  0x000002b9be2adb90 JavaThread "Cache worker for checksums cache (F:\Flutter\Projects\Todo-App-using-Flutter-Django\frontend\android\.gradle\7.6.1\checksums)" [_thread_blocked, id=15720, stack(0x000000d323d00000,0x000000d323e00000)]
  0x000002b9be2aea00 JavaThread "Cache worker for cache directory md-rule (C:\Users\Manas Gupta\.gradle\caches\7.6.1\md-rule)" [_thread_blocked, id=4620, stack(0x000000d323e00000,0x000000d323f00000)]
  0x000002b9be2af870 JavaThread "Cache worker for file hash cache (F:\Flutter\Projects\Todo-App-using-Flutter-Django\frontend\android\.gradle\7.6.1\fileHashes)" [_thread_blocked, id=9276, stack(0x000000d324400000,0x000000d324500000)]
  0x000002b9be2b0210 JavaThread "Cache worker for cache directory md-supplier (C:\Users\Manas Gupta\.gradle\caches\7.6.1\md-supplier)" [_thread_blocked, id=13492, stack(0x000000d324500000,0x000000d324600000)]
  0x000002b9be2b06e0 JavaThread "Cache worker for dependencies-accessors (F:\Flutter\Projects\Todo-App-using-Flutter-Django\frontend\android\.gradle\7.6.1\dependencies-accessors)" [_thread_blocked, id=2968, stack(0x000000d324700000,0x000000d324800000)]
  0x000002b9be2b0bb0 JavaThread "Cache worker for Build Output Cleanup Cache (F:\Flutter\Projects\Todo-App-using-Flutter-Django\frontend\android\.gradle\buildOutputCleanup)" [_thread_blocked, id=8064, stack(0x000000d324800000,0x000000d324900000)]
  0x000002b9be22d2e0 JavaThread "Unconstrained build operations" [_thread_blocked, id=7960, stack(0x000000d324f00000,0x000000d325000000)]
  0x000002b9be22e620 JavaThread "Unconstrained build operations Thread 2" [_thread_blocked, id=11228, stack(0x000000d325000000,0x000000d325100000)]
  0x000002b9be2307d0 JavaThread "Unconstrained build operations Thread 3" [_thread_blocked, id=16160, stack(0x000000d325100000,0x000000d325200000)]
  0x000002b9be22e150 JavaThread "Unconstrained build operations Thread 4" [_thread_blocked, id=15592, stack(0x000000d325200000,0x000000d325300000)]
  0x000002b9be22d7b0 JavaThread "Unconstrained build operations Thread 5" [_thread_blocked, id=14560, stack(0x000000d325300000,0x000000d325400000)]
  0x000002b9be230300 JavaThread "Unconstrained build operations Thread 6" [_thread_blocked, id=17208, stack(0x000000d325400000,0x000000d325500000)]
  0x000002b9be22fe30 JavaThread "Unconstrained build operations Thread 7" [_thread_blocked, id=10248, stack(0x000000d325500000,0x000000d325600000)]
  0x000002b9be2337f0 JavaThread "Unconstrained build operations Thread 8" [_thread_blocked, id=12496, stack(0x000000d325600000,0x000000d325700000)]
  0x000002b9be230ca0 JavaThread "Unconstrained build operations Thread 9" [_thread_blocked, id=11560, stack(0x000000d325700000,0x000000d325800000)]
  0x000002b9be233cc0 JavaThread "Unconstrained build operations Thread 10" [_thread_blocked, id=12740, stack(0x000000d325800000,0x000000d325900000)]
  0x000002b9be231170 JavaThread "Unconstrained build operations Thread 11" [_thread_blocked, id=16916, stack(0x000000d325900000,0x000000d325a00000)]
  0x000002b9be233320 JavaThread "Unconstrained build operations Thread 12" [_thread_blocked, id=12656, stack(0x000000d325a00000,0x000000d325b00000)]
  0x000002b9be234190 JavaThread "Unconstrained build operations Thread 13" [_thread_blocked, id=1468, stack(0x000000d325b00000,0x000000d325c00000)]
  0x000002b9be2324b0 JavaThread "Unconstrained build operations Thread 14" [_thread_blocked, id=8652, stack(0x000000d325c00000,0x000000d325d00000)]
  0x000002b9be231b10 JavaThread "Unconstrained build operations Thread 15" [_thread_blocked, id=14588, stack(0x000000d325d00000,0x000000d325e00000)]
  0x000002b9be232e50 JavaThread "Unconstrained build operations Thread 16" [_thread_blocked, id=12152, stack(0x000000d325e00000,0x000000d325f00000)]
  0x000002b9be231fe0 JavaThread "Unconstrained build operations Thread 17" [_thread_blocked, id=416, stack(0x000000d325f00000,0x000000d326000000)]
  0x000002b9be232980 JavaThread "Unconstrained build operations Thread 18" [_thread_blocked, id=15212, stack(0x000000d326000000,0x000000d326100000)]
  0x000002b9be22f960 JavaThread "Unconstrained build operations Thread 19" [_thread_blocked, id=14992, stack(0x000000d326100000,0x000000d326200000)]
  0x000002b9be22c940 JavaThread "Unconstrained build operations Thread 20" [_thread_blocked, id=4420, stack(0x000000d326200000,0x000000d326300000)]
  0x000002b9be22ce10 JavaThread "Unconstrained build operations Thread 21" [_thread_blocked, id=7436, stack(0x000000d326300000,0x000000d326400000)]
  0x000002b9be22eaf0 JavaThread "Unconstrained build operations Thread 22" [_thread_blocked, id=1372, stack(0x000000d326400000,0x000000d326500000)]
  0x000002b9be22dc80 JavaThread "Unconstrained build operations Thread 23" [_thread_blocked, id=15724, stack(0x000000d326500000,0x000000d326600000)]
  0x000002b9be22efc0 JavaThread "Unconstrained build operations Thread 24" [_thread_blocked, id=4980, stack(0x000000d326600000,0x000000d326700000)]
  0x000002b9be22f490 JavaThread "Unconstrained build operations Thread 25" [_thread_blocked, id=13692, stack(0x000000d326700000,0x000000d326800000)]
  0x000002b9bfcd7590 JavaThread "Unconstrained build operations Thread 26" [_thread_blocked, id=8964, stack(0x000000d326800000,0x000000d326900000)]
  0x000002b9bfcd6720 JavaThread "Unconstrained build operations Thread 27" [_thread_blocked, id=12788, stack(0x000000d326900000,0x000000d326a00000)]
  0x000002b9bfcdaf50 JavaThread "Unconstrained build operations Thread 28" [_thread_blocked, id=1600, stack(0x000000d326a00000,0x000000d326b00000)]
  0x000002b9bfcd6bf0 JavaThread "Unconstrained build operations Thread 29" [_thread_blocked, id=6952, stack(0x000000d326b00000,0x000000d326c00000)]
  0x000002b9bfcd7f30 JavaThread "Unconstrained build operations Thread 30" [_thread_blocked, id=11696, stack(0x000000d326c00000,0x000000d326d00000)]
  0x000002b9bfcd6250 JavaThread "Unconstrained build operations Thread 31" [_thread_blocked, id=9488, stack(0x000000d326d00000,0x000000d326e00000)]
  0x000002b9bfcd70c0 JavaThread "Unconstrained build operations Thread 32" [_thread_blocked, id=11340, stack(0x000000d326e00000,0x000000d326f00000)]
  0x000002b9bfcd9c10 JavaThread "Unconstrained build operations Thread 33" [_thread_blocked, id=7632, stack(0x000000d326f00000,0x000000d327000000)]
  0x000002b9bfcd7a60 JavaThread "Unconstrained build operations Thread 34" [_thread_blocked, id=13156, stack(0x000000d327000000,0x000000d327100000)]
  0x000002b9bfcd9270 JavaThread "Unconstrained build operations Thread 35" [_thread_blocked, id=5204, stack(0x000000d327100000,0x000000d327200000)]
  0x000002b9bfcd8da0 JavaThread "Unconstrained build operations Thread 36" [_thread_blocked, id=14968, stack(0x000000d327200000,0x000000d327300000)]
  0x000002b9bfcd8400 JavaThread "Unconstrained build operations Thread 37" [_thread_blocked, id=12216, stack(0x000000d327300000,0x000000d327400000)]
  0x000002b9bfcda0e0 JavaThread "Unconstrained build operations Thread 38" [_thread_blocked, id=10736, stack(0x000000d327400000,0x000000d327500000)]
  0x000002b9bfcdaa80 JavaThread "Unconstrained build operations Thread 39" [_thread_blocked, id=4876, stack(0x000000d327500000,0x000000d327600000)]
  0x000002b9bfcd88d0 JavaThread "Unconstrained build operations Thread 40" [_thread_blocked, id=15428, stack(0x000000d327600000,0x000000d327700000)]

Other Threads:
  0x000002b9bafb2020 VMThread "VM Thread" [stack: 0x000000d322500000,0x000000d322600000] [id=5720]
  0x000002b9bba9e3a0 WatcherThread [stack: 0x000000d323100000,0x000000d323200000] [id=11404]
  0x000002b9a0dd9d50 GCTaskThread "GC Thread#0" [stack: 0x000000d322000000,0x000000d322100000] [id=2228]
  0x000002b9bc20a1f0 GCTaskThread "GC Thread#1" [stack: 0x000000d323300000,0x000000d323400000] [id=13536]
  0x000002b9bbfd0570 GCTaskThread "GC Thread#2" [stack: 0x000000d323400000,0x000000d323500000] [id=14388]
  0x000002b9bc951b10 GCTaskThread "GC Thread#3" [stack: 0x000000d323500000,0x000000d323600000] [id=16212]
  0x000002b9a0de6ba0 ConcurrentGCThread "G1 Main Marker" [stack: 0x000000d322100000,0x000000d322200000] [id=11832]
  0x000002b9a0de84d0 ConcurrentGCThread "G1 Conc#0" [stack: 0x000000d322200000,0x000000d322300000] [id=16644]
  0x000002b9a0e50480 ConcurrentGCThread "G1 Refine#0" [stack: 0x000000d322300000,0x000000d322400000] [id=15744]
  0x000002b9bae00090 ConcurrentGCThread "G1 Service" [stack: 0x000000d322400000,0x000000d322500000] [id=8380]

Threads with active compile tasks:
C2 CompilerThread0  1696168 8942       4       org.objectweb.asm.ClassReader::readCode (5109 bytes)

VM state: not at safepoint (normal execution)

VM Mutex/Monitor currently owned by a thread: None

Heap address: 0x00000000a0000000, size: 1536 MB, Compressed Oops mode: 32-bit

CDS archive(s) not mapped
Compressed class space mapped at: 0x0000000100000000-0x0000000140000000, reserved size: 1073741824
Narrow klass base: 0x0000000000000000, Narrow klass shift: 3, Narrow klass range: 0x140000000

GC Precious Log:
 CPUs: 4 total, 4 available
 Memory: 8057M
 Large Page Support: Disabled
 NUMA Support: Disabled
 Compressed Oops: Enabled (32-bit)
 Heap Region Size: 1M
 Heap Min Capacity: 8M
 Heap Initial Capacity: 126M
 Heap Max Capacity: 1536M
 Pre-touch: Disabled
 Parallel Workers: 4
 Concurrent Workers: 1
 Concurrent Refinement Workers: 4
 Periodic GC: Disabled

Heap:
 garbage-first heap   total 288768K, used 92520K [0x00000000a0000000, 0x0000000100000000)
  region size 1024K, 50 young (51200K), 3 survivors (3072K)
 Metaspace       used 64822K, committed 65344K, reserved 1105920K
  class space    used 8438K, committed 8640K, reserved 1048576K

Heap Regions: E=young(eden), S=young(survivor), O=old, HS=humongous(starts), HC=humongous(continues), CS=collection set, F=free, OA=open archive, CA=closed archive, TAMS=top-at-mark-start (previous, next)
|   0|0x00000000a0000000, 0x00000000a0100000, 0x00000000a0100000|100%| O|  |TAMS 0x00000000a0100000, 0x00000000a0000000| Untracked 
|   1|0x00000000a0100000, 0x00000000a0200000, 0x00000000a0200000|100%| O|  |TAMS 0x00000000a0200000, 0x00000000a0100000| Untracked 
|   2|0x00000000a0200000, 0x00000000a0300000, 0x00000000a0300000|100%|HS|  |TAMS 0x00000000a0300000, 0x00000000a0200000| Complete 
|   3|0x00000000a0300000, 0x00000000a0400000, 0x00000000a0400000|100%|HC|  |TAMS 0x00000000a0400000, 0x00000000a0300000| Complete 
|   4|0x00000000a0400000, 0x00000000a0500000, 0x00000000a0500000|100%|HC|  |TAMS 0x00000000a0500000, 0x00000000a0400000| Complete 
|   5|0x00000000a0500000, 0x00000000a0600000, 0x00000000a0600000|100%| O|  |TAMS 0x00000000a0600000, 0x00000000a0500000| Untracked 
|   6|0x00000000a0600000, 0x00000000a0700000, 0x00000000a0700000|100%| O|  |TAMS 0x00000000a0700000, 0x00000000a0600000| Untracked 
|   7|0x00000000a0700000, 0x00000000a0800000, 0x00000000a0800000|100%| O|  |TAMS 0x00000000a0800000, 0x00000000a0700000| Untracked 
|   8|0x00000000a0800000, 0x00000000a0900000, 0x00000000a0900000|100%| O|  |TAMS 0x00000000a0900000, 0x00000000a0800000| Untracked 
|   9|0x00000000a0900000, 0x00000000a0a00000, 0x00000000a0a00000|100%| O|  |TAMS 0x00000000a0a00000, 0x00000000a0900000| Untracked 
|  10|0x00000000a0a00000, 0x00000000a0b00000, 0x00000000a0b00000|100%| O|  |TAMS 0x00000000a0b00000, 0x00000000a0a00000| Untracked 
|  11|0x00000000a0b00000, 0x00000000a0c00000, 0x00000000a0c00000|100%| O|  |TAMS 0x00000000a0c00000, 0x00000000a0b00000| Untracked 
|  12|0x00000000a0c00000, 0x00000000a0d00000, 0x00000000a0d00000|100%| O|  |TAMS 0x00000000a0d00000, 0x00000000a0c00000| Untracked 
|  13|0x00000000a0d00000, 0x00000000a0e00000, 0x00000000a0e00000|100%| O|  |TAMS 0x00000000a0e00000, 0x00000000a0d00000| Untracked 
|  14|0x00000000a0e00000, 0x00000000a0f00000, 0x00000000a0f00000|100%| O|  |TAMS 0x00000000a0f00000, 0x00000000a0e00000| Untracked 
|  15|0x00000000a0f00000, 0x00000000a1000000, 0x00000000a1000000|100%| O|  |TAMS 0x00000000a1000000, 0x00000000a0f00000| Untracked 
|  16|0x00000000a1000000, 0x00000000a1100000, 0x00000000a1100000|100%| O|  |TAMS 0x00000000a1100000, 0x00000000a1000000| Untracked 
|  17|0x00000000a1100000, 0x00000000a1200000, 0x00000000a1200000|100%| O|  |TAMS 0x00000000a1200000, 0x00000000a1100000| Untracked 
|  18|0x00000000a1200000, 0x00000000a1300000, 0x00000000a1300000|100%| O|  |TAMS 0x00000000a1300000, 0x00000000a1200000| Untracked 
|  19|0x00000000a1300000, 0x00000000a1400000, 0x00000000a1400000|100%| O|  |TAMS 0x00000000a1400000, 0x00000000a1300000| Untracked 
|  20|0x00000000a1400000, 0x00000000a1500000, 0x00000000a1500000|100%| O|  |TAMS 0x00000000a1500000, 0x00000000a1400000| Untracked 
|  21|0x00000000a1500000, 0x00000000a1600000, 0x00000000a1600000|100%| O|  |TAMS 0x00000000a1600000, 0x00000000a1500000| Untracked 
|  22|0x00000000a1600000, 0x00000000a1700000, 0x00000000a1700000|100%| O|  |TAMS 0x00000000a1700000, 0x00000000a1600000| Untracked 
|  23|0x00000000a1700000, 0x00000000a1800000, 0x00000000a1800000|100%| O|  |TAMS 0x00000000a1800000, 0x00000000a1700000| Untracked 
|  24|0x00000000a1800000, 0x00000000a1900000, 0x00000000a1900000|100%| O|  |TAMS 0x00000000a1900000, 0x00000000a1800000| Untracked 
|  25|0x00000000a1900000, 0x00000000a1a00000, 0x00000000a1a00000|100%| O|  |TAMS 0x00000000a1a00000, 0x00000000a1900000| Untracked 
|  26|0x00000000a1a00000, 0x00000000a1b00000, 0x00000000a1b00000|100%| O|  |TAMS 0x00000000a1b00000, 0x00000000a1a00000| Untracked 
|  27|0x00000000a1b00000, 0x00000000a1c00000, 0x00000000a1c00000|100%| O|  |TAMS 0x00000000a1c00000, 0x00000000a1b00000| Untracked 
|  28|0x00000000a1c00000, 0x00000000a1d00000, 0x00000000a1d00000|100%| O|  |TAMS 0x00000000a1d00000, 0x00000000a1c00000| Untracked 
|  29|0x00000000a1d00000, 0x00000000a1d00000, 0x00000000a1e00000|  0%| F|  |TAMS 0x00000000a1d00000, 0x00000000a1d00000| Untracked 
|  30|0x00000000a1e00000, 0x00000000a1f00000, 0x00000000a1f00000|100%| O|  |TAMS 0x00000000a1f00000, 0x00000000a1e00000| Untracked 
|  31|0x00000000a1f00000, 0x00000000a2000000, 0x00000000a2000000|100%| O|  |TAMS 0x00000000a2000000, 0x00000000a1f00000| Untracked 
|  32|0x00000000a2000000, 0x00000000a2100000, 0x00000000a2100000|100%| O|  |TAMS 0x00000000a2100000, 0x00000000a2000000| Untracked 
|  33|0x00000000a2100000, 0x00000000a2200000, 0x00000000a2200000|100%| O|  |TAMS 0x00000000a2100000, 0x00000000a2100000| Untracked 
|  34|0x00000000a2200000, 0x00000000a2300000, 0x00000000a2300000|100%| O|  |TAMS 0x00000000a2300000, 0x00000000a2200000| Untracked 
|  35|0x00000000a2300000, 0x00000000a2400000, 0x00000000a2400000|100%| O|  |TAMS 0x00000000a2400000, 0x00000000a2300000| Untracked 
|  36|0x00000000a2400000, 0x00000000a2400000, 0x00000000a2500000|  0%| F|  |TAMS 0x00000000a2400000, 0x00000000a2400000| Untracked 
|  37|0x00000000a2500000, 0x00000000a2500000, 0x00000000a2600000|  0%| F|  |TAMS 0x00000000a2500000, 0x00000000a2500000| Untracked 
|  38|0x00000000a2600000, 0x00000000a2700000, 0x00000000a2700000|100%| O|  |TAMS 0x00000000a2700000, 0x00000000a2600000| Untracked 
|  39|0x00000000a2700000, 0x00000000a2800000, 0x00000000a2800000|100%| O|  |TAMS 0x00000000a2800000, 0x00000000a2700000| Untracked 
|  40|0x00000000a2800000, 0x00000000a2900000, 0x00000000a2900000|100%| O|  |TAMS 0x00000000a2900000, 0x00000000a2800000| Untracked 
|  41|0x00000000a2900000, 0x00000000a2900000, 0x00000000a2a00000|  0%| F|  |TAMS 0x00000000a2900000, 0x00000000a2900000| Untracked 
|  42|0x00000000a2a00000, 0x00000000a2b00000, 0x00000000a2b00000|100%| O|  |TAMS 0x00000000a2b00000, 0x00000000a2a00000| Untracked 
|  43|0x00000000a2b00000, 0x00000000a2c00000, 0x00000000a2c00000|100%| O|  |TAMS 0x00000000a2b3a000, 0x00000000a2b00000| Untracked 
|  44|0x00000000a2c00000, 0x00000000a2d00000, 0x00000000a2d00000|100%| O|  |TAMS 0x00000000a2c00000, 0x00000000a2c00000| Untracked 
|  45|0x00000000a2d00000, 0x00000000a2d7c200, 0x00000000a2e00000| 48%| O|  |TAMS 0x00000000a2d00000, 0x00000000a2d00000| Untracked 
|  46|0x00000000a2e00000, 0x00000000a2e00000, 0x00000000a2f00000|  0%| F|  |TAMS 0x00000000a2e00000, 0x00000000a2e00000| Untracked 
|  47|0x00000000a2f00000, 0x00000000a2f00000, 0x00000000a3000000|  0%| F|  |TAMS 0x00000000a2f00000, 0x00000000a2f00000| Untracked 
|  48|0x00000000a3000000, 0x00000000a3000000, 0x00000000a3100000|  0%| F|  |TAMS 0x00000000a3000000, 0x00000000a3000000| Untracked 
|  49|0x00000000a3100000, 0x00000000a3100000, 0x00000000a3200000|  0%| F|  |TAMS 0x00000000a3100000, 0x00000000a3100000| Untracked 
|  50|0x00000000a3200000, 0x00000000a3200000, 0x00000000a3300000|  0%| F|  |TAMS 0x00000000a3200000, 0x00000000a3200000| Untracked 
|  51|0x00000000a3300000, 0x00000000a3300000, 0x00000000a3400000|  0%| F|  |TAMS 0x00000000a3300000, 0x00000000a3300000| Untracked 
|  52|0x00000000a3400000, 0x00000000a3400000, 0x00000000a3500000|  0%| F|  |TAMS 0x00000000a3400000, 0x00000000a3400000| Untracked 
|  53|0x00000000a3500000, 0x00000000a3500000, 0x00000000a3600000|  0%| F|  |TAMS 0x00000000a3500000, 0x00000000a3500000| Untracked 
|  54|0x00000000a3600000, 0x00000000a3600000, 0x00000000a3700000|  0%| F|  |TAMS 0x00000000a3600000, 0x00000000a3600000| Untracked 
|  55|0x00000000a3700000, 0x00000000a3700000, 0x00000000a3800000|  0%| F|  |TAMS 0x00000000a3700000, 0x00000000a3700000| Untracked 
|  56|0x00000000a3800000, 0x00000000a3800000, 0x00000000a3900000|  0%| F|  |TAMS 0x00000000a3800000, 0x00000000a3800000| Untracked 
|  57|0x00000000a3900000, 0x00000000a3900000, 0x00000000a3a00000|  0%| F|  |TAMS 0x00000000a3900000, 0x00000000a3900000| Untracked 
|  58|0x00000000a3a00000, 0x00000000a3a00000, 0x00000000a3b00000|  0%| F|  |TAMS 0x00000000a3a00000, 0x00000000a3a00000| Untracked 
|  59|0x00000000a3b00000, 0x00000000a3b00000, 0x00000000a3c00000|  0%| F|  |TAMS 0x00000000a3b00000, 0x00000000a3b00000| Untracked 
|  60|0x00000000a3c00000, 0x00000000a3c00000, 0x00000000a3d00000|  0%| F|  |TAMS 0x00000000a3c00000, 0x00000000a3c00000| Untracked 
|  61|0x00000000a3d00000, 0x00000000a3d00000, 0x00000000a3e00000|  0%| F|  |TAMS 0x00000000a3d00000, 0x00000000a3d00000| Untracked 
|  62|0x00000000a3e00000, 0x00000000a3e00000, 0x00000000a3f00000|  0%| F|  |TAMS 0x00000000a3e00000, 0x00000000a3e00000| Untracked 
|  63|0x00000000a3f00000, 0x00000000a3f00000, 0x00000000a4000000|  0%| F|  |TAMS 0x00000000a3f00000, 0x00000000a3f00000| Untracked 
|  64|0x00000000a4000000, 0x00000000a4000000, 0x00000000a4100000|  0%| F|  |TAMS 0x00000000a4000000, 0x00000000a4000000| Untracked 
|  65|0x00000000a4100000, 0x00000000a4100000, 0x00000000a4200000|  0%| F|  |TAMS 0x00000000a4100000, 0x00000000a4100000| Untracked 
|  66|0x00000000a4200000, 0x00000000a4200000, 0x00000000a4300000|  0%| F|  |TAMS 0x00000000a4200000, 0x00000000a4200000| Untracked 
|  67|0x00000000a4300000, 0x00000000a4300000, 0x00000000a4400000|  0%| F|  |TAMS 0x00000000a4300000, 0x00000000a4300000| Untracked 
|  68|0x00000000a4400000, 0x00000000a4400000, 0x00000000a4500000|  0%| F|  |TAMS 0x00000000a4400000, 0x00000000a4400000| Untracked 
|  69|0x00000000a4500000, 0x00000000a4500000, 0x00000000a4600000|  0%| F|  |TAMS 0x00000000a4500000, 0x00000000a4500000| Untracked 
|  70|0x00000000a4600000, 0x00000000a4600000, 0x00000000a4700000|  0%| F|  |TAMS 0x00000000a4600000, 0x00000000a4600000| Untracked 
|  71|0x00000000a4700000, 0x00000000a4700000, 0x00000000a4800000|  0%| F|  |TAMS 0x00000000a4700000, 0x00000000a4700000| Untracked 
|  72|0x00000000a4800000, 0x00000000a4800000, 0x00000000a4900000|  0%| F|  |TAMS 0x00000000a4800000, 0x00000000a4800000| Untracked 
|  73|0x00000000a4900000, 0x00000000a4900000, 0x00000000a4a00000|  0%| F|  |TAMS 0x00000000a4900000, 0x00000000a4900000| Untracked 
|  74|0x00000000a4a00000, 0x00000000a4a00000, 0x00000000a4b00000|  0%| F|  |TAMS 0x00000000a4a00000, 0x00000000a4a00000| Untracked 
|  75|0x00000000a4b00000, 0x00000000a4b00000, 0x00000000a4c00000|  0%| F|  |TAMS 0x00000000a4b00000, 0x00000000a4b00000| Untracked 
|  76|0x00000000a4c00000, 0x00000000a4c00000, 0x00000000a4d00000|  0%| F|  |TAMS 0x00000000a4c00000, 0x00000000a4c00000| Untracked 
|  77|0x00000000a4d00000, 0x00000000a4d00000, 0x00000000a4e00000|  0%| F|  |TAMS 0x00000000a4d00000, 0x00000000a4d00000| Untracked 
|  78|0x00000000a4e00000, 0x00000000a4e00000, 0x00000000a4f00000|  0%| F|  |TAMS 0x00000000a4e00000, 0x00000000a4e00000| Untracked 
|  79|0x00000000a4f00000, 0x00000000a4f00000, 0x00000000a5000000|  0%| F|  |TAMS 0x00000000a4f00000, 0x00000000a4f00000| Untracked 
|  80|0x00000000a5000000, 0x00000000a5000000, 0x00000000a5100000|  0%| F|  |TAMS 0x00000000a5000000, 0x00000000a5000000| Untracked 
|  81|0x00000000a5100000, 0x00000000a5100000, 0x00000000a5200000|  0%| F|  |TAMS 0x00000000a5100000, 0x00000000a5100000| Untracked 
|  82|0x00000000a5200000, 0x00000000a5200000, 0x00000000a5300000|  0%| F|  |TAMS 0x00000000a5200000, 0x00000000a5200000| Untracked 
|  83|0x00000000a5300000, 0x00000000a5300000, 0x00000000a5400000|  0%| F|  |TAMS 0x00000000a5300000, 0x00000000a5300000| Untracked 
|  84|0x00000000a5400000, 0x00000000a5400000, 0x00000000a5500000|  0%| F|  |TAMS 0x00000000a5400000, 0x00000000a5400000| Untracked 
|  85|0x00000000a5500000, 0x00000000a5500000, 0x00000000a5600000|  0%| F|  |TAMS 0x00000000a5500000, 0x00000000a5500000| Untracked 
|  86|0x00000000a5600000, 0x00000000a5600000, 0x00000000a5700000|  0%| F|  |TAMS 0x00000000a5600000, 0x00000000a5600000| Untracked 
|  87|0x00000000a5700000, 0x00000000a5700000, 0x00000000a5800000|  0%| F|  |TAMS 0x00000000a5700000, 0x00000000a5700000| Untracked 
|  88|0x00000000a5800000, 0x00000000a5800000, 0x00000000a5900000|  0%| F|  |TAMS 0x00000000a5800000, 0x00000000a5800000| Untracked 
|  89|0x00000000a5900000, 0x00000000a5900000, 0x00000000a5a00000|  0%| F|  |TAMS 0x00000000a5900000, 0x00000000a5900000| Untracked 
|  90|0x00000000a5a00000, 0x00000000a5a00000, 0x00000000a5b00000|  0%| F|  |TAMS 0x00000000a5a00000, 0x00000000a5a00000| Untracked 
|  91|0x00000000a5b00000, 0x00000000a5b00000, 0x00000000a5c00000|  0%| F|  |TAMS 0x00000000a5b00000, 0x00000000a5b00000| Untracked 
|  92|0x00000000a5c00000, 0x00000000a5c00000, 0x00000000a5d00000|  0%| F|  |TAMS 0x00000000a5c00000, 0x00000000a5c00000| Untracked 
|  93|0x00000000a5d00000, 0x00000000a5d00000, 0x00000000a5e00000|  0%| F|  |TAMS 0x00000000a5d00000, 0x00000000a5d00000| Untracked 
|  94|0x00000000a5e00000, 0x00000000a5e00000, 0x00000000a5f00000|  0%| F|  |TAMS 0x00000000a5e00000, 0x00000000a5e00000| Untracked 
|  95|0x00000000a5f00000, 0x00000000a5f00000, 0x00000000a6000000|  0%| F|  |TAMS 0x00000000a5f00000, 0x00000000a5f00000| Untracked 
|  96|0x00000000a6000000, 0x00000000a6000000, 0x00000000a6100000|  0%| F|  |TAMS 0x00000000a6000000, 0x00000000a6000000| Untracked 
|  97|0x00000000a6100000, 0x00000000a6100000, 0x00000000a6200000|  0%| F|  |TAMS 0x00000000a6100000, 0x00000000a6100000| Untracked 
|  98|0x00000000a6200000, 0x00000000a6200000, 0x00000000a6300000|  0%| F|  |TAMS 0x00000000a6200000, 0x00000000a6200000| Untracked 
|  99|0x00000000a6300000, 0x00000000a6300000, 0x00000000a6400000|  0%| F|  |TAMS 0x00000000a6300000, 0x00000000a6300000| Untracked 
| 100|0x00000000a6400000, 0x00000000a6400000, 0x00000000a6500000|  0%| F|  |TAMS 0x00000000a6400000, 0x00000000a6400000| Untracked 
| 101|0x00000000a6500000, 0x00000000a6500000, 0x00000000a6600000|  0%| F|  |TAMS 0x00000000a6500000, 0x00000000a6500000| Untracked 
| 102|0x00000000a6600000, 0x00000000a6600000, 0x00000000a6700000|  0%| F|  |TAMS 0x00000000a6600000, 0x00000000a6600000| Untracked 
| 103|0x00000000a6700000, 0x00000000a6700000, 0x00000000a6800000|  0%| F|  |TAMS 0x00000000a6700000, 0x00000000a6700000| Untracked 
| 104|0x00000000a6800000, 0x00000000a6800000, 0x00000000a6900000|  0%| F|  |TAMS 0x00000000a6800000, 0x00000000a6800000| Untracked 
| 105|0x00000000a6900000, 0x00000000a6900000, 0x00000000a6a00000|  0%| F|  |TAMS 0x00000000a6900000, 0x00000000a6900000| Untracked 
| 106|0x00000000a6a00000, 0x00000000a6a00000, 0x00000000a6b00000|  0%| F|  |TAMS 0x00000000a6a00000, 0x00000000a6a00000| Untracked 
| 107|0x00000000a6b00000, 0x00000000a6b00000, 0x00000000a6c00000|  0%| F|  |TAMS 0x00000000a6b00000, 0x00000000a6b00000| Untracked 
| 108|0x00000000a6c00000, 0x00000000a6c00000, 0x00000000a6d00000|  0%| F|  |TAMS 0x00000000a6c00000, 0x00000000a6c00000| Untracked 
| 109|0x00000000a6d00000, 0x00000000a6d00000, 0x00000000a6e00000|  0%| F|  |TAMS 0x00000000a6d00000, 0x00000000a6d00000| Untracked 
| 110|0x00000000a6e00000, 0x00000000a6e00000, 0x00000000a6f00000|  0%| F|  |TAMS 0x00000000a6e00000, 0x00000000a6e00000| Untracked 
| 111|0x00000000a6f00000, 0x00000000a6fde010, 0x00000000a7000000| 86%| S|CS|TAMS 0x00000000a6f00000, 0x00000000a6f00000| Complete 
| 112|0x00000000a7000000, 0x00000000a7000000, 0x00000000a7100000|  0%| F|  |TAMS 0x00000000a7000000, 0x00000000a7000000| Untracked 
| 113|0x00000000a7100000, 0x00000000a7200000, 0x00000000a7200000|100%| S|CS|TAMS 0x00000000a7100000, 0x00000000a7100000| Complete 
| 114|0x00000000a7200000, 0x00000000a7300000, 0x00000000a7300000|100%| S|CS|TAMS 0x00000000a7200000, 0x00000000a7200000| Complete 
| 115|0x00000000a7300000, 0x00000000a7300000, 0x00000000a7400000|  0%| F|  |TAMS 0x00000000a7300000, 0x00000000a7300000| Untracked 
| 116|0x00000000a7400000, 0x00000000a7400000, 0x00000000a7500000|  0%| F|  |TAMS 0x00000000a7400000, 0x00000000a7400000| Untracked 
| 117|0x00000000a7500000, 0x00000000a7500000, 0x00000000a7600000|  0%| F|  |TAMS 0x00000000a7500000, 0x00000000a7500000| Untracked 
| 118|0x00000000a7600000, 0x00000000a7600000, 0x00000000a7700000|  0%| F|  |TAMS 0x00000000a7600000, 0x00000000a7600000| Untracked 
| 119|0x00000000a7700000, 0x00000000a7700000, 0x00000000a7800000|  0%| F|  |TAMS 0x00000000a7700000, 0x00000000a7700000| Untracked 
| 120|0x00000000a7800000, 0x00000000a7800000, 0x00000000a7900000|  0%| F|  |TAMS 0x00000000a7800000, 0x00000000a7800000| Untracked 
| 121|0x00000000a7900000, 0x00000000a7900000, 0x00000000a7a00000|  0%| F|  |TAMS 0x00000000a7900000, 0x00000000a7900000| Untracked 
| 122|0x00000000a7a00000, 0x00000000a7a00000, 0x00000000a7b00000|  0%| F|  |TAMS 0x00000000a7a00000, 0x00000000a7a00000| Untracked 
| 123|0x00000000a7b00000, 0x00000000a7b00000, 0x00000000a7c00000|  0%| F|  |TAMS 0x00000000a7b00000, 0x00000000a7b00000| Untracked 
| 124|0x00000000a7c00000, 0x00000000a7c00000, 0x00000000a7d00000|  0%| F|  |TAMS 0x00000000a7c00000, 0x00000000a7c00000| Untracked 
| 125|0x00000000a7d00000, 0x00000000a7d00000, 0x00000000a7e00000|  0%| F|  |TAMS 0x00000000a7d00000, 0x00000000a7d00000| Untracked 
| 126|0x00000000a7e00000, 0x00000000a7e00000, 0x00000000a7f00000|  0%| F|  |TAMS 0x00000000a7e00000, 0x00000000a7e00000| Untracked 
| 127|0x00000000a7f00000, 0x00000000a7f00000, 0x00000000a8000000|  0%| F|  |TAMS 0x00000000a7f00000, 0x00000000a7f00000| Untracked 
| 128|0x00000000a8000000, 0x00000000a8000000, 0x00000000a8100000|  0%| F|  |TAMS 0x00000000a8000000, 0x00000000a8000000| Untracked 
| 129|0x00000000a8100000, 0x00000000a8100000, 0x00000000a8200000|  0%| F|  |TAMS 0x00000000a8100000, 0x00000000a8100000| Untracked 
| 130|0x00000000a8200000, 0x00000000a8200000, 0x00000000a8300000|  0%| F|  |TAMS 0x00000000a8200000, 0x00000000a8200000| Untracked 
| 131|0x00000000a8300000, 0x00000000a8300000, 0x00000000a8400000|  0%| F|  |TAMS 0x00000000a8300000, 0x00000000a8300000| Untracked 
| 132|0x00000000a8400000, 0x00000000a8400000, 0x00000000a8500000|  0%| F|  |TAMS 0x00000000a8400000, 0x00000000a8400000| Untracked 
| 133|0x00000000a8500000, 0x00000000a8500000, 0x00000000a8600000|  0%| F|  |TAMS 0x00000000a8500000, 0x00000000a8500000| Untracked 
| 134|0x00000000a8600000, 0x00000000a8600000, 0x00000000a8700000|  0%| F|  |TAMS 0x00000000a8600000, 0x00000000a8600000| Untracked 
| 135|0x00000000a8700000, 0x00000000a8700000, 0x00000000a8800000|  0%| F|  |TAMS 0x00000000a8700000, 0x00000000a8700000| Untracked 
| 136|0x00000000a8800000, 0x00000000a8800000, 0x00000000a8900000|  0%| F|  |TAMS 0x00000000a8800000, 0x00000000a8800000| Untracked 
| 137|0x00000000a8900000, 0x00000000a8900000, 0x00000000a8a00000|  0%| F|  |TAMS 0x00000000a8900000, 0x00000000a8900000| Untracked 
| 138|0x00000000a8a00000, 0x00000000a8a00000, 0x00000000a8b00000|  0%| F|  |TAMS 0x00000000a8a00000, 0x00000000a8a00000| Untracked 
| 139|0x00000000a8b00000, 0x00000000a8b00000, 0x00000000a8c00000|  0%| F|  |TAMS 0x00000000a8b00000, 0x00000000a8b00000| Untracked 
| 140|0x00000000a8c00000, 0x00000000a8c00000, 0x00000000a8d00000|  0%| F|  |TAMS 0x00000000a8c00000, 0x00000000a8c00000| Untracked 
| 141|0x00000000a8d00000, 0x00000000a8d00000, 0x00000000a8e00000|  0%| F|  |TAMS 0x00000000a8d00000, 0x00000000a8d00000| Untracked 
| 142|0x00000000a8e00000, 0x00000000a8e00000, 0x00000000a8f00000|  0%| F|  |TAMS 0x00000000a8e00000, 0x00000000a8e00000| Untracked 
| 143|0x00000000a8f00000, 0x00000000a8f00000, 0x00000000a9000000|  0%| F|  |TAMS 0x00000000a8f00000, 0x00000000a8f00000| Untracked 
| 144|0x00000000a9000000, 0x00000000a9000000, 0x00000000a9100000|  0%| F|  |TAMS 0x00000000a9000000, 0x00000000a9000000| Untracked 
| 145|0x00000000a9100000, 0x00000000a9100000, 0x00000000a9200000|  0%| F|  |TAMS 0x00000000a9100000, 0x00000000a9100000| Untracked 
| 146|0x00000000a9200000, 0x00000000a9200000, 0x00000000a9300000|  0%| F|  |TAMS 0x00000000a9200000, 0x00000000a9200000| Untracked 
| 147|0x00000000a9300000, 0x00000000a9300000, 0x00000000a9400000|  0%| F|  |TAMS 0x00000000a9300000, 0x00000000a9300000| Untracked 
| 148|0x00000000a9400000, 0x00000000a9400000, 0x00000000a9500000|  0%| F|  |TAMS 0x00000000a9400000, 0x00000000a9400000| Untracked 
| 149|0x00000000a9500000, 0x00000000a9500000, 0x00000000a9600000|  0%| F|  |TAMS 0x00000000a9500000, 0x00000000a9500000| Untracked 
| 150|0x00000000a9600000, 0x00000000a9600000, 0x00000000a9700000|  0%| F|  |TAMS 0x00000000a9600000, 0x00000000a9600000| Untracked 
| 151|0x00000000a9700000, 0x00000000a9700000, 0x00000000a9800000|  0%| F|  |TAMS 0x00000000a9700000, 0x00000000a9700000| Untracked 
| 152|0x00000000a9800000, 0x00000000a9800000, 0x00000000a9900000|  0%| F|  |TAMS 0x00000000a9800000, 0x00000000a9800000| Untracked 
| 153|0x00000000a9900000, 0x00000000a9900000, 0x00000000a9a00000|  0%| F|  |TAMS 0x00000000a9900000, 0x00000000a9900000| Untracked 
| 154|0x00000000a9a00000, 0x00000000a9a00000, 0x00000000a9b00000|  0%| F|  |TAMS 0x00000000a9a00000, 0x00000000a9a00000| Untracked 
| 155|0x00000000a9b00000, 0x00000000a9b00000, 0x00000000a9c00000|  0%| F|  |TAMS 0x00000000a9b00000, 0x00000000a9b00000| Untracked 
| 156|0x00000000a9c00000, 0x00000000a9c00000, 0x00000000a9d00000|  0%| F|  |TAMS 0x00000000a9c00000, 0x00000000a9c00000| Untracked 
| 157|0x00000000a9d00000, 0x00000000a9d00000, 0x00000000a9e00000|  0%| F|  |TAMS 0x00000000a9d00000, 0x00000000a9d00000| Untracked 
| 158|0x00000000a9e00000, 0x00000000a9e00000, 0x00000000a9f00000|  0%| F|  |TAMS 0x00000000a9e00000, 0x00000000a9e00000| Untracked 
| 159|0x00000000a9f00000, 0x00000000a9f00000, 0x00000000aa000000|  0%| F|  |TAMS 0x00000000a9f00000, 0x00000000a9f00000| Untracked 
| 160|0x00000000aa000000, 0x00000000aa000000, 0x00000000aa100000|  0%| F|  |TAMS 0x00000000aa000000, 0x00000000aa000000| Untracked 
| 161|0x00000000aa100000, 0x00000000aa100000, 0x00000000aa200000|  0%| F|  |TAMS 0x00000000aa100000, 0x00000000aa100000| Untracked 
| 162|0x00000000aa200000, 0x00000000aa200000, 0x00000000aa300000|  0%| F|  |TAMS 0x00000000aa200000, 0x00000000aa200000| Untracked 
| 163|0x00000000aa300000, 0x00000000aa300000, 0x00000000aa400000|  0%| F|  |TAMS 0x00000000aa300000, 0x00000000aa300000| Untracked 
| 164|0x00000000aa400000, 0x00000000aa400000, 0x00000000aa500000|  0%| F|  |TAMS 0x00000000aa400000, 0x00000000aa400000| Untracked 
| 165|0x00000000aa500000, 0x00000000aa500000, 0x00000000aa600000|  0%| F|  |TAMS 0x00000000aa500000, 0x00000000aa500000| Untracked 
| 166|0x00000000aa600000, 0x00000000aa600000, 0x00000000aa700000|  0%| F|  |TAMS 0x00000000aa600000, 0x00000000aa600000| Untracked 
| 167|0x00000000aa700000, 0x00000000aa700000, 0x00000000aa800000|  0%| F|  |TAMS 0x00000000aa700000, 0x00000000aa700000| Untracked 
| 168|0x00000000aa800000, 0x00000000aa800000, 0x00000000aa900000|  0%| F|  |TAMS 0x00000000aa800000, 0x00000000aa800000| Untracked 
| 169|0x00000000aa900000, 0x00000000aa900000, 0x00000000aaa00000|  0%| F|  |TAMS 0x00000000aa900000, 0x00000000aa900000| Untracked 
| 170|0x00000000aaa00000, 0x00000000aaa00000, 0x00000000aab00000|  0%| F|  |TAMS 0x00000000aaa00000, 0x00000000aaa00000| Untracked 
| 171|0x00000000aab00000, 0x00000000aab00000, 0x00000000aac00000|  0%| F|  |TAMS 0x00000000aab00000, 0x00000000aab00000| Untracked 
| 172|0x00000000aac00000, 0x00000000aac00000, 0x00000000aad00000|  0%| F|  |TAMS 0x00000000aac00000, 0x00000000aac00000| Untracked 
| 173|0x00000000aad00000, 0x00000000aad00000, 0x00000000aae00000|  0%| F|  |TAMS 0x00000000aad00000, 0x00000000aad00000| Untracked 
| 174|0x00000000aae00000, 0x00000000aae00000, 0x00000000aaf00000|  0%| F|  |TAMS 0x00000000aae00000, 0x00000000aae00000| Untracked 
| 175|0x00000000aaf00000, 0x00000000aaf00000, 0x00000000ab000000|  0%| F|  |TAMS 0x00000000aaf00000, 0x00000000aaf00000| Untracked 
| 176|0x00000000ab000000, 0x00000000ab000000, 0x00000000ab100000|  0%| F|  |TAMS 0x00000000ab000000, 0x00000000ab000000| Untracked 
| 177|0x00000000ab100000, 0x00000000ab100000, 0x00000000ab200000|  0%| F|  |TAMS 0x00000000ab100000, 0x00000000ab100000| Untracked 
| 178|0x00000000ab200000, 0x00000000ab200000, 0x00000000ab300000|  0%| F|  |TAMS 0x00000000ab200000, 0x00000000ab200000| Untracked 
| 179|0x00000000ab300000, 0x00000000ab300000, 0x00000000ab400000|  0%| F|  |TAMS 0x00000000ab300000, 0x00000000ab300000| Untracked 
| 180|0x00000000ab400000, 0x00000000ab400000, 0x00000000ab500000|  0%| F|  |TAMS 0x00000000ab400000, 0x00000000ab400000| Untracked 
| 181|0x00000000ab500000, 0x00000000ab500000, 0x00000000ab600000|  0%| F|  |TAMS 0x00000000ab500000, 0x00000000ab500000| Untracked 
| 182|0x00000000ab600000, 0x00000000ab600000, 0x00000000ab700000|  0%| F|  |TAMS 0x00000000ab600000, 0x00000000ab600000| Untracked 
| 183|0x00000000ab700000, 0x00000000ab700000, 0x00000000ab800000|  0%| F|  |TAMS 0x00000000ab700000, 0x00000000ab700000| Untracked 
| 184|0x00000000ab800000, 0x00000000ab800000, 0x00000000ab900000|  0%| F|  |TAMS 0x00000000ab800000, 0x00000000ab800000| Untracked 
| 185|0x00000000ab900000, 0x00000000ab900000, 0x00000000aba00000|  0%| F|  |TAMS 0x00000000ab900000, 0x00000000ab900000| Untracked 
| 186|0x00000000aba00000, 0x00000000aba00000, 0x00000000abb00000|  0%| F|  |TAMS 0x00000000aba00000, 0x00000000aba00000| Untracked 
| 187|0x00000000abb00000, 0x00000000abb00000, 0x00000000abc00000|  0%| F|  |TAMS 0x00000000abb00000, 0x00000000abb00000| Untracked 
| 188|0x00000000abc00000, 0x00000000abc00000, 0x00000000abd00000|  0%| F|  |TAMS 0x00000000abc00000, 0x00000000abc00000| Untracked 
| 189|0x00000000abd00000, 0x00000000abd00000, 0x00000000abe00000|  0%| F|  |TAMS 0x00000000abd00000, 0x00000000abd00000| Untracked 
| 190|0x00000000abe00000, 0x00000000abe00000, 0x00000000abf00000|  0%| F|  |TAMS 0x00000000abe00000, 0x00000000abe00000| Untracked 
| 191|0x00000000abf00000, 0x00000000abf00000, 0x00000000ac000000|  0%| F|  |TAMS 0x00000000abf00000, 0x00000000abf00000| Untracked 
| 192|0x00000000ac000000, 0x00000000ac000000, 0x00000000ac100000|  0%| F|  |TAMS 0x00000000ac000000, 0x00000000ac000000| Untracked 
| 193|0x00000000ac100000, 0x00000000ac100000, 0x00000000ac200000|  0%| F|  |TAMS 0x00000000ac100000, 0x00000000ac100000| Untracked 
| 194|0x00000000ac200000, 0x00000000ac200000, 0x00000000ac300000|  0%| F|  |TAMS 0x00000000ac200000, 0x00000000ac200000| Untracked 
| 195|0x00000000ac300000, 0x00000000ac300000, 0x00000000ac400000|  0%| F|  |TAMS 0x00000000ac300000, 0x00000000ac300000| Untracked 
| 196|0x00000000ac400000, 0x00000000ac400000, 0x00000000ac500000|  0%| F|  |TAMS 0x00000000ac400000, 0x00000000ac400000| Untracked 
| 197|0x00000000ac500000, 0x00000000ac500000, 0x00000000ac600000|  0%| F|  |TAMS 0x00000000ac500000, 0x00000000ac500000| Untracked 
| 198|0x00000000ac600000, 0x00000000ac600000, 0x00000000ac700000|  0%| F|  |TAMS 0x00000000ac600000, 0x00000000ac600000| Untracked 
| 199|0x00000000ac700000, 0x00000000ac700000, 0x00000000ac800000|  0%| F|  |TAMS 0x00000000ac700000, 0x00000000ac700000| Untracked 
| 200|0x00000000ac800000, 0x00000000ac800000, 0x00000000ac900000|  0%| F|  |TAMS 0x00000000ac800000, 0x00000000ac800000| Untracked 
| 201|0x00000000ac900000, 0x00000000ac900000, 0x00000000aca00000|  0%| F|  |TAMS 0x00000000ac900000, 0x00000000ac900000| Untracked 
| 202|0x00000000aca00000, 0x00000000aca00000, 0x00000000acb00000|  0%| F|  |TAMS 0x00000000aca00000, 0x00000000aca00000| Untracked 
| 203|0x00000000acb00000, 0x00000000acb00000, 0x00000000acc00000|  0%| F|  |TAMS 0x00000000acb00000, 0x00000000acb00000| Untracked 
| 204|0x00000000acc00000, 0x00000000acc00000, 0x00000000acd00000|  0%| F|  |TAMS 0x00000000acc00000, 0x00000000acc00000| Untracked 
| 205|0x00000000acd00000, 0x00000000acd00000, 0x00000000ace00000|  0%| F|  |TAMS 0x00000000acd00000, 0x00000000acd00000| Untracked 
| 206|0x00000000ace00000, 0x00000000ace00000, 0x00000000acf00000|  0%| F|  |TAMS 0x00000000ace00000, 0x00000000ace00000| Untracked 
| 207|0x00000000acf00000, 0x00000000acf00000, 0x00000000ad000000|  0%| F|  |TAMS 0x00000000acf00000, 0x00000000acf00000| Untracked 
| 208|0x00000000ad000000, 0x00000000ad000000, 0x00000000ad100000|  0%| F|  |TAMS 0x00000000ad000000, 0x00000000ad000000| Untracked 
| 209|0x00000000ad100000, 0x00000000ad100000, 0x00000000ad200000|  0%| F|  |TAMS 0x00000000ad100000, 0x00000000ad100000| Untracked 
| 210|0x00000000ad200000, 0x00000000ad200000, 0x00000000ad300000|  0%| F|  |TAMS 0x00000000ad200000, 0x00000000ad200000| Untracked 
| 211|0x00000000ad300000, 0x00000000ad300000, 0x00000000ad400000|  0%| F|  |TAMS 0x00000000ad300000, 0x00000000ad300000| Untracked 
| 212|0x00000000ad400000, 0x00000000ad400000, 0x00000000ad500000|  0%| F|  |TAMS 0x00000000ad400000, 0x00000000ad400000| Untracked 
| 213|0x00000000ad500000, 0x00000000ad500000, 0x00000000ad600000|  0%| F|  |TAMS 0x00000000ad500000, 0x00000000ad500000| Untracked 
| 214|0x00000000ad600000, 0x00000000ad600000, 0x00000000ad700000|  0%| F|  |TAMS 0x00000000ad600000, 0x00000000ad600000| Untracked 
| 215|0x00000000ad700000, 0x00000000ad700000, 0x00000000ad800000|  0%| F|  |TAMS 0x00000000ad700000, 0x00000000ad700000| Untracked 
| 216|0x00000000ad800000, 0x00000000ad800000, 0x00000000ad900000|  0%| F|  |TAMS 0x00000000ad800000, 0x00000000ad800000| Untracked 
| 217|0x00000000ad900000, 0x00000000ad900000, 0x00000000ada00000|  0%| F|  |TAMS 0x00000000ad900000, 0x00000000ad900000| Untracked 
| 218|0x00000000ada00000, 0x00000000ada00000, 0x00000000adb00000|  0%| F|  |TAMS 0x00000000ada00000, 0x00000000ada00000| Untracked 
| 219|0x00000000adb00000, 0x00000000adb00000, 0x00000000adc00000|  0%| F|  |TAMS 0x00000000adb00000, 0x00000000adb00000| Untracked 
| 220|0x00000000adc00000, 0x00000000adc00000, 0x00000000add00000|  0%| F|  |TAMS 0x00000000adc00000, 0x00000000adc00000| Untracked 
| 221|0x00000000add00000, 0x00000000add00000, 0x00000000ade00000|  0%| F|  |TAMS 0x00000000add00000, 0x00000000add00000| Untracked 
| 222|0x00000000ade00000, 0x00000000ade00000, 0x00000000adf00000|  0%| F|  |TAMS 0x00000000ade00000, 0x00000000ade00000| Untracked 
| 223|0x00000000adf00000, 0x00000000adf00000, 0x00000000ae000000|  0%| F|  |TAMS 0x00000000adf00000, 0x00000000adf00000| Untracked 
| 224|0x00000000ae000000, 0x00000000ae000000, 0x00000000ae100000|  0%| F|  |TAMS 0x00000000ae000000, 0x00000000ae000000| Untracked 
| 225|0x00000000ae100000, 0x00000000ae100000, 0x00000000ae200000|  0%| F|  |TAMS 0x00000000ae100000, 0x00000000ae100000| Untracked 
| 226|0x00000000ae200000, 0x00000000ae200000, 0x00000000ae300000|  0%| F|  |TAMS 0x00000000ae200000, 0x00000000ae200000| Untracked 
| 227|0x00000000ae300000, 0x00000000ae300000, 0x00000000ae400000|  0%| F|  |TAMS 0x00000000ae300000, 0x00000000ae300000| Untracked 
| 228|0x00000000ae400000, 0x00000000ae400000, 0x00000000ae500000|  0%| F|  |TAMS 0x00000000ae400000, 0x00000000ae400000| Untracked 
| 229|0x00000000ae500000, 0x00000000ae500000, 0x00000000ae600000|  0%| F|  |TAMS 0x00000000ae500000, 0x00000000ae500000| Untracked 
| 230|0x00000000ae600000, 0x00000000ae600000, 0x00000000ae700000|  0%| F|  |TAMS 0x00000000ae600000, 0x00000000ae600000| Untracked 
| 231|0x00000000ae700000, 0x00000000ae700000, 0x00000000ae800000|  0%| F|  |TAMS 0x00000000ae700000, 0x00000000ae700000| Untracked 
| 232|0x00000000ae800000, 0x00000000ae800000, 0x00000000ae900000|  0%| F|  |TAMS 0x00000000ae800000, 0x00000000ae800000| Untracked 
| 233|0x00000000ae900000, 0x00000000ae900000, 0x00000000aea00000|  0%| F|  |TAMS 0x00000000ae900000, 0x00000000ae900000| Untracked 
| 234|0x00000000aea00000, 0x00000000aea80800, 0x00000000aeb00000| 50%| E|  |TAMS 0x00000000aea00000, 0x00000000aea00000| Complete 
| 235|0x00000000aeb00000, 0x00000000aec00000, 0x00000000aec00000|100%| E|CS|TAMS 0x00000000aeb00000, 0x00000000aeb00000| Complete 
| 236|0x00000000aec00000, 0x00000000aed00000, 0x00000000aed00000|100%| E|CS|TAMS 0x00000000aec00000, 0x00000000aec00000| Complete 
| 237|0x00000000aed00000, 0x00000000aee00000, 0x00000000aee00000|100%| E|CS|TAMS 0x00000000aed00000, 0x00000000aed00000| Complete 
| 238|0x00000000aee00000, 0x00000000aef00000, 0x00000000aef00000|100%| E|CS|TAMS 0x00000000aee00000, 0x00000000aee00000| Complete 
| 239|0x00000000aef00000, 0x00000000af000000, 0x00000000af000000|100%| E|CS|TAMS 0x00000000aef00000, 0x00000000aef00000| Complete 
| 240|0x00000000af000000, 0x00000000af100000, 0x00000000af100000|100%| E|CS|TAMS 0x00000000af000000, 0x00000000af000000| Complete 
| 241|0x00000000af100000, 0x00000000af200000, 0x00000000af200000|100%| E|CS|TAMS 0x00000000af100000, 0x00000000af100000| Complete 
| 242|0x00000000af200000, 0x00000000af300000, 0x00000000af300000|100%| E|CS|TAMS 0x00000000af200000, 0x00000000af200000| Complete 
| 243|0x00000000af300000, 0x00000000af400000, 0x00000000af400000|100%| E|CS|TAMS 0x00000000af300000, 0x00000000af300000| Complete 
| 244|0x00000000af400000, 0x00000000af500000, 0x00000000af500000|100%| E|CS|TAMS 0x00000000af400000, 0x00000000af400000| Complete 
| 245|0x00000000af500000, 0x00000000af600000, 0x00000000af600000|100%| E|CS|TAMS 0x00000000af500000, 0x00000000af500000| Complete 
| 246|0x00000000af600000, 0x00000000af700000, 0x00000000af700000|100%| E|CS|TAMS 0x00000000af600000, 0x00000000af600000| Complete 
| 247|0x00000000af700000, 0x00000000af800000, 0x00000000af800000|100%| E|CS|TAMS 0x00000000af700000, 0x00000000af700000| Complete 
| 248|0x00000000af800000, 0x00000000af900000, 0x00000000af900000|100%| E|CS|TAMS 0x00000000af800000, 0x00000000af800000| Complete 
| 249|0x00000000af900000, 0x00000000afa00000, 0x00000000afa00000|100%| E|CS|TAMS 0x00000000af900000, 0x00000000af900000| Complete 
| 250|0x00000000afa00000, 0x00000000afb00000, 0x00000000afb00000|100%| E|CS|TAMS 0x00000000afa00000, 0x00000000afa00000| Complete 
| 251|0x00000000afb00000, 0x00000000afc00000, 0x00000000afc00000|100%| E|CS|TAMS 0x00000000afb00000, 0x00000000afb00000| Complete 
| 252|0x00000000afc00000, 0x00000000afd00000, 0x00000000afd00000|100%| E|CS|TAMS 0x00000000afc00000, 0x00000000afc00000| Complete 
| 253|0x00000000afd00000, 0x00000000afe00000, 0x00000000afe00000|100%| E|CS|TAMS 0x00000000afd00000, 0x00000000afd00000| Complete 
| 254|0x00000000afe00000, 0x00000000aff00000, 0x00000000aff00000|100%| E|CS|TAMS 0x00000000afe00000, 0x00000000afe00000| Complete 
| 255|0x00000000aff00000, 0x00000000b0000000, 0x00000000b0000000|100%| E|CS|TAMS 0x00000000aff00000, 0x00000000aff00000| Complete 
| 256|0x00000000b0000000, 0x00000000b0100000, 0x00000000b0100000|100%| E|CS|TAMS 0x00000000b0000000, 0x00000000b0000000| Complete 
| 257|0x00000000b0100000, 0x00000000b0200000, 0x00000000b0200000|100%| E|CS|TAMS 0x00000000b0100000, 0x00000000b0100000| Complete 
| 258|0x00000000b0200000, 0x00000000b0300000, 0x00000000b0300000|100%| E|CS|TAMS 0x00000000b0200000, 0x00000000b0200000| Complete 
| 259|0x00000000b0300000, 0x00000000b0400000, 0x00000000b0400000|100%| E|CS|TAMS 0x00000000b0300000, 0x00000000b0300000| Complete 
| 260|0x00000000b0400000, 0x00000000b0500000, 0x00000000b0500000|100%| E|CS|TAMS 0x00000000b0400000, 0x00000000b0400000| Complete 
| 261|0x00000000b0500000, 0x00000000b0600000, 0x00000000b0600000|100%| E|CS|TAMS 0x00000000b0500000, 0x00000000b0500000| Complete 
| 262|0x00000000b0600000, 0x00000000b0700000, 0x00000000b0700000|100%| E|CS|TAMS 0x00000000b0600000, 0x00000000b0600000| Complete 
| 263|0x00000000b0700000, 0x00000000b0800000, 0x00000000b0800000|100%| E|CS|TAMS 0x00000000b0700000, 0x00000000b0700000| Complete 
| 264|0x00000000b0800000, 0x00000000b0900000, 0x00000000b0900000|100%| E|CS|TAMS 0x00000000b0800000, 0x00000000b0800000| Complete 
| 265|0x00000000b0900000, 0x00000000b0a00000, 0x00000000b0a00000|100%| E|CS|TAMS 0x00000000b0900000, 0x00000000b0900000| Complete 
| 266|0x00000000b0a00000, 0x00000000b0b00000, 0x00000000b0b00000|100%| E|CS|TAMS 0x00000000b0a00000, 0x00000000b0a00000| Complete 
| 267|0x00000000b0b00000, 0x00000000b0c00000, 0x00000000b0c00000|100%| E|CS|TAMS 0x00000000b0b00000, 0x00000000b0b00000| Complete 
| 268|0x00000000b0c00000, 0x00000000b0d00000, 0x00000000b0d00000|100%| E|CS|TAMS 0x00000000b0c00000, 0x00000000b0c00000| Complete 
| 269|0x00000000b0d00000, 0x00000000b0e00000, 0x00000000b0e00000|100%| E|CS|TAMS 0x00000000b0d00000, 0x00000000b0d00000| Complete 
| 270|0x00000000b0e00000, 0x00000000b0f00000, 0x00000000b0f00000|100%| E|CS|TAMS 0x00000000b0e00000, 0x00000000b0e00000| Complete 
| 271|0x00000000b0f00000, 0x00000000b1000000, 0x00000000b1000000|100%| E|CS|TAMS 0x00000000b0f00000, 0x00000000b0f00000| Complete 
| 272|0x00000000b1000000, 0x00000000b1100000, 0x00000000b1100000|100%| E|CS|TAMS 0x00000000b1000000, 0x00000000b1000000| Complete 
| 273|0x00000000b1100000, 0x00000000b1200000, 0x00000000b1200000|100%| E|CS|TAMS 0x00000000b1100000, 0x00000000b1100000| Complete 
| 274|0x00000000b1200000, 0x00000000b1300000, 0x00000000b1300000|100%| E|CS|TAMS 0x00000000b1200000, 0x00000000b1200000| Complete 
| 275|0x00000000b1300000, 0x00000000b1400000, 0x00000000b1400000|100%| E|CS|TAMS 0x00000000b1300000, 0x00000000b1300000| Complete 
| 276|0x00000000b1400000, 0x00000000b1500000, 0x00000000b1500000|100%| E|CS|TAMS 0x00000000b1400000, 0x00000000b1400000| Complete 
| 277|0x00000000b1500000, 0x00000000b1600000, 0x00000000b1600000|100%| E|CS|TAMS 0x00000000b1500000, 0x00000000b1500000| Complete 
| 278|0x00000000b1600000, 0x00000000b1700000, 0x00000000b1700000|100%| E|CS|TAMS 0x00000000b1600000, 0x00000000b1600000| Complete 
| 279|0x00000000b1700000, 0x00000000b1800000, 0x00000000b1800000|100%| E|CS|TAMS 0x00000000b1700000, 0x00000000b1700000| Complete 
| 280|0x00000000b1800000, 0x00000000b1900000, 0x00000000b1900000|100%| E|CS|TAMS 0x00000000b1800000, 0x00000000b1800000| Complete 
| 281|0x00000000b1900000, 0x00000000b1a00000, 0x00000000b1a00000|100%| E|CS|TAMS 0x00000000b1900000, 0x00000000b1900000| Complete 

Card table byte_map: [0x000002b9b5360000,0x000002b9b5660000] _byte_map_base: 0x000002b9b4e60000

Marking Bits (Prev, Next): (CMBitMap*) 0x000002b9a0dda270, (CMBitMap*) 0x000002b9a0dda2b0
 Prev Bits: [0x000002b9b5960000, 0x000002b9b7160000)
 Next Bits: [0x000002b9b7160000, 0x000002b9b8960000)

Polling page: 0x000002b9a0e60000

Metaspace:

Usage:
  Non-class:     55.06 MB used.
      Class:      8.24 MB used.
       Both:     63.30 MB used.

Virtual space:
  Non-class space:       56.00 MB reserved,      55.38 MB ( 99%) committed,  7 nodes.
      Class space:        1.00 GB reserved,       8.44 MB ( <1%) committed,  1 nodes.
             Both:        1.05 GB reserved,      63.81 MB (  6%) committed. 

Chunk freelists:
   Non-Class:  792.00 KB
       Class:  3.49 MB
        Both:  4.27 MB

MaxMetaspaceSize: unlimited
CompressedClassSpaceSize: 1.00 GB
Initial GC threshold: 21.00 MB
Current GC threshold: 106.38 MB
CDS: off
MetaspaceReclaimPolicy: balanced
 - commit_granule_bytes: 65536.
 - commit_granule_words: 8192.
 - virtual_space_node_default_size: 1048576.
 - enlarge_chunks_in_place: 1.
 - new_chunks_are_fully_committed: 0.
 - uncommit_free_chunks: 1.
 - use_allocation_guard: 0.
 - handle_deallocations: 1.


Internal statistics:

num_allocs_failed_limit: 14.
num_arena_births: 560.
num_arena_deaths: 158.
num_vsnodes_births: 8.
num_vsnodes_deaths: 0.
num_space_committed: 1021.
num_space_uncommitted: 0.
num_chunks_returned_to_freelist: 227.
num_chunks_taken_from_freelist: 2540.
num_chunk_merges: 84.
num_chunk_splits: 1684.
num_chunks_enlarged: 1174.
num_purges: 4.
num_inconsistent_stats: 0.

CodeHeap 'non-profiled nmethods': size=120000Kb used=5240Kb max_used=5295Kb free=114760Kb
 bounds [0x000002b9ad500000, 0x000002b9ada30000, 0x000002b9b4a30000]
CodeHeap 'profiled nmethods': size=120000Kb used=14532Kb max_used=15435Kb free=105467Kb
 bounds [0x000002b9a5a30000, 0x000002b9a6970000, 0x000002b9acf60000]
CodeHeap 'non-nmethods': size=5760Kb used=2369Kb max_used=2471Kb free=3390Kb
 bounds [0x000002b9acf60000, 0x000002b9ad1e0000, 0x000002b9ad500000]
 total_blobs=8424 nmethods=7525 adapters=811
 compilation: enabled
              stopped_count=0, restarted_count=0
 full_count=0

Compilation events (20 events):
Event: 1695.902 Thread 0x000002b9bb940c60 nmethod 8939 0x000002b9a5fcba10 code [0x000002b9a5fcbbc0, 0x000002b9a5fcbd88]
Event: 1695.902 Thread 0x000002b9bb940c60 8940       3       org.gradle.internal.hash.HashCode$HashCode128::appendToHasher (21 bytes)
Event: 1695.903 Thread 0x000002b9bb940c60 nmethod 8940 0x000002b9a62be090 code [0x000002b9a62be320, 0x000002b9a62bef38]
Event: 1695.924 Thread 0x000002b9bb940c60 8941 %     3       org.objectweb.asm.ClassReader::readCode @ 2186 (5109 bytes)
Event: 1695.960 Thread 0x000002b9bb940c60 nmethod 8941% 0x000002b9a6949f10 code [0x000002b9a694b420, 0x000002b9a695d628]
Event: 1695.963 Thread 0x000002b9bb940360 8942       4       org.objectweb.asm.ClassReader::readCode (5109 bytes)
Event: 1696.010 Thread 0x000002b9bb940c60 8943       3       org.objectweb.asm.Attribute::computeAttributesSize (62 bytes)
Event: 1696.011 Thread 0x000002b9bb940c60 nmethod 8943 0x000002b9a63b9310 code [0x000002b9a63b94e0, 0x000002b9a63b9808]
Event: 1696.011 Thread 0x000002b9bb940c60 8945       3       org.objectweb.asm.Attribute::putAttributes (78 bytes)
Event: 1696.011 Thread 0x000002b9bb940c60 nmethod 8945 0x000002b9a5c15810 code [0x000002b9a5c15a40, 0x000002b9a5c15ef8]
Event: 1696.011 Thread 0x000002b9bb940c60 8944       3       org.objectweb.asm.MethodWriter::computeMethodInfoSize (571 bytes)
Event: 1696.013 Thread 0x000002b9bb940c60 nmethod 8944 0x000002b9a5fdf290 code [0x000002b9a5fdf5c0, 0x000002b9a5fe0568]
Event: 1696.013 Thread 0x000002b9bb940c60 8947       3       org.objectweb.asm.ClassReader::readMethod (1066 bytes)
Event: 1696.019 Thread 0x000002b9bb940c60 nmethod 8947 0x000002b9a6846090 code [0x000002b9a68467c0, 0x000002b9a684ade8]
Event: 1696.019 Thread 0x000002b9bb940c60 8946       3       org.objectweb.asm.MethodWriter::putMethodInfo (1274 bytes)
Event: 1696.024 Thread 0x000002b9bb940c60 nmethod 8946 0x000002b9a634ae10 code [0x000002b9a634b4a0, 0x000002b9a634da08]
Event: 1696.034 Thread 0x000002b9bb940c60 8949 %     3       org.objectweb.asm.ClassWriter::toByteArray @ 51 (1535 bytes)
Event: 1696.043 Thread 0x000002b9bb940c60 nmethod 8949% 0x000002b9a5e4ee90 code [0x000002b9a5e4f780, 0x000002b9a5e537a8]
Event: 1696.066 Thread 0x000002b9bb940c60 8950       3       org.objectweb.asm.ClassReader::readField (671 bytes)
Event: 1696.071 Thread 0x000002b9bb940c60 nmethod 8950 0x000002b9a5f10810 code [0x000002b9a5f10d60, 0x000002b9a5f13188]

GC Heap History (20 events):
Event: 1682.627 GC heap before
{Heap before GC invocations=26 (full 0):
 garbage-first heap   total 116736K, used 47272K [0x00000000a0000000, 0x0000000100000000)
  region size 1024K, 5 young (5120K), 2 survivors (2048K)
 Metaspace       used 64777K, committed 65344K, reserved 1105920K
  class space    used 8437K, committed 8640K, reserved 1048576K
}
Event: 1682.636 GC heap after
{Heap after GC invocations=27 (full 0):
 garbage-first heap   total 116736K, used 43760K [0x00000000a0000000, 0x0000000100000000)
  region size 1024K, 1 young (1024K), 1 survivors (1024K)
 Metaspace       used 64777K, committed 65344K, reserved 1105920K
  class space    used 8437K, committed 8640K, reserved 1048576K
}
Event: 1683.085 GC heap before
{Heap before GC invocations=27 (full 0):
 garbage-first heap   total 116736K, used 95984K [0x00000000a0000000, 0x0000000100000000)
  region size 1024K, 52 young (53248K), 1 survivors (1024K)
 Metaspace       used 64782K, committed 65344K, reserved 1105920K
  class space    used 8437K, committed 8640K, reserved 1048576K
}
Event: 1683.087 GC heap after
{Heap after GC invocations=28 (full 0):
 garbage-first heap   total 116736K, used 44053K [0x00000000a0000000, 0x0000000100000000)
  region size 1024K, 1 young (1024K), 1 survivors (1024K)
 Metaspace       used 64782K, committed 65344K, reserved 1105920K
  class space    used 8437K, committed 8640K, reserved 1048576K
}
Event: 1683.446 GC heap before
{Heap before GC invocations=28 (full 0):
 garbage-first heap   total 116736K, used 96277K [0x00000000a0000000, 0x0000000100000000)
  region size 1024K, 53 young (54272K), 1 survivors (1024K)
 Metaspace       used 64782K, committed 65344K, reserved 1105920K
  class space    used 8437K, committed 8640K, reserved 1048576K
}
Event: 1683.450 GC heap after
{Heap after GC invocations=29 (full 0):
 garbage-first heap   total 116736K, used 44676K [0x00000000a0000000, 0x0000000100000000)
  region size 1024K, 2 young (2048K), 2 survivors (2048K)
 Metaspace       used 64782K, committed 65344K, reserved 1105920K
  class space    used 8437K, committed 8640K, reserved 1048576K
}
Event: 1683.760 GC heap before
{Heap before GC invocations=29 (full 0):
 garbage-first heap   total 116736K, used 97924K [0x00000000a0000000, 0x0000000100000000)
  region size 1024K, 54 young (55296K), 2 survivors (2048K)
 Metaspace       used 64782K, committed 65344K, reserved 1105920K
  class space    used 8437K, committed 8640K, reserved 1048576K
}
Event: 1683.764 GC heap after
{Heap after GC invocations=30 (full 0):
 garbage-first heap   total 116736K, used 45448K [0x00000000a0000000, 0x0000000100000000)
  region size 1024K, 3 young (3072K), 3 survivors (3072K)
 Metaspace       used 64782K, committed 65344K, reserved 1105920K
  class space    used 8437K, committed 8640K, reserved 1048576K
}
Event: 1684.043 GC heap before
{Heap before GC invocations=31 (full 0):
 garbage-first heap   total 116736K, used 97672K [0x00000000a0000000, 0x0000000100000000)
  region size 1024K, 54 young (55296K), 3 survivors (3072K)
 Metaspace       used 64782K, committed 65344K, reserved 1105920K
  class space    used 8437K, committed 8640K, reserved 1048576K
}
Event: 1684.047 GC heap after
{Heap after GC invocations=32 (full 0):
 garbage-first heap   total 116736K, used 45632K [0x00000000a0000000, 0x0000000100000000)
  region size 1024K, 3 young (3072K), 3 survivors (3072K)
 Metaspace       used 64782K, committed 65344K, reserved 1105920K
  class space    used 8437K, committed 8640K, reserved 1048576K
}
Event: 1684.053 GC heap before
{Heap before GC invocations=32 (full 0):
 garbage-first heap   total 116736K, used 47680K [0x00000000a0000000, 0x0000000100000000)
  region size 1024K, 5 young (5120K), 3 survivors (3072K)
 Metaspace       used 64782K, committed 65344K, reserved 1105920K
  class space    used 8437K, committed 8640K, reserved 1048576K
}
Event: 1684.111 GC heap after
{Heap after GC invocations=33 (full 0):
 garbage-first heap   total 288768K, used 45244K [0x00000000a0000000, 0x0000000100000000)
  region size 1024K, 1 young (1024K), 1 survivors (1024K)
 Metaspace       used 64782K, committed 65344K, reserved 1105920K
  class space    used 8437K, committed 8640K, reserved 1048576K
}
Event: 1688.142 GC heap before
{Heap before GC invocations=33 (full 0):
 garbage-first heap   total 288768K, used 216252K [0x00000000a0000000, 0x0000000100000000)
  region size 1024K, 170 young (174080K), 1 survivors (1024K)
 Metaspace       used 64788K, committed 65344K, reserved 1105920K
  class space    used 8437K, committed 8640K, reserved 1048576K
}
Event: 1688.163 GC heap after
{Heap after GC invocations=34 (full 0):
 garbage-first heap   total 288768K, used 46244K [0x00000000a0000000, 0x0000000100000000)
  region size 1024K, 2 young (2048K), 2 survivors (2048K)
 Metaspace       used 64788K, committed 65344K, reserved 1105920K
  class space    used 8437K, committed 8640K, reserved 1048576K
}
Event: 1689.396 GC heap before
{Heap before GC invocations=34 (full 0):
 garbage-first heap   total 288768K, used 217252K [0x00000000a0000000, 0x0000000100000000)
  region size 1024K, 169 young (173056K), 2 survivors (2048K)
 Metaspace       used 64790K, committed 65344K, reserved 1105920K
  class space    used 8437K, committed 8640K, reserved 1048576K
}
Event: 1689.401 GC heap after
{Heap after GC invocations=35 (full 0):
 garbage-first heap   total 288768K, used 47484K [0x00000000a0000000, 0x0000000100000000)
  region size 1024K, 3 young (3072K), 3 survivors (3072K)
 Metaspace       used 64790K, committed 65344K, reserved 1105920K
  class space    used 8437K, committed 8640K, reserved 1048576K
}
Event: 1689.896 GC heap before
{Heap before GC invocations=35 (full 0):
 garbage-first heap   total 288768K, used 216444K [0x00000000a0000000, 0x0000000100000000)
  region size 1024K, 169 young (173056K), 3 survivors (3072K)
 Metaspace       used 64795K, committed 65344K, reserved 1105920K
  class space    used 8437K, committed 8640K, reserved 1048576K
}
Event: 1689.900 GC heap after
{Heap after GC invocations=36 (full 0):
 garbage-first heap   total 288768K, used 47600K [0x00000000a0000000, 0x0000000100000000)
  region size 1024K, 3 young (3072K), 3 survivors (3072K)
 Metaspace       used 64795K, committed 65344K, reserved 1105920K
  class space    used 8437K, committed 8640K, reserved 1048576K
}
Event: 1695.620 GC heap before
{Heap before GC invocations=36 (full 0):
 garbage-first heap   total 288768K, used 217584K [0x00000000a0000000, 0x0000000100000000)
  region size 1024K, 169 young (173056K), 3 survivors (3072K)
 Metaspace       used 64818K, committed 65344K, reserved 1105920K
  class space    used 8438K, committed 8640K, reserved 1048576K
}
Event: 1695.629 GC heap after
{Heap after GC invocations=37 (full 0):
 garbage-first heap   total 288768K, used 45416K [0x00000000a0000000, 0x0000000100000000)
  region size 1024K, 3 young (3072K), 3 survivors (3072K)
 Metaspace       used 64818K, committed 65344K, reserved 1105920K
  class space    used 8438K, committed 8640K, reserved 1048576K
}

Dll operation events (2 events):
Event: 0.011 Loaded shared library C:\Program Files\Android\Android Studio\jbr\bin\java.dll
Event: 0.841 Loaded shared library C:\Program Files\Android\Android Studio\jbr\bin\verify.dll

Deoptimization events (20 events):
Event: 1696.010 Thread 0x000002b9be2b2890 Uncommon trap: trap_request=0xffffff45 fr.pc=0x000002b9ad8d5d00 relative=0x00000000000003c0
Event: 1696.010 Thread 0x000002b9be2b2890 Uncommon trap: reason=unstable_if action=reinterpret pc=0x000002b9ad8d5d00 method=org.objectweb.asm.Attribute.computeAttributesSize(Lorg/objectweb/asm/SymbolTable;II)I @ 16 c2
Event: 1696.010 Thread 0x000002b9be2b2890 DEOPT PACKING pc=0x000002b9ad8d5d00 sp=0x000000d324cfe780
Event: 1696.010 Thread 0x000002b9be2b2890 DEOPT UNPACKING pc=0x000002b9acfb69a3 sp=0x000000d324cfe698 mode 2
Event: 1696.032 Thread 0x000002b9be2ad6c0 Uncommon trap: trap_request=0xffffffde fr.pc=0x000002b9ada107d8 relative=0x0000000000000578
Event: 1696.032 Thread 0x000002b9be2ad6c0 Uncommon trap: reason=class_check action=maybe_recompile pc=0x000002b9ada107d8 method=org.objectweb.asm.MethodVisitor.visitParameter(Ljava/lang/String;I)V @ 32 c2
Event: 1696.032 Thread 0x000002b9be2ad6c0 DEOPT PACKING pc=0x000002b9ada107d8 sp=0x000000d324dfe350
Event: 1696.032 Thread 0x000002b9be2ad6c0 DEOPT UNPACKING pc=0x000002b9acfb69a3 sp=0x000000d324dfe308 mode 2
Event: 1696.032 Thread 0x000002b9be2ad6c0 Uncommon trap: trap_request=0xffffffde fr.pc=0x000002b9ada107d8 relative=0x0000000000000578
Event: 1696.032 Thread 0x000002b9be2ad6c0 Uncommon trap: reason=class_check action=maybe_recompile pc=0x000002b9ada107d8 method=org.objectweb.asm.MethodVisitor.visitParameter(Ljava/lang/String;I)V @ 32 c2
Event: 1696.032 Thread 0x000002b9be2ad6c0 DEOPT PACKING pc=0x000002b9ada107d8 sp=0x000000d324dfe350
Event: 1696.032 Thread 0x000002b9be2ad6c0 DEOPT UNPACKING pc=0x000002b9acfb69a3 sp=0x000000d324dfe308 mode 2
Event: 1696.032 Thread 0x000002b9be2ad6c0 Uncommon trap: trap_request=0xffffffde fr.pc=0x000002b9ada107d8 relative=0x0000000000000578
Event: 1696.032 Thread 0x000002b9be2ad6c0 Uncommon trap: reason=class_check action=maybe_recompile pc=0x000002b9ada107d8 method=org.objectweb.asm.MethodVisitor.visitParameter(Ljava/lang/String;I)V @ 32 c2
Event: 1696.032 Thread 0x000002b9be2ad6c0 DEOPT PACKING pc=0x000002b9ada107d8 sp=0x000000d324dfe350
Event: 1696.032 Thread 0x000002b9be2ad6c0 DEOPT UNPACKING pc=0x000002b9acfb69a3 sp=0x000000d324dfe308 mode 2
Event: 1696.032 Thread 0x000002b9be2ad6c0 Uncommon trap: trap_request=0xffffffde fr.pc=0x000002b9ada107d8 relative=0x0000000000000578
Event: 1696.032 Thread 0x000002b9be2ad6c0 Uncommon trap: reason=class_check action=maybe_recompile pc=0x000002b9ada107d8 method=org.objectweb.asm.MethodVisitor.visitParameter(Ljava/lang/String;I)V @ 32 c2
Event: 1696.032 Thread 0x000002b9be2ad6c0 DEOPT PACKING pc=0x000002b9ada107d8 sp=0x000000d324dfe350
Event: 1696.033 Thread 0x000002b9be2ad6c0 DEOPT UNPACKING pc=0x000002b9acfb69a3 sp=0x000000d324dfe308 mode 2

Classes unloaded (20 events):
Event: 1682.251 Thread 0x000002b9bafb2020 Unloading class 0x000000010086a800 'jdk/internal/reflect/GeneratedSerializationConstructorAccessor11'
Event: 1682.251 Thread 0x000002b9bafb2020 Unloading class 0x000000010086a400 'jdk/internal/reflect/GeneratedSerializationConstructorAccessor10'
Event: 1682.251 Thread 0x000002b9bafb2020 Unloading class 0x000000010086a000 'jdk/internal/reflect/GeneratedSerializationConstructorAccessor9'
Event: 1682.251 Thread 0x000002b9bafb2020 Unloading class 0x0000000100869c00 'jdk/internal/reflect/GeneratedSerializationConstructorAccessor8'
Event: 1682.251 Thread 0x000002b9bafb2020 Unloading class 0x0000000100869800 'jdk/internal/reflect/GeneratedSerializationConstructorAccessor7'
Event: 1682.251 Thread 0x000002b9bafb2020 Unloading class 0x0000000100869400 'jdk/internal/reflect/GeneratedSerializationConstructorAccessor6'
Event: 1682.251 Thread 0x000002b9bafb2020 Unloading class 0x0000000100869000 'jdk/internal/reflect/GeneratedSerializationConstructorAccessor5'
Event: 1682.251 Thread 0x000002b9bafb2020 Unloading class 0x0000000100868c00 'jdk/internal/reflect/GeneratedSerializationConstructorAccessor4'
Event: 1682.251 Thread 0x000002b9bafb2020 Unloading class 0x0000000100868800 'jdk/internal/reflect/GeneratedSerializationConstructorAccessor3'
Event: 1682.251 Thread 0x000002b9bafb2020 Unloading class 0x0000000100868400 'jdk/internal/reflect/GeneratedSerializationConstructorAccessor2'
Event: 1682.251 Thread 0x000002b9bafb2020 Unloading class 0x0000000100868000 'jdk/internal/reflect/GeneratedSerializationConstructorAccessor1'
Event: 1682.251 Thread 0x000002b9bafb2020 Unloading class 0x000000010084c000 'java/lang/invoke/LambdaForm$DMH+0x000000010084c000'
Event: 1682.251 Thread 0x000002b9bafb2020 Unloading class 0x000000010076d000 'jdk/internal/reflect/GeneratedConstructorAccessor19'
Event: 1682.251 Thread 0x000002b9bafb2020 Unloading class 0x000000010076c800 'jdk/internal/reflect/GeneratedConstructorAccessor17'
Event: 1682.251 Thread 0x000002b9bafb2020 Unloading class 0x000000010076c400 'jdk/internal/reflect/GeneratedConstructorAccessor16'
Event: 1682.251 Thread 0x000002b9bafb2020 Unloading class 0x000000010076c000 'jdk/internal/reflect/GeneratedConstructorAccessor15'
Event: 1682.251 Thread 0x000002b9bafb2020 Unloading class 0x00000001006d4820 '_BuildScript_$_run_closure1$_closure3'
Event: 1682.251 Thread 0x000002b9bafb2020 Unloading class 0x00000001006d4410 '_BuildScript_$_run_closure1$_closure2'
Event: 1682.251 Thread 0x000002b9bafb2020 Unloading class 0x00000001006d4000 '_BuildScript_$_run_closure1'
Event: 1682.251 Thread 0x000002b9bafb2020 Unloading class 0x00000001006c8800 '_BuildScript_'

Classes redefined (0 events):
No events

Internal exceptions (20 events):
Event: 1695.496 Thread 0x000002b9be2acd20 Exception <a 'sun/nio/fs/WindowsException'{0x00000000a93b9b20}> (0x00000000a93b9b20) 
thrown [s\src\hotspot\share\prims\jni.cpp, line 517]
Event: 1695.506 Thread 0x000002b9be2b2890 Exception <a 'sun/nio/fs/WindowsException'{0x00000000a8ec2878}> (0x00000000a8ec2878) 
thrown [s\src\hotspot\share\prims\jni.cpp, line 517]
Event: 1695.508 Thread 0x000002b9be2b23c0 Exception <a 'sun/nio/fs/WindowsException'{0x00000000a9df2648}> (0x00000000a9df2648) 
thrown [s\src\hotspot\share\prims\jni.cpp, line 517]
Event: 1695.511 Thread 0x000002b9be2b2890 Exception <a 'sun/nio/fs/WindowsException'{0x00000000a8ecd558}> (0x00000000a8ecd558) 
thrown [s\src\hotspot\share\prims\jni.cpp, line 517]
Event: 1695.522 Thread 0x000002b9be2acd20 Exception <a 'sun/nio/fs/WindowsException'{0x00000000a83644d8}> (0x00000000a83644d8) 
thrown [s\src\hotspot\share\prims\jni.cpp, line 517]
Event: 1695.527 Thread 0x000002b9be2b2890 Exception <a 'sun/nio/fs/WindowsException'{0x00000000a83fa338}> (0x00000000a83fa338) 
thrown [s\src\hotspot\share\prims\jni.cpp, line 517]
Event: 1695.545 Thread 0x000002b9be2b23c0 Exception <a 'sun/nio/fs/WindowsException'{0x00000000a9df2840}> (0x00000000a9df2840) 
thrown [s\src\hotspot\share\prims\jni.cpp, line 517]
Event: 1695.549 Thread 0x000002b9be2acd20 Exception <a 'sun/nio/fs/WindowsException'{0x00000000a83646e8}> (0x00000000a83646e8) 
thrown [s\src\hotspot\share\prims\jni.cpp, line 517]
Event: 1695.568 Thread 0x000002b9be2b2890 Exception <a 'sun/nio/fs/WindowsException'{0x00000000a83fa518}> (0x00000000a83fa518) 
thrown [s\src\hotspot\share\prims\jni.cpp, line 517]
Event: 1695.578 Thread 0x000002b9be2b23c0 Exception <a 'sun/nio/fs/WindowsException'{0x00000000a9df9370}> (0x00000000a9df9370) 
thrown [s\src\hotspot\share\prims\jni.cpp, line 517]
Event: 1695.582 Thread 0x000002b9be2b2890 Exception <a 'sun/nio/fs/WindowsException'{0x00000000a7d958d0}> (0x00000000a7d958d0) 
thrown [s\src\hotspot\share\prims\jni.cpp, line 517]
Event: 1695.608 Thread 0x000002b9be2acd20 Exception <a 'sun/nio/fs/WindowsException'{0x00000000a83734d0}> (0x00000000a83734d0) 
thrown [s\src\hotspot\share\prims\jni.cpp, line 517]
Event: 1695.637 Thread 0x000002b9be2b23c0 Exception <a 'sun/nio/fs/WindowsException'{0x00000000b16808b0}> (0x00000000b16808b0) 
thrown [s\src\hotspot\share\prims\jni.cpp, line 517]
Event: 1695.741 Thread 0x000002b9be2b2890 Exception <a 'sun/nio/fs/WindowsException'{0x00000000b0e1cbd8}> (0x00000000b0e1cbd8) 
thrown [s\src\hotspot\share\prims\jni.cpp, line 517]
Event: 1695.743 Thread 0x000002b9be2acd20 Exception <a 'sun/nio/fs/WindowsException'{0x00000000b0e95580}> (0x00000000b0e95580) 
thrown [s\src\hotspot\share\prims\jni.cpp, line 517]
Event: 1695.856 Thread 0x000002b9be2b23c0 Exception <a 'sun/nio/fs/WindowsException'{0x00000000b1680a88}> (0x00000000b1680a88) 
thrown [s\src\hotspot\share\prims\jni.cpp, line 517]
Event: 1695.905 Thread 0x000002b9be2b2890 Exception <a 'sun/nio/fs/WindowsException'{0x00000000b0e1cda8}> (0x00000000b0e1cda8) 
thrown [s\src\hotspot\share\prims\jni.cpp, line 517]
Event: 1695.915 Thread 0x000002b9be2b2890 Exception <a 'sun/nio/fs/WindowsException'{0x00000000b0e89200}> (0x00000000b0e89200) 
thrown [s\src\hotspot\share\prims\jni.cpp, line 517]
Event: 1695.958 Thread 0x000002b9be2acd20 Exception <a 'sun/nio/fs/WindowsException'{0x00000000b0e95770}> (0x00000000b0e95770) 
thrown [s\src\hotspot\share\prims\jni.cpp, line 517]
Event: 1695.960 Thread 0x000002b9be2b23c0 Exception <a 'sun/nio/fs/WindowsException'{0x00000000afd0b380}> (0x00000000afd0b380) 
thrown [s\src\hotspot\share\prims\jni.cpp, line 517]

VM Operations (20 events):
Event: 1688.142 Executing VM operation: G1CollectForAllocation
Event: 1688.163 Executing VM operation: G1CollectForAllocation done
Event: 1689.176 Executing VM operation: Cleanup
Event: 1689.176 Executing VM operation: Cleanup done
Event: 1689.393 Executing VM operation: G1CollectForAllocation
Event: 1689.394 Executing VM operation: G1CollectForAllocation done
Event: 1689.394 Executing VM operation: G1CollectForAllocation
Event: 1689.402 Executing VM operation: G1CollectForAllocation done
Event: 1689.896 Executing VM operation: G1CollectForAllocation
Event: 1689.906 Executing VM operation: G1CollectForAllocation done
Event: 1690.906 Executing VM operation: Cleanup
Event: 1690.906 Executing VM operation: Cleanup done
Event: 1691.912 Executing VM operation: Cleanup
Event: 1691.912 Executing VM operation: Cleanup done
Event: 1694.934 Executing VM operation: Cleanup
Event: 1694.935 Executing VM operation: Cleanup done
Event: 1695.620 Executing VM operation: G1CollectForAllocation
Event: 1695.631 Executing VM operation: G1CollectForAllocation done
Event: 1696.001 Executing VM operation: HandshakeAllThreads
Event: 1696.039 Executing VM operation: HandshakeAllThreads done

Events (20 events):
Event: 1685.613 Thread 0x000002b9bafed7f0 flushing nmethod 0x000002b9a68b8410
Event: 1685.613 Thread 0x000002b9bafed7f0 flushing nmethod 0x000002b9a68b9b90
Event: 1685.613 Thread 0x000002b9bafed7f0 flushing nmethod 0x000002b9a68bbe90
Event: 1685.613 Thread 0x000002b9bafed7f0 flushing nmethod 0x000002b9a68c3790
Event: 1685.613 Thread 0x000002b9bafed7f0 flushing nmethod 0x000002b9a68dd590
Event: 1685.613 Thread 0x000002b9bafed7f0 flushing nmethod 0x000002b9a68eb910
Event: 1685.613 Thread 0x000002b9bafed7f0 flushing nmethod 0x000002b9a68ec190
Event: 1685.613 Thread 0x000002b9bafed7f0 flushing nmethod 0x000002b9a68ece10
Event: 1685.613 Thread 0x000002b9bafed7f0 flushing nmethod 0x000002b9a68ed690
Event: 1685.613 Thread 0x000002b9bafed7f0 flushing nmethod 0x000002b9a68f2290
Event: 1685.613 Thread 0x000002b9bafed7f0 flushing nmethod 0x000002b9a6911690
Event: 1685.613 Thread 0x000002b9bafed7f0 flushing nmethod 0x000002b9a692e110
Event: 1685.613 Thread 0x000002b9bafed7f0 flushing nmethod 0x000002b9a692fe10
Event: 1685.613 Thread 0x000002b9bafed7f0 flushing nmethod 0x000002b9a6937d90
Event: 1689.287 Thread 0x000002b9bc70cff0 Thread exited: 0x000002b9bc70cff0
Event: 1689.978 Thread 0x000002b9c1ffea80 Thread added: 0x000002b9c1ffea80
Event: 1690.952 Thread 0x000002b9c1ffea80 Thread exited: 0x000002b9c1ffea80
Event: 1696.046 Thread 0x000002b9bafed7f0 flushing nmethod 0x000002b9ad9db890
Event: 1696.070 Thread 0x000002b9bafed7f0 flushing nmethod 0x000002b9a6841790
Event: 1696.070 Thread 0x000002b9bafed7f0 flushing nmethod 0x000002b9a6870910


Dynamic libraries:
0x00007ff612e40000 - 0x00007ff612e4a000 	C:\Program Files\Android\Android Studio\jbr\bin\java.exe
0x00007ff837b30000 - 0x00007ff837d28000 	C:\Windows\SYSTEM32\ntdll.dll
0x00007ff835dc0000 - 0x00007ff835e7f000 	C:\Windows\System32\KERNEL32.DLL
0x00007ff835530000 - 0x00007ff835826000 	C:\Windows\System32\KERNELBASE.dll
0x00007ff835890000 - 0x00007ff835990000 	C:\Windows\System32\ucrtbase.dll
0x00007ff809890000 - 0x00007ff8098a7000 	C:\Program Files\Android\Android Studio\jbr\bin\jli.dll
0x00007ff837690000 - 0x00007ff83782d000 	C:\Windows\System32\USER32.dll
0x00007ff835830000 - 0x00007ff835852000 	C:\Windows\System32\win32u.dll
0x00007ff8364a0000 - 0x00007ff8364cc000 	C:\Windows\System32\GDI32.dll
0x00007ff835410000 - 0x00007ff835525000 	C:\Windows\System32\gdi32full.dll
0x00007ff835210000 - 0x00007ff8352ad000 	C:\Windows\System32\msvcp_win.dll
0x00007ff807a30000 - 0x00007ff807a4b000 	C:\Program Files\Android\Android Studio\jbr\bin\VCRUNTIME140.dll
0x00007ff822b60000 - 0x00007ff822dfa000 	C:\Windows\WinSxS\amd64_microsoft.windows.common-controls_6595b64144ccf1df_6.0.19041.1110_none_60b5254171f9507e\COMCTL32.dll
0x00007ff8374d0000 - 0x00007ff83756e000 	C:\Windows\System32\msvcrt.dll
0x00007ff8365b0000 - 0x00007ff8365e0000 	C:\Windows\System32\IMM32.DLL
0x00007ff8150f0000 - 0x00007ff8150fc000 	C:\Program Files\Android\Android Studio\jbr\bin\vcruntime140_1.dll
0x00007ffffee80000 - 0x00007ffffef0d000 	C:\Program Files\Android\Android Studio\jbr\bin\msvcp140.dll
0x00007fffeec00000 - 0x00007fffef86d000 	C:\Program Files\Android\Android Studio\jbr\bin\server\jvm.dll
0x00007ff836240000 - 0x00007ff8362ef000 	C:\Windows\System32\ADVAPI32.dll
0x00007ff836400000 - 0x00007ff83649c000 	C:\Windows\System32\sechost.dll
0x00007ff837940000 - 0x00007ff837a66000 	C:\Windows\System32\RPCRT4.dll
0x00007ff82bd80000 - 0x00007ff82bd89000 	C:\Windows\SYSTEM32\WSOCK32.dll
0x00007ff8366a0000 - 0x00007ff83670b000 	C:\Windows\System32\WS2_32.dll
0x00007ff822b30000 - 0x00007ff822b57000 	C:\Windows\SYSTEM32\WINMM.dll
0x00007ff82e0c0000 - 0x00007ff82e0ca000 	C:\Windows\SYSTEM32\VERSION.dll
0x00007ff833a70000 - 0x00007ff833a82000 	C:\Windows\SYSTEM32\kernel.appcore.dll
0x00007ff81e8b0000 - 0x00007ff81e8ba000 	C:\Program Files\Android\Android Studio\jbr\bin\jimage.dll
0x00007ff832f70000 - 0x00007ff833154000 	C:\Windows\SYSTEM32\DBGHELP.DLL
0x00007ff82e070000 - 0x00007ff82e0a4000 	C:\Windows\SYSTEM32\dbgcore.DLL
0x00007ff835a00000 - 0x00007ff835a82000 	C:\Windows\System32\bcryptPrimitives.dll
0x00007ff815960000 - 0x00007ff815985000 	C:\Program Files\Android\Android Studio\jbr\bin\java.dll
0x00007ff8159b0000 - 0x00007ff8159c8000 	C:\Program Files\Android\Android Studio\jbr\bin\zip.dll
0x00007ff836840000 - 0x00007ff836f84000 	C:\Windows\System32\SHELL32.dll
0x00007ff833160000 - 0x00007ff8338f4000 	C:\Windows\SYSTEM32\windows.storage.dll
0x00007ff835ee0000 - 0x00007ff836234000 	C:\Windows\System32\combase.dll
0x00007ff834c40000 - 0x00007ff834c6e000 	C:\Windows\SYSTEM32\Wldp.dll
0x00007ff836350000 - 0x00007ff8363fd000 	C:\Windows\System32\SHCORE.dll
0x00007ff8362f0000 - 0x00007ff836345000 	C:\Windows\System32\shlwapi.dll
0x00007ff835140000 - 0x00007ff835165000 	C:\Windows\SYSTEM32\profapi.dll
0x00007ff8158b0000 - 0x00007ff8158c9000 	C:\Program Files\Android\Android Studio\jbr\bin\net.dll
0x00007ff825de0000 - 0x00007ff825eea000 	C:\Windows\SYSTEM32\WINHTTP.dll
0x00007ff8349a0000 - 0x00007ff834a0a000 	C:\Windows\system32\mswsock.dll
0x00007ff815520000 - 0x00007ff815536000 	C:\Program Files\Android\Android Studio\jbr\bin\nio.dll
0x00007ff818c00000 - 0x00007ff818c10000 	C:\Program Files\Android\Android Studio\jbr\bin\verify.dll
0x00007ff803740000 - 0x00007ff803767000 	C:\Users\Manas Gupta\.gradle\native\68d5fa5c4cc2d200863cafc0d521ce42e7d3e7ee720ec0a83991735586a16f82\windows-amd64\native-platform.dll
0x00007ffffaea0000 - 0x00007ffffafe4000 	C:\Users\Manas Gupta\.gradle\native\e376f236ea51e6404a007f0833ffe2c6e607c4080706a723a18a27aeea778392\windows-amd64\native-platform-file-events.dll
0x00007ff81e710000 - 0x00007ff81e719000 	C:\Program Files\Android\Android Studio\jbr\bin\management.dll
0x00007ff81e440000 - 0x00007ff81e44b000 	C:\Program Files\Android\Android Studio\jbr\bin\management_ext.dll
0x00007ff835db0000 - 0x00007ff835db8000 	C:\Windows\System32\PSAPI.DLL
0x00007ff834b90000 - 0x00007ff834ba8000 	C:\Windows\SYSTEM32\CRYPTSP.dll
0x00007ff834250000 - 0x00007ff834284000 	C:\Windows\system32\rsaenh.dll
0x00007ff835860000 - 0x00007ff835887000 	C:\Windows\System32\bcrypt.dll
0x00007ff8350c0000 - 0x00007ff8350ee000 	C:\Windows\SYSTEM32\USERENV.dll
0x00007ff834bb0000 - 0x00007ff834bbc000 	C:\Windows\SYSTEM32\CRYPTBASE.dll
0x00007ff834640000 - 0x00007ff83467c000 	C:\Windows\SYSTEM32\IPHLPAPI.DLL
0x00007ff835da0000 - 0x00007ff835da8000 	C:\Windows\System32\NSI.dll
0x00007ff82ba20000 - 0x00007ff82ba37000 	C:\Windows\SYSTEM32\dhcpcsvc6.DLL
0x00007ff82bcc0000 - 0x00007ff82bcdd000 	C:\Windows\SYSTEM32\dhcpcsvc.DLL
0x00007ff834690000 - 0x00007ff83475a000 	C:\Windows\SYSTEM32\DNSAPI.dll
0x00007ff816c60000 - 0x00007ff816c67000 	C:\Windows\system32\wshunix.dll
0x00007ff826140000 - 0x00007ff82614a000 	C:\Windows\System32\rasadhlp.dll
0x00007ff824eb0000 - 0x00007ff824f32000 	C:\Windows\System32\fwpuclnt.dll

dbghelp: loaded successfully - version: 4.0.5 - missing functions: none
symbol engine: initialized successfully - sym options: 0x614 - pdb path: .;C:\Program Files\Android\Android Studio\jbr\bin;C:\Windows\SYSTEM32;C:\Windows\WinSxS\amd64_microsoft.windows.common-controls_6595b64144ccf1df_6.0.19041.1110_none_60b5254171f9507e;C:\Program Files\Android\Android Studio\jbr\bin\server;C:\Users\Manas Gupta\.gradle\native\68d5fa5c4cc2d200863cafc0d521ce42e7d3e7ee720ec0a83991735586a16f82\windows-amd64;C:\Users\Manas Gupta\.gradle\native\e376f236ea51e6404a007f0833ffe2c6e607c4080706a723a18a27aeea778392\windows-amd64

VM Arguments:
jvm_args: --add-opens=java.base/java.util=ALL-UNNAMED --add-opens=java.base/java.lang=ALL-UNNAMED --add-opens=java.base/java.lang.invoke=ALL-UNNAMED --add-opens=java.prefs/java.util.prefs=ALL-UNNAMED --add-opens=java.base/java.nio.charset=ALL-UNNAMED --add-opens=java.base/java.net=ALL-UNNAMED --add-opens=java.base/java.util.concurrent.atomic=ALL-UNNAMED -Xmx1536M -Dfile.encoding=windows-1252 -Duser.country=US -Duser.language=en -Duser.variant 
java_command: org.gradle.launcher.daemon.bootstrap.GradleDaemon 7.6.1
java_class_path (initial): C:\Users\Manas Gupta\.gradle\wrapper\dists\gradle-7.6.1-all\942lu1p9i6mhoyzmt401s4g74\gradle-7.6.1\lib\gradle-launcher-7.6.1.jar
Launcher Type: SUN_STANDARD

[Global flags]
     intx CICompilerCount                          = 3                                         {product} {ergonomic}
     uint ConcGCThreads                            = 1                                         {product} {ergonomic}
     uint G1ConcRefinementThreads                  = 4                                         {product} {ergonomic}
   size_t G1HeapRegionSize                         = 1048576                                   {product} {ergonomic}
    uintx GCDrainStackTargetSize                   = 64                                        {product} {ergonomic}
   size_t InitialHeapSize                          = 132120576                                 {product} {ergonomic}
   size_t MarkStackSize                            = 4194304                                   {product} {ergonomic}
   size_t MaxHeapSize                              = 1610612736                                {product} {command line}
   size_t MaxNewSize                               = 965738496                                 {product} {ergonomic}
   size_t MinHeapDeltaBytes                        = 1048576                                   {product} {ergonomic}
   size_t MinHeapSize                              = 8388608                                   {product} {ergonomic}
    uintx NonNMethodCodeHeapSize                   = 5832780                                {pd product} {ergonomic}
    uintx NonProfiledCodeHeapSize                  = 122912730                              {pd product} {ergonomic}
    uintx ProfiledCodeHeapSize                     = 122912730                              {pd product} {ergonomic}
    uintx ReservedCodeCacheSize                    = 251658240                              {pd product} {ergonomic}
     bool SegmentedCodeCache                       = true                                      {product} {ergonomic}
   size_t SoftMaxHeapSize                          = 1610612736                             {manageable} {ergonomic}
     bool UseCompressedClassPointers               = true                           {product lp64_product} {ergonomic}
     bool UseCompressedOops                        = true                           {product lp64_product} {ergonomic}
     bool UseG1GC                                  = true                                      {product} {ergonomic}
     bool UseLargePagesIndividualAllocation        = false                                  {pd product} {ergonomic}

Logging:
Log output configuration:
 #0: stdout all=warning uptime,level,tags
 #1: stderr all=off uptime,level,tags

Environment Variables:
JAVA_HOME=C:\Program Files\Android\Android Studio\jbr
CLASSPATH=F:\Flutter\Projects\Todo-App-using-Flutter-Django\frontend\android\\gradle\wrapper\gradle-wrapper.jar
PATH=C:\Python310\Scripts\;C:\Python310\;D:\JAVA\jdk_VS\bin;D:\JAVA\JDK\bin;C:\Program Files\Common Files\Oracle\Java\javapath;C:\Program Files (x86)\Common Files\Oracle\Java\javapath;C:\Program Files (x86)\Common Files\Intel\Shared Libraries\redist\intel64\compiler;D:\PYTHON\Python39\Scripts\;D:\PYTHON\Python39\;C:\Windows\system32;C:\Windows;C:\Windows\System32\Wbem;C:\Windows\System32\WindowsPowerShell\v1.0\;C:\Windows\System32\OpenSSH\;C:\Program Files (x86)\AMD\ATI.ACE\Core-Static;D:\AMD\ATI.ACE\Core-Static;C:\Program Files\dotnet\;C:\Program Files (x86)\Intel\Intel(R) Management Engine Components\DAL;C:\Program Files\Intel\Intel(R) Management Engine Components\DAL;C:\ProgramData\chocolatey\bin;D:\temp\bin;C:\Program Files\Git\cmd;D:\PROGRAM FILES\Node_Js\;C:\Program Files\MongoDB\Server\6.0\bin;C:\Program Files\MySQL\MySQL Shell 8.0\bin\;D:\PYTHON\Microsoft VS Code\bin;D:\JAVA\Intellij2020\JetBrains\IntelliJ IDEA Community Edition 2020.3.3\bin;;D:\C Language\Compiler files\mingw64\bin;D:\PYTHON\JetBrains_PyCharm_Professional_2021.1x64\PyCharm 2021.1\bin;;C:\Users\Manas Gupta\AppData\Local\Microsoft\WindowsApps;C:\Users\Manas Gupta\AppData\Local\Programs\Microsoft VS Code\bin;F:\Flutter\flutter\bin;D:\JAVA\JDK20\bin;C:\Users\Manas Gupta\AppData\Local\GitHubDesktop\bin;C:\Users\Manas Gupta\AppData\Roaming\npm;F:\Flutter\flutter\bin\mingit\cmd
USERNAME=Manas Gupta
OS=Windows_NT
PROCESSOR_IDENTIFIER=Intel64 Family 6 Model 142 Stepping 9, GenuineIntel
TMP=C:\Users\Manas Gupta\AppData\Local\Temp
TEMP=C:\Users\Manas Gupta\AppData\Local\Temp



---------------  S Y S T E M  ---------------

OS:
 Windows 10 , 64 bit Build 19041 (10.0.19041.3155)
OS uptime: 10 days 15:25 hours

CPU: total 4 (initial active 4) (2 cores per cpu, 2 threads per core) family 6 model 142 stepping 9 microcode 0xec, cx8, cmov, fxsr, ht, mmx, 3dnowpref, sse, sse2, sse3, ssse3, sse4.1, sse4.2, popcnt, lzcnt, tsc, tscinvbit, avx, avx2, aes, erms, clmul, bmi1, bmi2, adx, fma, vzeroupper, clflush, clflushopt

Memory: 4k page, system-wide physical 8057M (2327M free)
TotalPageFile size 22225M (AvailPageFile size 4M)
current process WorkingSet (physical memory assigned to process): 201M, peak: 434M
current process commit charge ("private bytes"): 499M, peak: 531M

vm_info: OpenJDK 64-Bit Server VM (17.0.6+0-b2043.56-9586694) for windows-amd64 JRE (17.0.6+0-b2043.56-9586694), built on Feb  9 2023 20:06:20 by "androidbuild" with MS VC++ 16.10 / 16.11 (VS2019)

END.
