#
# There is insufficient memory for the Java Runtime Environment to continue.
# Native memory allocation (malloc) failed to allocate 32744 bytes for ChunkPool::allocate
# Possible reasons:
#   The system is out of physical RAM or swap space
#   The process is running with CompressedOops enabled, and the Java Heap may be blocking the growth of the native heap
# Possible solutions:
#   Reduce memory load on the system
#   Increase physical memory or swap space
#   Check if swap backing store is full
#   Decrease Java heap size (-Xmx/-Xms)
#   Decrease number of Java threads
#   Decrease Java thread stack sizes (-Xss)
#   Set larger code cache with -XX:ReservedCodeCacheSize=
#   JVM is running with Unscaled Compressed Oops mode in which the Java heap is
#     placed in the first 4GB address space. The Java Heap base address is the
#     maximum limit for the native heap growth. Please use -XX:HeapBaseMinAddress
#     to set the Java Heap base and to place the Java Heap above 4GB virtual address.
# This output file may be truncated or incomplete.
#
#  Out of Memory Error (arena.cpp:78), pid=9888, tid=16820
#
# JRE version: OpenJDK Runtime Environment (17.0.6) (build 17.0.6+0-b2043.56-9586694)
# Java VM: OpenJDK 64-Bit Server VM (17.0.6+0-b2043.56-9586694, mixed mode, tiered, compressed oops, compressed class ptrs, g1 gc, windows-amd64)
# No core dump will be written. Minidumps are not enabled by default on client versions of Windows
#

---------------  S U M M A R Y ------------

Command Line: --add-opens=java.base/java.util=ALL-UNNAMED --add-opens=java.base/java.lang=ALL-UNNAMED --add-opens=java.base/java.lang.invoke=ALL-UNNAMED --add-opens=java.prefs/java.util.prefs=ALL-UNNAMED --add-opens=java.base/java.nio.charset=ALL-UNNAMED --add-opens=java.base/java.net=ALL-UNNAMED --add-opens=java.base/java.util.concurrent.atomic=ALL-UNNAMED -Xmx1536M -Dfile.encoding=windows-1252 -Duser.country=US -Duser.language=en -Duser.variant org.gradle.launcher.daemon.bootstrap.GradleDaemon 7.6.1

Host: Intel(R) Core(TM) i5-7200U CPU @ 2.50GHz, 4 cores, 7G,  Windows 10 , 64 bit Build 19041 (10.0.19041.3155)
Time: Thu Jul 13 16:28:26 2023 India Standard Time elapsed time: 57.896588 seconds (0d 0h 0m 57s)

---------------  T H R E A D  ---------------

Current thread (0x0000021ba9c77800):  JavaThread "C1 CompilerThread0" daemon [_thread_in_native, id=16820, stack(0x0000003849800000,0x0000003849900000)]


Current CompileTask:
C1:  57896 11321   !   3       java.nio.charset.CharsetEncoder::encode (273 bytes)

Stack: [0x0000003849800000,0x0000003849900000]
Native frames: (J=compiled Java code, j=interpreted, Vv=VM code, C=native code)
V  [jvm.dll+0x683b4a]
V  [jvm.dll+0x842654]
V  [jvm.dll+0x843dfe]
V  [jvm.dll+0x844463]
V  [jvm.dll+0x249b75]
V  [jvm.dll+0xabecc]
V  [jvm.dll+0xac27c]
V  [jvm.dll+0xb87cd]
V  [jvm.dll+0x160674]
V  [jvm.dll+0x16c9c9]
V  [jvm.dll+0x16cabc]
V  [jvm.dll+0x1621ce]
V  [jvm.dll+0x15f10e]
V  [jvm.dll+0x14d410]
V  [jvm.dll+0x135ef7]
V  [jvm.dll+0x13587f]
V  [jvm.dll+0x135ab6]
V  [jvm.dll+0x134f4a]
V  [jvm.dll+0x136c11]
V  [jvm.dll+0x22b098]
V  [jvm.dll+0x229159]
V  [jvm.dll+0x7f809c]
V  [jvm.dll+0x7f25fa]
V  [jvm.dll+0x682985]
C  [ucrtbase.dll+0x21bb2]
C  [KERNEL32.DLL+0x17614]
C  [ntdll.dll+0x526b1]


---------------  P R O C E S S  ---------------

Threads class SMR info:
_java_thread_list=0x0000021bafb2e6f0, length=89, elements={
0x0000021b90f4ca00, 0x0000021ba921ab40, 0x0000021ba921b8c0, 0x0000021ba925d420,
0x0000021ba9237580, 0x0000021ba9239e50, 0x0000021ba9c2a410, 0x0000021ba9c2acd0,
0x0000021ba9c77800, 0x0000021ba9c7bd30, 0x0000021ba9da3030, 0x0000021ba9da3500,
0x0000021bac5ca280, 0x0000021bab284fc0, 0x0000021bab285490, 0x0000021bab2837b0,
0x0000021bab285960, 0x0000021bab285e30, 0x0000021bab286300, 0x0000021bab283c80,
0x0000021bab284620, 0x0000021bab284150, 0x0000021bab284af0, 0x0000021bab282940,
0x0000021bab282e10, 0x0000021bac3c7be0, 0x0000021bac3c7710, 0x0000021bac3c4220,
0x0000021bac3c5560, 0x0000021bac3c63d0, 0x0000021bac3c68a0, 0x0000021bac3c6d70,
0x0000021bac3c33b0, 0x0000021bac3c7240, 0x0000021bac3c3880, 0x0000021bac3c5090,
0x0000021bac3c4bc0, 0x0000021bac3c80b0, 0x0000021bac3c2540, 0x0000021bac3c8f20,
0x0000021bac3c8580, 0x0000021bac3c93f0, 0x0000021bac3c8a50, 0x0000021bac3c98c0,
0x0000021bac3c2a10, 0x0000021bae5c3220, 0x0000021bae5c23b0, 0x0000021bae5c1a10,
0x0000021bae5c2d50, 0x0000021bae5beec0, 0x0000021bae5c36f0, 0x0000021bae5c3bc0,
0x0000021bae5c4090, 0x0000021bae5be9f0, 0x0000021bae5bd1e0, 0x0000021bae5bcd10,
0x0000021bae5c1ee0, 0x0000021bae5c4560, 0x0000021bae5bd6b0, 0x0000021bae5bdb80,
0x0000021bae5be050, 0x0000021bae5bf860, 0x0000021bae5be520, 0x0000021bae5bf390,
0x0000021bae5bfd30, 0x0000021bae5c0200, 0x0000021bae5c06d0, 0x0000021bae5c0ba0,
0x0000021bae5c1070, 0x0000021bae5c2880, 0x0000021bae5c1540, 0x0000021baccf8360,
0x0000021baccfa510, 0x0000021baccfa9e0, 0x0000021baccfa040, 0x0000021baccf5340,
0x0000021baccfaeb0, 0x0000021baccfb380, 0x0000021baccf96a0, 0x0000021baccf8d00,
0x0000021baccf61b0, 0x0000021baccf6680, 0x0000021baccf49a0, 0x0000021baccf5ce0,
0x0000021baccf7020, 0x0000021baccf7e90, 0x0000021bb234b5c0, 0x0000021bb2348f40,
0x0000021bb23498e0
}

Java Threads: ( => current thread )
  0x0000021b90f4ca00 JavaThread "main" [_thread_blocked, id=12612, stack(0x0000003848900000,0x0000003848a00000)]
  0x0000021ba921ab40 JavaThread "Reference Handler" daemon [_thread_blocked, id=5256, stack(0x0000003849100000,0x0000003849200000)]
  0x0000021ba921b8c0 JavaThread "Finalizer" daemon [_thread_blocked, id=8492, stack(0x0000003849200000,0x0000003849300000)]
  0x0000021ba925d420 JavaThread "Signal Dispatcher" daemon [_thread_blocked, id=15024, stack(0x0000003849300000,0x0000003849400000)]
  0x0000021ba9237580 JavaThread "Attach Listener" daemon [_thread_blocked, id=7452, stack(0x0000003849400000,0x0000003849500000)]
  0x0000021ba9239e50 JavaThread "Service Thread" daemon [_thread_blocked, id=15316, stack(0x0000003849500000,0x0000003849600000)]
  0x0000021ba9c2a410 JavaThread "Monitor Deflation Thread" daemon [_thread_blocked, id=7828, stack(0x0000003849600000,0x0000003849700000)]
  0x0000021ba9c2acd0 JavaThread "C2 CompilerThread0" daemon [_thread_in_native, id=14704, stack(0x0000003849700000,0x0000003849800000)]
=>0x0000021ba9c77800 JavaThread "C1 CompilerThread0" daemon [_thread_in_native, id=16820, stack(0x0000003849800000,0x0000003849900000)]
  0x0000021ba9c7bd30 JavaThread "Sweeper thread" daemon [_thread_blocked, id=9168, stack(0x0000003849900000,0x0000003849a00000)]
  0x0000021ba9da3030 JavaThread "Common-Cleaner" daemon [_thread_blocked, id=16936, stack(0x0000003849a00000,0x0000003849b00000)]
  0x0000021ba9da3500 JavaThread "Notification Thread" daemon [_thread_blocked, id=8488, stack(0x0000003849b00000,0x0000003849c00000)]
  0x0000021bac5ca280 JavaThread "Daemon health stats" [_thread_blocked, id=9448, stack(0x000000384a100000,0x000000384a200000)]
  0x0000021bab284fc0 JavaThread "Incoming local TCP Connector on port 26368" [_thread_in_native, id=14816, stack(0x0000003849d00000,0x0000003849e00000)]
  0x0000021bab285490 JavaThread "Daemon periodic checks" [_thread_blocked, id=15892, stack(0x000000384a200000,0x000000384a300000)]
  0x0000021bab2837b0 JavaThread "Daemon" [_thread_blocked, id=6368, stack(0x000000384a300000,0x000000384a400000)]
  0x0000021bab285960 JavaThread "Handler for socket connection from /127.0.0.1:26368 to /127.0.0.1:26369" [_thread_in_native, id=9836, stack(0x000000384a400000,0x000000384a500000)]
  0x0000021bab285e30 JavaThread "Cancel handler" [_thread_blocked, id=5768, stack(0x000000384a500000,0x000000384a600000)]
  0x0000021bab286300 JavaThread "Daemon worker" [_thread_blocked, id=14260, stack(0x000000384a600000,0x000000384a700000)]
  0x0000021bab283c80 JavaThread "Asynchronous log dispatcher for DefaultDaemonConnection: socket connection from /127.0.0.1:26368 to /127.0.0.1:26369" [_thread_in_vm, id=10512, stack(0x000000384a700000,0x000000384a800000)]
  0x0000021bab284620 JavaThread "Stdin handler" [_thread_blocked, id=8244, stack(0x000000384a800000,0x000000384a900000)]
  0x0000021bab284150 JavaThread "Daemon client event forwarder" [_thread_blocked, id=10616, stack(0x000000384a900000,0x000000384aa00000)]
  0x0000021bab284af0 JavaThread "Cache worker for journal cache (C:\Users\Manas Gupta\.gradle\caches\journal-1)" [_thread_blocked, id=15580, stack(0x000000384aa00000,0x000000384ab00000)]
  0x0000021bab282940 JavaThread "File lock request listener" [_thread_in_native, id=14968, stack(0x000000384ab00000,0x000000384ac00000)]
  0x0000021bab282e10 JavaThread "Cache worker for file hash cache (C:\Users\Manas Gupta\.gradle\caches\7.6.1\fileHashes)" [_thread_blocked, id=11316, stack(0x000000384ac00000,0x000000384ad00000)]
  0x0000021bac3c7be0 JavaThread "File watcher server" daemon [_thread_in_native, id=11668, stack(0x000000384ae00000,0x000000384af00000)]
  0x0000021bac3c7710 JavaThread "File watcher consumer" daemon [_thread_blocked, id=14788, stack(0x000000384af00000,0x000000384b000000)]
  0x0000021bac3c4220 JavaThread "Cache worker for checksums cache (F:\Flutter\Projects\Todo-App-using-Flutter-Django\frontend\android\.gradle\7.6.1\checksums)" [_thread_blocked, id=3744, stack(0x000000384b000000,0x000000384b100000)]
  0x0000021bac3c5560 JavaThread "Cache worker for cache directory md-rule (C:\Users\Manas Gupta\.gradle\caches\7.6.1\md-rule)" [_thread_blocked, id=14048, stack(0x000000384b100000,0x000000384b200000)]
  0x0000021bac3c63d0 JavaThread "Cache worker for file content cache (C:\Users\Manas Gupta\.gradle\caches\7.6.1\fileContent)" [_thread_blocked, id=16476, stack(0x000000384b200000,0x000000384b300000)]
  0x0000021bac3c68a0 JavaThread "Cache worker for file hash cache (F:\Flutter\Projects\Todo-App-using-Flutter-Django\frontend\android\.gradle\7.6.1\fileHashes)" [_thread_blocked, id=3036, stack(0x000000384b300000,0x000000384b400000)]
  0x0000021bac3c6d70 JavaThread "Cache worker for cache directory md-supplier (C:\Users\Manas Gupta\.gradle\caches\7.6.1\md-supplier)" [_thread_blocked, id=14476, stack(0x000000384b400000,0x000000384b500000)]
  0x0000021bac3c33b0 JavaThread "Cache worker for execution history cache (C:\Users\Manas Gupta\.gradle\caches\7.6.1\executionHistory)" [_thread_blocked, id=14412, stack(0x000000384b500000,0x000000384b600000)]
  0x0000021bac3c7240 JavaThread "jar transforms" [_thread_blocked, id=11712, stack(0x000000384b700000,0x000000384b800000)]
  0x0000021bac3c3880 JavaThread "jar transforms Thread 2" [_thread_blocked, id=14332, stack(0x000000384b800000,0x000000384b900000)]
  0x0000021bac3c5090 JavaThread "jar transforms Thread 3" [_thread_blocked, id=13756, stack(0x000000384b900000,0x000000384ba00000)]
  0x0000021bac3c4bc0 JavaThread "jar transforms Thread 4" [_thread_blocked, id=10456, stack(0x000000384ba00000,0x000000384bb00000)]
  0x0000021bac3c80b0 JavaThread "Cache worker for dependencies-accessors (F:\Flutter\Projects\Todo-App-using-Flutter-Django\frontend\android\.gradle\7.6.1\dependencies-accessors)" [_thread_blocked, id=14876, stack(0x000000384bb00000,0x000000384bc00000)]
  0x0000021bac3c2540 JavaThread "Cache worker for Build Output Cleanup Cache (F:\Flutter\Projects\Todo-App-using-Flutter-Django\frontend\android\.gradle\buildOutputCleanup)" [_thread_blocked, id=12372, stack(0x000000384bc00000,0x000000384bd00000)]
  0x0000021bac3c8f20 JavaThread "Unconstrained build operations" [_thread_blocked, id=4344, stack(0x000000384bd00000,0x000000384be00000)]
  0x0000021bac3c8580 JavaThread "Unconstrained build operations Thread 2" [_thread_blocked, id=13068, stack(0x000000384be00000,0x000000384bf00000)]
  0x0000021bac3c93f0 JavaThread "Unconstrained build operations Thread 3" [_thread_blocked, id=13412, stack(0x000000384bf00000,0x000000384c000000)]
  0x0000021bac3c8a50 JavaThread "Unconstrained build operations Thread 4" [_thread_blocked, id=15932, stack(0x000000384c000000,0x000000384c100000)]
  0x0000021bac3c98c0 JavaThread "Unconstrained build operations Thread 5" [_thread_blocked, id=8512, stack(0x000000384c100000,0x000000384c200000)]
  0x0000021bac3c2a10 JavaThread "Unconstrained build operations Thread 6" [_thread_blocked, id=10648, stack(0x000000384c200000,0x000000384c300000)]
  0x0000021bae5c3220 JavaThread "Unconstrained build operations Thread 7" [_thread_blocked, id=16612, stack(0x000000384c300000,0x000000384c400000)]
  0x0000021bae5c23b0 JavaThread "Unconstrained build operations Thread 8" [_thread_blocked, id=1720, stack(0x000000384c400000,0x000000384c500000)]
  0x0000021bae5c1a10 JavaThread "Unconstrained build operations Thread 9" [_thread_blocked, id=15512, stack(0x000000384c500000,0x000000384c600000)]
  0x0000021bae5c2d50 JavaThread "Unconstrained build operations Thread 10" [_thread_blocked, id=15696, stack(0x000000384c600000,0x000000384c700000)]
  0x0000021bae5beec0 JavaThread "Unconstrained build operations Thread 11" [_thread_blocked, id=10632, stack(0x000000384c700000,0x000000384c800000)]
  0x0000021bae5c36f0 JavaThread "Unconstrained build operations Thread 12" [_thread_blocked, id=13948, stack(0x000000384c800000,0x000000384c900000)]
  0x0000021bae5c3bc0 JavaThread "Unconstrained build operations Thread 13" [_thread_blocked, id=7268, stack(0x000000384c900000,0x000000384ca00000)]
  0x0000021bae5c4090 JavaThread "Unconstrained build operations Thread 14" [_thread_blocked, id=16876, stack(0x000000384ca00000,0x000000384cb00000)]
  0x0000021bae5be9f0 JavaThread "Unconstrained build operations Thread 15" [_thread_blocked, id=4036, stack(0x000000384cb00000,0x000000384cc00000)]
  0x0000021bae5bd1e0 JavaThread "Unconstrained build operations Thread 16" [_thread_blocked, id=140, stack(0x000000384cc00000,0x000000384cd00000)]
  0x0000021bae5bcd10 JavaThread "Unconstrained build operations Thread 17" [_thread_blocked, id=15240, stack(0x000000384cd00000,0x000000384ce00000)]
  0x0000021bae5c1ee0 JavaThread "Unconstrained build operations Thread 18" [_thread_blocked, id=12872, stack(0x000000384ce00000,0x000000384cf00000)]
  0x0000021bae5c4560 JavaThread "Unconstrained build operations Thread 19" [_thread_blocked, id=16720, stack(0x000000384cf00000,0x000000384d000000)]
  0x0000021bae5bd6b0 JavaThread "Unconstrained build operations Thread 20" [_thread_blocked, id=10296, stack(0x000000384d000000,0x000000384d100000)]
  0x0000021bae5bdb80 JavaThread "Unconstrained build operations Thread 21" [_thread_blocked, id=6952, stack(0x000000384d100000,0x000000384d200000)]
  0x0000021bae5be050 JavaThread "Unconstrained build operations Thread 22" [_thread_blocked, id=900, stack(0x000000384d200000,0x000000384d300000)]
  0x0000021bae5bf860 JavaThread "Unconstrained build operations Thread 23" [_thread_blocked, id=13244, stack(0x000000384d300000,0x000000384d400000)]
  0x0000021bae5be520 JavaThread "Unconstrained build operations Thread 24" [_thread_blocked, id=10000, stack(0x000000384d400000,0x000000384d500000)]
  0x0000021bae5bf390 JavaThread "Unconstrained build operations Thread 25" [_thread_blocked, id=13744, stack(0x000000384d500000,0x000000384d600000)]
  0x0000021bae5bfd30 JavaThread "Unconstrained build operations Thread 26" [_thread_blocked, id=564, stack(0x000000384d600000,0x000000384d700000)]
  0x0000021bae5c0200 JavaThread "Unconstrained build operations Thread 27" [_thread_blocked, id=10636, stack(0x000000384d700000,0x000000384d800000)]
  0x0000021bae5c06d0 JavaThread "Unconstrained build operations Thread 28" [_thread_blocked, id=6620, stack(0x000000384d800000,0x000000384d900000)]
  0x0000021bae5c0ba0 JavaThread "Unconstrained build operations Thread 29" [_thread_blocked, id=8852, stack(0x000000384d900000,0x000000384da00000)]
  0x0000021bae5c1070 JavaThread "Unconstrained build operations Thread 30" [_thread_blocked, id=7120, stack(0x000000384da00000,0x000000384db00000)]
  0x0000021bae5c2880 JavaThread "Unconstrained build operations Thread 31" [_thread_blocked, id=1416, stack(0x000000384db00000,0x000000384dc00000)]
  0x0000021bae5c1540 JavaThread "Unconstrained build operations Thread 32" [_thread_blocked, id=2084, stack(0x000000384dc00000,0x000000384dd00000)]
  0x0000021baccf8360 JavaThread "Unconstrained build operations Thread 33" [_thread_blocked, id=2340, stack(0x000000384dd00000,0x000000384de00000)]
  0x0000021baccfa510 JavaThread "Unconstrained build operations Thread 34" [_thread_blocked, id=14540, stack(0x000000384de00000,0x000000384df00000)]
  0x0000021baccfa9e0 JavaThread "Unconstrained build operations Thread 35" [_thread_blocked, id=14772, stack(0x000000384df00000,0x000000384e000000)]
  0x0000021baccfa040 JavaThread "Unconstrained build operations Thread 36" [_thread_blocked, id=3176, stack(0x000000384e000000,0x000000384e100000)]
  0x0000021baccf5340 JavaThread "Unconstrained build operations Thread 37" [_thread_blocked, id=9112, stack(0x000000384e100000,0x000000384e200000)]
  0x0000021baccfaeb0 JavaThread "Unconstrained build operations Thread 38" [_thread_blocked, id=15628, stack(0x000000384e200000,0x000000384e300000)]
  0x0000021baccfb380 JavaThread "Unconstrained build operations Thread 39" [_thread_blocked, id=7320, stack(0x000000384e300000,0x000000384e400000)]
  0x0000021baccf96a0 JavaThread "Unconstrained build operations Thread 40" [_thread_blocked, id=14964, stack(0x000000384e400000,0x000000384e500000)]
  0x0000021baccf8d00 JavaThread "Memory manager" [_thread_blocked, id=6756, stack(0x000000384e500000,0x000000384e600000)]
  0x0000021baccf61b0 JavaThread "Cache worker for kotlin-dsl (C:\Users\Manas Gupta\.gradle\caches\7.6.1\kotlin-dsl)" [_thread_blocked, id=12316, stack(0x000000384e600000,0x000000384e700000)]
  0x0000021baccf6680 JavaThread "included builds" [_thread_blocked, id=15368, stack(0x000000384e900000,0x000000384ea00000)]
  0x0000021baccf49a0 JavaThread "Execution worker" [_thread_blocked, id=4576, stack(0x000000384ea00000,0x000000384eb00000)]
  0x0000021baccf5ce0 JavaThread "Execution worker Thread 2" [_thread_blocked, id=10216, stack(0x000000384eb00000,0x000000384ec00000)]
  0x0000021baccf7020 JavaThread "Execution worker Thread 3" [_thread_blocked, id=5240, stack(0x000000384ec00000,0x000000384ed00000)]
  0x0000021baccf7e90 JavaThread "Cache worker for execution history cache (F:\Flutter\Projects\Todo-App-using-Flutter-Django\frontend\android\.gradle\7.6.1\executionHistory)" [_thread_blocked, id=12596, stack(0x000000384ed00000,0x000000384ee00000)]
  0x0000021bb234b5c0 JavaThread "Exec process" [_thread_in_native, id=13208, stack(0x000000384ee00000,0x000000384ef00000)]
  0x0000021bb2348f40 JavaThread "Exec process Thread 2" [_thread_in_vm, id=9308, stack(0x000000384ef00000,0x000000384f000000)]
  0x0000021bb23498e0 JavaThread "Exec process Thread 3" [_thread_in_native, id=15216, stack(0x000000384f000000,0x000000384f100000)]

Other Threads:
  0x0000021ba91efb60 VMThread "VM Thread" [stack: 0x0000003849000000,0x0000003849100000] [id=6016]
  0x0000021ba91901b0 WatcherThread [stack: 0x0000003849c00000,0x0000003849d00000] [id=16896]
  0x0000021b90f99320 GCTaskThread "GC Thread#0" [stack: 0x0000003848b00000,0x0000003848c00000] [id=10824]
  0x0000021baa68eb40 GCTaskThread "GC Thread#1" [stack: 0x0000003849e00000,0x0000003849f00000] [id=15756]
  0x0000021baa267cf0 GCTaskThread "GC Thread#2" [stack: 0x0000003849f00000,0x000000384a000000] [id=8968]
  0x0000021baa440c80 GCTaskThread "GC Thread#3" [stack: 0x000000384a000000,0x000000384a100000] [id=3428]
  0x0000021b90fa6170 ConcurrentGCThread "G1 Main Marker" [stack: 0x0000003848c00000,0x0000003848d00000] [id=16532]
  0x0000021b90fa7aa0 ConcurrentGCThread "G1 Conc#0" [stack: 0x0000003848d00000,0x0000003848e00000] [id=2784]
  0x0000021b9100f310 ConcurrentGCThread "G1 Refine#0" [stack: 0x0000003848e00000,0x0000003848f00000] [id=9364]
  0x0000021bacdf7040 ConcurrentGCThread "G1 Refine#1" [stack: 0x000000384b600000,0x000000384b700000] [id=4368]
  0x0000021b9100fc40 ConcurrentGCThread "G1 Service" [stack: 0x0000003848f00000,0x0000003849000000] [id=14916]

Threads with active compile tasks:
C2 CompilerThread0    57968 11314       4       org.gradle.internal.logging.text.AbstractLineChoppingStyledTextOutput::doAppend (43 bytes)
C1 CompilerThread0    57968 11321   !   3       java.nio.charset.CharsetEncoder::encode (273 bytes)

VM state: not at safepoint (normal execution)

VM Mutex/Monitor currently owned by a thread: None

OutOfMemory and StackOverflow Exception counts:
StackOverflowErrors=1
LinkageErrors=115

Heap address: 0x00000000a0000000, size: 1536 MB, Compressed Oops mode: 32-bit

CDS archive(s) not mapped
Compressed class space mapped at: 0x0000000100000000-0x0000000140000000, reserved size: 1073741824
Narrow klass base: 0x0000000000000000, Narrow klass shift: 3, Narrow klass range: 0x140000000

GC Precious Log:
 CPUs: 4 total, 4 available
 Memory: 8057M
 Large Page Support: Disabled
 NUMA Support: Disabled
 Compressed Oops: Enabled (32-bit)
 Heap Region Size: 1M
 Heap Min Capacity: 8M
 Heap Initial Capacity: 126M
 Heap Max Capacity: 1536M
 Pre-touch: Disabled
 Parallel Workers: 4
 Concurrent Workers: 1
 Concurrent Refinement Workers: 4
 Periodic GC: Disabled

Heap:
 garbage-first heap   total 252928K, used 147984K [0x00000000a0000000, 0x0000000100000000)
  region size 1024K, 66 young (67584K), 2 survivors (2048K)
 Metaspace       used 95190K, committed 96000K, reserved 1138688K
  class space    used 13067K, committed 13440K, reserved 1048576K

Heap Regions: E=young(eden), S=young(survivor), O=old, HS=humongous(starts), HC=humongous(continues), CS=collection set, F=free, OA=open archive, CA=closed archive, TAMS=top-at-mark-start (previous, next)
|   0|0x00000000a0000000, 0x00000000a0100000, 0x00000000a0100000|100%| O|  |TAMS 0x00000000a0100000, 0x00000000a0000000| Untracked 
|   1|0x00000000a0100000, 0x00000000a0200000, 0x00000000a0200000|100%| O|  |TAMS 0x00000000a0200000, 0x00000000a0100000| Untracked 
|   2|0x00000000a0200000, 0x00000000a0300000, 0x00000000a0300000|100%|HS|  |TAMS 0x00000000a0300000, 0x00000000a0200000| Complete 
|   3|0x00000000a0300000, 0x00000000a0400000, 0x00000000a0400000|100%|HC|  |TAMS 0x00000000a0400000, 0x00000000a0300000| Complete 
|   4|0x00000000a0400000, 0x00000000a0500000, 0x00000000a0500000|100%|HC|  |TAMS 0x00000000a0500000, 0x00000000a0400000| Complete 
|   5|0x00000000a0500000, 0x00000000a0600000, 0x00000000a0600000|100%| O|  |TAMS 0x00000000a0600000, 0x00000000a0500000| Untracked 
|   6|0x00000000a0600000, 0x00000000a0700000, 0x00000000a0700000|100%| O|  |TAMS 0x00000000a0700000, 0x00000000a0600000| Untracked 
|   7|0x00000000a0700000, 0x00000000a0800000, 0x00000000a0800000|100%| O|  |TAMS 0x00000000a0800000, 0x00000000a0700000| Untracked 
|   8|0x00000000a0800000, 0x00000000a0900000, 0x00000000a0900000|100%| O|  |TAMS 0x00000000a0900000, 0x00000000a0800000| Untracked 
|   9|0x00000000a0900000, 0x00000000a0a00000, 0x00000000a0a00000|100%| O|  |TAMS 0x00000000a0a00000, 0x00000000a0900000| Untracked 
|  10|0x00000000a0a00000, 0x00000000a0b00000, 0x00000000a0b00000|100%| O|  |TAMS 0x00000000a0b00000, 0x00000000a0a00000| Untracked 
|  11|0x00000000a0b00000, 0x00000000a0c00000, 0x00000000a0c00000|100%| O|  |TAMS 0x00000000a0c00000, 0x00000000a0b00000| Untracked 
|  12|0x00000000a0c00000, 0x00000000a0d00000, 0x00000000a0d00000|100%| O|  |TAMS 0x00000000a0d00000, 0x00000000a0c00000| Untracked 
|  13|0x00000000a0d00000, 0x00000000a0e00000, 0x00000000a0e00000|100%| O|  |TAMS 0x00000000a0e00000, 0x00000000a0d00000| Untracked 
|  14|0x00000000a0e00000, 0x00000000a0f00000, 0x00000000a0f00000|100%| O|  |TAMS 0x00000000a0f00000, 0x00000000a0e00000| Untracked 
|  15|0x00000000a0f00000, 0x00000000a1000000, 0x00000000a1000000|100%| O|  |TAMS 0x00000000a1000000, 0x00000000a0f00000| Untracked 
|  16|0x00000000a1000000, 0x00000000a1100000, 0x00000000a1100000|100%| O|  |TAMS 0x00000000a1100000, 0x00000000a1000000| Untracked 
|  17|0x00000000a1100000, 0x00000000a1200000, 0x00000000a1200000|100%| O|  |TAMS 0x00000000a1200000, 0x00000000a1100000| Untracked 
|  18|0x00000000a1200000, 0x00000000a1300000, 0x00000000a1300000|100%| O|  |TAMS 0x00000000a1300000, 0x00000000a1200000| Untracked 
|  19|0x00000000a1300000, 0x00000000a1400000, 0x00000000a1400000|100%| O|  |TAMS 0x00000000a1400000, 0x00000000a1300000| Untracked 
|  20|0x00000000a1400000, 0x00000000a1500000, 0x00000000a1500000|100%| O|  |TAMS 0x00000000a1500000, 0x00000000a1400000| Untracked 
|  21|0x00000000a1500000, 0x00000000a1600000, 0x00000000a1600000|100%| O|  |TAMS 0x00000000a1600000, 0x00000000a1500000| Untracked 
|  22|0x00000000a1600000, 0x00000000a1700000, 0x00000000a1700000|100%| O|  |TAMS 0x00000000a1700000, 0x00000000a1600000| Untracked 
|  23|0x00000000a1700000, 0x00000000a1800000, 0x00000000a1800000|100%| O|  |TAMS 0x00000000a1800000, 0x00000000a1700000| Untracked 
|  24|0x00000000a1800000, 0x00000000a1900000, 0x00000000a1900000|100%| O|  |TAMS 0x00000000a1900000, 0x00000000a1800000| Untracked 
|  25|0x00000000a1900000, 0x00000000a1a00000, 0x00000000a1a00000|100%| O|  |TAMS 0x00000000a1a00000, 0x00000000a1900000| Untracked 
|  26|0x00000000a1a00000, 0x00000000a1b00000, 0x00000000a1b00000|100%| O|  |TAMS 0x00000000a1b00000, 0x00000000a1a00000| Untracked 
|  27|0x00000000a1b00000, 0x00000000a1c00000, 0x00000000a1c00000|100%| O|  |TAMS 0x00000000a1c00000, 0x00000000a1b00000| Untracked 
|  28|0x00000000a1c00000, 0x00000000a1d00000, 0x00000000a1d00000|100%| O|  |TAMS 0x00000000a1c00000, 0x00000000a1c00000| Untracked 
|  29|0x00000000a1d00000, 0x00000000a1e00000, 0x00000000a1e00000|100%| O|  |TAMS 0x00000000a1e00000, 0x00000000a1d00000| Untracked 
|  30|0x00000000a1e00000, 0x00000000a1f00000, 0x00000000a1f00000|100%| O|  |TAMS 0x00000000a1f00000, 0x00000000a1e00000| Untracked 
|  31|0x00000000a1f00000, 0x00000000a2000000, 0x00000000a2000000|100%| O|  |TAMS 0x00000000a2000000, 0x00000000a1f00000| Untracked 
|  32|0x00000000a2000000, 0x00000000a2100000, 0x00000000a2100000|100%| O|  |TAMS 0x00000000a2100000, 0x00000000a2000000| Untracked 
|  33|0x00000000a2100000, 0x00000000a2200000, 0x00000000a2200000|100%| O|  |TAMS 0x00000000a2200000, 0x00000000a2100000| Untracked 
|  34|0x00000000a2200000, 0x00000000a2300000, 0x00000000a2300000|100%| O|  |TAMS 0x00000000a2300000, 0x00000000a2200000| Untracked 
|  35|0x00000000a2300000, 0x00000000a2400000, 0x00000000a2400000|100%|HS|  |TAMS 0x00000000a2400000, 0x00000000a2300000| Complete 
|  36|0x00000000a2400000, 0x00000000a2500000, 0x00000000a2500000|100%|HS|  |TAMS 0x00000000a2500000, 0x00000000a2400000| Complete 
|  37|0x00000000a2500000, 0x00000000a2600000, 0x00000000a2600000|100%|HS|  |TAMS 0x00000000a2600000, 0x00000000a2500000| Complete 
|  38|0x00000000a2600000, 0x00000000a2700000, 0x00000000a2700000|100%|HS|  |TAMS 0x00000000a2700000, 0x00000000a2600000| Complete 
|  39|0x00000000a2700000, 0x00000000a2800000, 0x00000000a2800000|100%|HC|  |TAMS 0x00000000a2800000, 0x00000000a2700000| Complete 
|  40|0x00000000a2800000, 0x00000000a2900000, 0x00000000a2900000|100%|HC|  |TAMS 0x00000000a2900000, 0x00000000a2800000| Complete 
|  41|0x00000000a2900000, 0x00000000a2a00000, 0x00000000a2a00000|100%| O|  |TAMS 0x00000000a2a00000, 0x00000000a2900000| Untracked 
|  42|0x00000000a2a00000, 0x00000000a2b00000, 0x00000000a2b00000|100%| O|  |TAMS 0x00000000a2b00000, 0x00000000a2a00000| Untracked 
|  43|0x00000000a2b00000, 0x00000000a2c00000, 0x00000000a2c00000|100%| O|  |TAMS 0x00000000a2c00000, 0x00000000a2b00000| Untracked 
|  44|0x00000000a2c00000, 0x00000000a2d00000, 0x00000000a2d00000|100%| O|  |TAMS 0x00000000a2d00000, 0x00000000a2c00000| Untracked 
|  45|0x00000000a2d00000, 0x00000000a2e00000, 0x00000000a2e00000|100%| O|  |TAMS 0x00000000a2e00000, 0x00000000a2d00000| Untracked 
|  46|0x00000000a2e00000, 0x00000000a2f00000, 0x00000000a2f00000|100%|HS|  |TAMS 0x00000000a2f00000, 0x00000000a2e00000| Complete 
|  47|0x00000000a2f00000, 0x00000000a3000000, 0x00000000a3000000|100%|HC|  |TAMS 0x00000000a3000000, 0x00000000a2f00000| Complete 
|  48|0x00000000a3000000, 0x00000000a3100000, 0x00000000a3100000|100%| O|  |TAMS 0x00000000a3100000, 0x00000000a3000000| Untracked 
|  49|0x00000000a3100000, 0x00000000a3200000, 0x00000000a3200000|100%| O|  |TAMS 0x00000000a3200000, 0x00000000a3100000| Untracked 
|  50|0x00000000a3200000, 0x00000000a3300000, 0x00000000a3300000|100%| O|  |TAMS 0x00000000a3300000, 0x00000000a3200000| Untracked 
|  51|0x00000000a3300000, 0x00000000a3400000, 0x00000000a3400000|100%| O|  |TAMS 0x00000000a3400000, 0x00000000a3300000| Untracked 
|  52|0x00000000a3400000, 0x00000000a3500000, 0x00000000a3500000|100%| O|  |TAMS 0x00000000a3500000, 0x00000000a3400000| Untracked 
|  53|0x00000000a3500000, 0x00000000a3600000, 0x00000000a3600000|100%| O|  |TAMS 0x00000000a3600000, 0x00000000a3500000| Untracked 
|  54|0x00000000a3600000, 0x00000000a3700000, 0x00000000a3700000|100%| O|  |TAMS 0x00000000a3700000, 0x00000000a3600000| Untracked 
|  55|0x00000000a3700000, 0x00000000a3800000, 0x00000000a3800000|100%| O|  |TAMS 0x00000000a3800000, 0x00000000a3700000| Untracked 
|  56|0x00000000a3800000, 0x00000000a3900000, 0x00000000a3900000|100%| O|  |TAMS 0x00000000a3900000, 0x00000000a3800000| Untracked 
|  57|0x00000000a3900000, 0x00000000a3a00000, 0x00000000a3a00000|100%| O|  |TAMS 0x00000000a3a00000, 0x00000000a3900000| Untracked 
|  58|0x00000000a3a00000, 0x00000000a3b00000, 0x00000000a3b00000|100%| O|  |TAMS 0x00000000a3b00000, 0x00000000a3a00000| Untracked 
|  59|0x00000000a3b00000, 0x00000000a3c00000, 0x00000000a3c00000|100%| O|  |TAMS 0x00000000a3c00000, 0x00000000a3b00000| Untracked 
|  60|0x00000000a3c00000, 0x00000000a3d00000, 0x00000000a3d00000|100%| O|  |TAMS 0x00000000a3d00000, 0x00000000a3c00000| Untracked 
|  61|0x00000000a3d00000, 0x00000000a3e00000, 0x00000000a3e00000|100%| O|  |TAMS 0x00000000a3e00000, 0x00000000a3d00000| Untracked 
|  62|0x00000000a3e00000, 0x00000000a3f00000, 0x00000000a3f00000|100%| O|  |TAMS 0x00000000a3f00000, 0x00000000a3e00000| Untracked 
|  63|0x00000000a3f00000, 0x00000000a4000000, 0x00000000a4000000|100%| O|  |TAMS 0x00000000a4000000, 0x00000000a3f00000| Untracked 
|  64|0x00000000a4000000, 0x00000000a4100000, 0x00000000a4100000|100%| O|  |TAMS 0x00000000a4100000, 0x00000000a4000000| Untracked 
|  65|0x00000000a4100000, 0x00000000a4200000, 0x00000000a4200000|100%| O|  |TAMS 0x00000000a4200000, 0x00000000a4100000| Untracked 
|  66|0x00000000a4200000, 0x00000000a4300000, 0x00000000a4300000|100%| O|  |TAMS 0x00000000a4300000, 0x00000000a4200000| Untracked 
|  67|0x00000000a4300000, 0x00000000a4400000, 0x00000000a4400000|100%| O|  |TAMS 0x00000000a4400000, 0x00000000a4300000| Untracked 
|  68|0x00000000a4400000, 0x00000000a4400000, 0x00000000a4500000|  0%| F|  |TAMS 0x00000000a4400000, 0x00000000a4400000| Untracked 
|  69|0x00000000a4500000, 0x00000000a4600000, 0x00000000a4600000|100%| O|  |TAMS 0x00000000a4500000, 0x00000000a4500000| Untracked 
|  70|0x00000000a4600000, 0x00000000a4700000, 0x00000000a4700000|100%| O|  |TAMS 0x00000000a4600000, 0x00000000a4600000| Untracked 
|  71|0x00000000a4700000, 0x00000000a4800000, 0x00000000a4800000|100%| O|  |TAMS 0x00000000a4700000, 0x00000000a4700000| Untracked 
|  72|0x00000000a4800000, 0x00000000a4900000, 0x00000000a4900000|100%| O|  |TAMS 0x00000000a4800000, 0x00000000a4800000| Untracked 
|  73|0x00000000a4900000, 0x00000000a4a00000, 0x00000000a4a00000|100%| O|  |TAMS 0x00000000a4900000, 0x00000000a4900000| Untracked 
|  74|0x00000000a4a00000, 0x00000000a4b00000, 0x00000000a4b00000|100%| O|  |TAMS 0x00000000a4a00000, 0x00000000a4a00000| Untracked 
|  75|0x00000000a4b00000, 0x00000000a4c00000, 0x00000000a4c00000|100%| O|  |TAMS 0x00000000a4b00000, 0x00000000a4b00000| Untracked 
|  76|0x00000000a4c00000, 0x00000000a4d00000, 0x00000000a4d00000|100%| O|  |TAMS 0x00000000a4c00000, 0x00000000a4c00000| Untracked 
|  77|0x00000000a4d00000, 0x00000000a4e00000, 0x00000000a4e00000|100%| O|  |TAMS 0x00000000a4d00000, 0x00000000a4d00000| Untracked 
|  78|0x00000000a4e00000, 0x00000000a4f00000, 0x00000000a4f00000|100%| O|  |TAMS 0x00000000a4e00000, 0x00000000a4e00000| Untracked 
|  79|0x00000000a4f00000, 0x00000000a5000000, 0x00000000a5000000|100%| O|  |TAMS 0x00000000a4f00000, 0x00000000a4f00000| Untracked 
|  80|0x00000000a5000000, 0x00000000a5100000, 0x00000000a5100000|100%| O|  |TAMS 0x00000000a5000000, 0x00000000a5000000| Untracked 
|  81|0x00000000a5100000, 0x00000000a5107400, 0x00000000a5200000|  2%| O|  |TAMS 0x00000000a5100000, 0x00000000a5100000| Untracked 
|  82|0x00000000a5200000, 0x00000000a5200000, 0x00000000a5300000|  0%| F|  |TAMS 0x00000000a5200000, 0x00000000a5200000| Untracked 
|  83|0x00000000a5300000, 0x00000000a5300000, 0x00000000a5400000|  0%| F|  |TAMS 0x00000000a5300000, 0x00000000a5300000| Untracked 
|  84|0x00000000a5400000, 0x00000000a5400000, 0x00000000a5500000|  0%| F|  |TAMS 0x00000000a5400000, 0x00000000a5400000| Untracked 
|  85|0x00000000a5500000, 0x00000000a5500000, 0x00000000a5600000|  0%| F|  |TAMS 0x00000000a5500000, 0x00000000a5500000| Untracked 
|  86|0x00000000a5600000, 0x00000000a5600000, 0x00000000a5700000|  0%| F|  |TAMS 0x00000000a5600000, 0x00000000a5600000| Untracked 
|  87|0x00000000a5700000, 0x00000000a5700000, 0x00000000a5800000|  0%| F|  |TAMS 0x00000000a5700000, 0x00000000a5700000| Untracked 
|  88|0x00000000a5800000, 0x00000000a5800000, 0x00000000a5900000|  0%| F|  |TAMS 0x00000000a5800000, 0x00000000a5800000| Untracked 
|  89|0x00000000a5900000, 0x00000000a5900000, 0x00000000a5a00000|  0%| F|  |TAMS 0x00000000a5900000, 0x00000000a5900000| Untracked 
|  90|0x00000000a5a00000, 0x00000000a5a00000, 0x00000000a5b00000|  0%| F|  |TAMS 0x00000000a5a00000, 0x00000000a5a00000| Untracked 
|  91|0x00000000a5b00000, 0x00000000a5b00000, 0x00000000a5c00000|  0%| F|  |TAMS 0x00000000a5b00000, 0x00000000a5b00000| Untracked 
|  92|0x00000000a5c00000, 0x00000000a5c00000, 0x00000000a5d00000|  0%| F|  |TAMS 0x00000000a5c00000, 0x00000000a5c00000| Untracked 
|  93|0x00000000a5d00000, 0x00000000a5d00000, 0x00000000a5e00000|  0%| F|  |TAMS 0x00000000a5d00000, 0x00000000a5d00000| Untracked 
|  94|0x00000000a5e00000, 0x00000000a5e00000, 0x00000000a5f00000|  0%| F|  |TAMS 0x00000000a5e00000, 0x00000000a5e00000| Untracked 
|  95|0x00000000a5f00000, 0x00000000a5f00000, 0x00000000a6000000|  0%| F|  |TAMS 0x00000000a5f00000, 0x00000000a5f00000| Untracked 
|  96|0x00000000a6000000, 0x00000000a6000000, 0x00000000a6100000|  0%| F|  |TAMS 0x00000000a6000000, 0x00000000a6000000| Untracked 
|  97|0x00000000a6100000, 0x00000000a6100000, 0x00000000a6200000|  0%| F|  |TAMS 0x00000000a6100000, 0x00000000a6100000| Untracked 
|  98|0x00000000a6200000, 0x00000000a6200000, 0x00000000a6300000|  0%| F|  |TAMS 0x00000000a6200000, 0x00000000a6200000| Untracked 
|  99|0x00000000a6300000, 0x00000000a6300000, 0x00000000a6400000|  0%| F|  |TAMS 0x00000000a6300000, 0x00000000a6300000| Untracked 
| 100|0x00000000a6400000, 0x00000000a6400000, 0x00000000a6500000|  0%| F|  |TAMS 0x00000000a6400000, 0x00000000a6400000| Untracked 
| 101|0x00000000a6500000, 0x00000000a6500000, 0x00000000a6600000|  0%| F|  |TAMS 0x00000000a6500000, 0x00000000a6500000| Untracked 
| 102|0x00000000a6600000, 0x00000000a6600000, 0x00000000a6700000|  0%| F|  |TAMS 0x00000000a6600000, 0x00000000a6600000| Untracked 
| 103|0x00000000a6700000, 0x00000000a6700000, 0x00000000a6800000|  0%| F|  |TAMS 0x00000000a6700000, 0x00000000a6700000| Untracked 
| 104|0x00000000a6800000, 0x00000000a6800000, 0x00000000a6900000|  0%| F|  |TAMS 0x00000000a6800000, 0x00000000a6800000| Untracked 
| 105|0x00000000a6900000, 0x00000000a6900000, 0x00000000a6a00000|  0%| F|  |TAMS 0x00000000a6900000, 0x00000000a6900000| Untracked 
| 106|0x00000000a6a00000, 0x00000000a6a00000, 0x00000000a6b00000|  0%| F|  |TAMS 0x00000000a6a00000, 0x00000000a6a00000| Untracked 
| 107|0x00000000a6b00000, 0x00000000a6b00000, 0x00000000a6c00000|  0%| F|  |TAMS 0x00000000a6b00000, 0x00000000a6b00000| Untracked 
| 108|0x00000000a6c00000, 0x00000000a6c00000, 0x00000000a6d00000|  0%| F|  |TAMS 0x00000000a6c00000, 0x00000000a6c00000| Untracked 
| 109|0x00000000a6d00000, 0x00000000a6d00000, 0x00000000a6e00000|  0%| F|  |TAMS 0x00000000a6d00000, 0x00000000a6d00000| Untracked 
| 110|0x00000000a6e00000, 0x00000000a6e00000, 0x00000000a6f00000|  0%| F|  |TAMS 0x00000000a6e00000, 0x00000000a6e00000| Untracked 
| 111|0x00000000a6f00000, 0x00000000a6f00000, 0x00000000a7000000|  0%| F|  |TAMS 0x00000000a6f00000, 0x00000000a6f00000| Untracked 
| 112|0x00000000a7000000, 0x00000000a7000000, 0x00000000a7100000|  0%| F|  |TAMS 0x00000000a7000000, 0x00000000a7000000| Untracked 
| 113|0x00000000a7100000, 0x00000000a7100000, 0x00000000a7200000|  0%| F|  |TAMS 0x00000000a7100000, 0x00000000a7100000| Untracked 
| 114|0x00000000a7200000, 0x00000000a7200000, 0x00000000a7300000|  0%| F|  |TAMS 0x00000000a7200000, 0x00000000a7200000| Untracked 
| 115|0x00000000a7300000, 0x00000000a7300000, 0x00000000a7400000|  0%| F|  |TAMS 0x00000000a7300000, 0x00000000a7300000| Untracked 
| 116|0x00000000a7400000, 0x00000000a7400000, 0x00000000a7500000|  0%| F|  |TAMS 0x00000000a7400000, 0x00000000a7400000| Untracked 
| 117|0x00000000a7500000, 0x00000000a7500000, 0x00000000a7600000|  0%| F|  |TAMS 0x00000000a7500000, 0x00000000a7500000| Untracked 
| 118|0x00000000a7600000, 0x00000000a7600000, 0x00000000a7700000|  0%| F|  |TAMS 0x00000000a7600000, 0x00000000a7600000| Untracked 
| 119|0x00000000a7700000, 0x00000000a7700000, 0x00000000a7800000|  0%| F|  |TAMS 0x00000000a7700000, 0x00000000a7700000| Untracked 
| 120|0x00000000a7800000, 0x00000000a7800000, 0x00000000a7900000|  0%| F|  |TAMS 0x00000000a7800000, 0x00000000a7800000| Untracked 
| 121|0x00000000a7900000, 0x00000000a7900000, 0x00000000a7a00000|  0%| F|  |TAMS 0x00000000a7900000, 0x00000000a7900000| Untracked 
| 122|0x00000000a7a00000, 0x00000000a7a00000, 0x00000000a7b00000|  0%| F|  |TAMS 0x00000000a7a00000, 0x00000000a7a00000| Untracked 
| 123|0x00000000a7b00000, 0x00000000a7b00000, 0x00000000a7c00000|  0%| F|  |TAMS 0x00000000a7b00000, 0x00000000a7b00000| Untracked 
| 124|0x00000000a7c00000, 0x00000000a7c00000, 0x00000000a7d00000|  0%| F|  |TAMS 0x00000000a7c00000, 0x00000000a7c00000| Untracked 
| 125|0x00000000a7d00000, 0x00000000a7d00000, 0x00000000a7e00000|  0%| F|  |TAMS 0x00000000a7d00000, 0x00000000a7d00000| Untracked 
| 126|0x00000000a7e00000, 0x00000000a7e00000, 0x00000000a7f00000|  0%| F|  |TAMS 0x00000000a7e00000, 0x00000000a7e00000| Untracked 
| 127|0x00000000a7f00000, 0x00000000a7f00000, 0x00000000a8000000|  0%| F|  |TAMS 0x00000000a7f00000, 0x00000000a7f00000| Untracked 
| 128|0x00000000a8000000, 0x00000000a8000000, 0x00000000a8100000|  0%| F|  |TAMS 0x00000000a8000000, 0x00000000a8000000| Untracked 
| 129|0x00000000a8100000, 0x00000000a8100000, 0x00000000a8200000|  0%| F|  |TAMS 0x00000000a8100000, 0x00000000a8100000| Untracked 
| 130|0x00000000a8200000, 0x00000000a8200000, 0x00000000a8300000|  0%| F|  |TAMS 0x00000000a8200000, 0x00000000a8200000| Untracked 
| 131|0x00000000a8300000, 0x00000000a8300000, 0x00000000a8400000|  0%| F|  |TAMS 0x00000000a8300000, 0x00000000a8300000| Untracked 
| 132|0x00000000a8400000, 0x00000000a8400000, 0x00000000a8500000|  0%| F|  |TAMS 0x00000000a8400000, 0x00000000a8400000| Untracked 
| 133|0x00000000a8500000, 0x00000000a8500000, 0x00000000a8600000|  0%| F|  |TAMS 0x00000000a8500000, 0x00000000a8500000| Untracked 
| 134|0x00000000a8600000, 0x00000000a8600000, 0x00000000a8700000|  0%| F|  |TAMS 0x00000000a8600000, 0x00000000a8600000| Untracked 
| 135|0x00000000a8700000, 0x00000000a8700000, 0x00000000a8800000|  0%| F|  |TAMS 0x00000000a8700000, 0x00000000a8700000| Untracked 
| 136|0x00000000a8800000, 0x00000000a8800000, 0x00000000a8900000|  0%| F|  |TAMS 0x00000000a8800000, 0x00000000a8800000| Untracked 
| 137|0x00000000a8900000, 0x00000000a8900000, 0x00000000a8a00000|  0%| F|  |TAMS 0x00000000a8900000, 0x00000000a8900000| Untracked 
| 138|0x00000000a8a00000, 0x00000000a8a00000, 0x00000000a8b00000|  0%| F|  |TAMS 0x00000000a8a00000, 0x00000000a8a00000| Untracked 
| 139|0x00000000a8b00000, 0x00000000a8b00000, 0x00000000a8c00000|  0%| F|  |TAMS 0x00000000a8b00000, 0x00000000a8b00000| Untracked 
| 140|0x00000000a8c00000, 0x00000000a8c00000, 0x00000000a8d00000|  0%| F|  |TAMS 0x00000000a8c00000, 0x00000000a8c00000| Untracked 
| 141|0x00000000a8d00000, 0x00000000a8d00000, 0x00000000a8e00000|  0%| F|  |TAMS 0x00000000a8d00000, 0x00000000a8d00000| Untracked 
| 142|0x00000000a8e00000, 0x00000000a8e00000, 0x00000000a8f00000|  0%| F|  |TAMS 0x00000000a8e00000, 0x00000000a8e00000| Untracked 
| 143|0x00000000a8f00000, 0x00000000a8f00000, 0x00000000a9000000|  0%| F|  |TAMS 0x00000000a8f00000, 0x00000000a8f00000| Untracked 
| 144|0x00000000a9000000, 0x00000000a9000000, 0x00000000a9100000|  0%| F|  |TAMS 0x00000000a9000000, 0x00000000a9000000| Untracked 
| 145|0x00000000a9100000, 0x00000000a9100000, 0x00000000a9200000|  0%| F|  |TAMS 0x00000000a9100000, 0x00000000a9100000| Untracked 
| 146|0x00000000a9200000, 0x00000000a9200000, 0x00000000a9300000|  0%| F|  |TAMS 0x00000000a9200000, 0x00000000a9200000| Untracked 
| 147|0x00000000a9300000, 0x00000000a9300000, 0x00000000a9400000|  0%| F|  |TAMS 0x00000000a9300000, 0x00000000a9300000| Untracked 
| 148|0x00000000a9400000, 0x00000000a9400000, 0x00000000a9500000|  0%| F|  |TAMS 0x00000000a9400000, 0x00000000a9400000| Untracked 
| 149|0x00000000a9500000, 0x00000000a9500000, 0x00000000a9600000|  0%| F|  |TAMS 0x00000000a9500000, 0x00000000a9500000| Untracked 
| 150|0x00000000a9600000, 0x00000000a9600000, 0x00000000a9700000|  0%| F|  |TAMS 0x00000000a9600000, 0x00000000a9600000| Untracked 
| 151|0x00000000a9700000, 0x00000000a9700000, 0x00000000a9800000|  0%| F|  |TAMS 0x00000000a9700000, 0x00000000a9700000| Untracked 
| 152|0x00000000a9800000, 0x00000000a9800000, 0x00000000a9900000|  0%| F|  |TAMS 0x00000000a9800000, 0x00000000a9800000| Untracked 
| 153|0x00000000a9900000, 0x00000000a9900000, 0x00000000a9a00000|  0%| F|  |TAMS 0x00000000a9900000, 0x00000000a9900000| Untracked 
| 154|0x00000000a9a00000, 0x00000000a9a00000, 0x00000000a9b00000|  0%| F|  |TAMS 0x00000000a9a00000, 0x00000000a9a00000| Untracked 
| 155|0x00000000a9b00000, 0x00000000a9b00000, 0x00000000a9c00000|  0%| F|  |TAMS 0x00000000a9b00000, 0x00000000a9b00000| Untracked 
| 156|0x00000000a9c00000, 0x00000000a9c00000, 0x00000000a9d00000|  0%| F|  |TAMS 0x00000000a9c00000, 0x00000000a9c00000| Untracked 
| 157|0x00000000a9d00000, 0x00000000a9d00000, 0x00000000a9e00000|  0%| F|  |TAMS 0x00000000a9d00000, 0x00000000a9d00000| Untracked 
| 158|0x00000000a9e00000, 0x00000000a9e00000, 0x00000000a9f00000|  0%| F|  |TAMS 0x00000000a9e00000, 0x00000000a9e00000| Untracked 
| 159|0x00000000a9f00000, 0x00000000a9f00000, 0x00000000aa000000|  0%| F|  |TAMS 0x00000000a9f00000, 0x00000000a9f00000| Untracked 
| 160|0x00000000aa000000, 0x00000000aa000000, 0x00000000aa100000|  0%| F|  |TAMS 0x00000000aa000000, 0x00000000aa000000| Untracked 
| 161|0x00000000aa100000, 0x00000000aa100000, 0x00000000aa200000|  0%| F|  |TAMS 0x00000000aa100000, 0x00000000aa100000| Untracked 
| 162|0x00000000aa200000, 0x00000000aa200000, 0x00000000aa300000|  0%| F|  |TAMS 0x00000000aa200000, 0x00000000aa200000| Untracked 
| 163|0x00000000aa300000, 0x00000000aa300000, 0x00000000aa400000|  0%| F|  |TAMS 0x00000000aa300000, 0x00000000aa300000| Untracked 
| 164|0x00000000aa400000, 0x00000000aa400000, 0x00000000aa500000|  0%| F|  |TAMS 0x00000000aa400000, 0x00000000aa400000| Untracked 
| 165|0x00000000aa500000, 0x00000000aa500000, 0x00000000aa600000|  0%| F|  |TAMS 0x00000000aa500000, 0x00000000aa500000| Untracked 
| 166|0x00000000aa600000, 0x00000000aa600000, 0x00000000aa700000|  0%| F|  |TAMS 0x00000000aa600000, 0x00000000aa600000| Untracked 
| 167|0x00000000aa700000, 0x00000000aa700000, 0x00000000aa800000|  0%| F|  |TAMS 0x00000000aa700000, 0x00000000aa700000| Untracked 
| 168|0x00000000aa800000, 0x00000000aa800000, 0x00000000aa900000|  0%| F|  |TAMS 0x00000000aa800000, 0x00000000aa800000| Untracked 
| 169|0x00000000aa900000, 0x00000000aa900000, 0x00000000aaa00000|  0%| F|  |TAMS 0x00000000aa900000, 0x00000000aa900000| Untracked 
| 170|0x00000000aaa00000, 0x00000000aaa00000, 0x00000000aab00000|  0%| F|  |TAMS 0x00000000aaa00000, 0x00000000aaa00000| Untracked 
| 171|0x00000000aab00000, 0x00000000aab00000, 0x00000000aac00000|  0%| F|  |TAMS 0x00000000aab00000, 0x00000000aab00000| Untracked 
| 172|0x00000000aac00000, 0x00000000aac00000, 0x00000000aad00000|  0%| F|  |TAMS 0x00000000aac00000, 0x00000000aac00000| Untracked 
| 173|0x00000000aad00000, 0x00000000aad00000, 0x00000000aae00000|  0%| F|  |TAMS 0x00000000aad00000, 0x00000000aad00000| Untracked 
| 174|0x00000000aae00000, 0x00000000aae00000, 0x00000000aaf00000|  0%| F|  |TAMS 0x00000000aae00000, 0x00000000aae00000| Untracked 
| 175|0x00000000aaf00000, 0x00000000aaf00000, 0x00000000ab000000|  0%| F|  |TAMS 0x00000000aaf00000, 0x00000000aaf00000| Untracked 
| 176|0x00000000ab000000, 0x00000000ab000000, 0x00000000ab100000|  0%| F|  |TAMS 0x00000000ab000000, 0x00000000ab000000| Untracked 
| 177|0x00000000ab100000, 0x00000000ab100000, 0x00000000ab200000|  0%| F|  |TAMS 0x00000000ab100000, 0x00000000ab100000| Untracked 
| 178|0x00000000ab200000, 0x00000000ab200000, 0x00000000ab300000|  0%| F|  |TAMS 0x00000000ab200000, 0x00000000ab200000| Untracked 
| 179|0x00000000ab300000, 0x00000000ab300000, 0x00000000ab400000|  0%| F|  |TAMS 0x00000000ab300000, 0x00000000ab300000| Untracked 
| 180|0x00000000ab400000, 0x00000000ab400000, 0x00000000ab500000|  0%| F|  |TAMS 0x00000000ab400000, 0x00000000ab400000| Untracked 
| 181|0x00000000ab500000, 0x00000000ab5d0990, 0x00000000ab600000| 81%| E|  |TAMS 0x00000000ab500000, 0x00000000ab500000| Complete 
| 182|0x00000000ab600000, 0x00000000ab700000, 0x00000000ab700000|100%| E|CS|TAMS 0x00000000ab600000, 0x00000000ab600000| Complete 
| 183|0x00000000ab700000, 0x00000000ab800000, 0x00000000ab800000|100%| E|CS|TAMS 0x00000000ab700000, 0x00000000ab700000| Complete 
| 184|0x00000000ab800000, 0x00000000ab900000, 0x00000000ab900000|100%| E|CS|TAMS 0x00000000ab800000, 0x00000000ab800000| Complete 
| 185|0x00000000ab900000, 0x00000000aba00000, 0x00000000aba00000|100%| E|CS|TAMS 0x00000000ab900000, 0x00000000ab900000| Complete 
| 186|0x00000000aba00000, 0x00000000abb00000, 0x00000000abb00000|100%| E|CS|TAMS 0x00000000aba00000, 0x00000000aba00000| Complete 
| 187|0x00000000abb00000, 0x00000000abc00000, 0x00000000abc00000|100%| E|CS|TAMS 0x00000000abb00000, 0x00000000abb00000| Complete 
| 188|0x00000000abc00000, 0x00000000abd00000, 0x00000000abd00000|100%| E|CS|TAMS 0x00000000abc00000, 0x00000000abc00000| Complete 
| 189|0x00000000abd00000, 0x00000000abe00000, 0x00000000abe00000|100%| E|CS|TAMS 0x00000000abd00000, 0x00000000abd00000| Complete 
| 190|0x00000000abe00000, 0x00000000abf00000, 0x00000000abf00000|100%| E|CS|TAMS 0x00000000abe00000, 0x00000000abe00000| Complete 
| 191|0x00000000abf00000, 0x00000000ac000000, 0x00000000ac000000|100%| E|CS|TAMS 0x00000000abf00000, 0x00000000abf00000| Complete 
| 192|0x00000000ac000000, 0x00000000ac100000, 0x00000000ac100000|100%| E|CS|TAMS 0x00000000ac000000, 0x00000000ac000000| Complete 
| 193|0x00000000ac100000, 0x00000000ac200000, 0x00000000ac200000|100%| E|CS|TAMS 0x00000000ac100000, 0x00000000ac100000| Complete 
| 194|0x00000000ac200000, 0x00000000ac300000, 0x00000000ac300000|100%| E|CS|TAMS 0x00000000ac200000, 0x00000000ac200000| Complete 
| 195|0x00000000ac300000, 0x00000000ac400000, 0x00000000ac400000|100%| E|CS|TAMS 0x00000000ac300000, 0x00000000ac300000| Complete 
| 196|0x00000000ac400000, 0x00000000ac500000, 0x00000000ac500000|100%| E|CS|TAMS 0x00000000ac400000, 0x00000000ac400000| Complete 
| 197|0x00000000ac500000, 0x00000000ac600000, 0x00000000ac600000|100%| E|CS|TAMS 0x00000000ac500000, 0x00000000ac500000| Complete 
| 198|0x00000000ac600000, 0x00000000ac700000, 0x00000000ac700000|100%| E|CS|TAMS 0x00000000ac600000, 0x00000000ac600000| Complete 
| 199|0x00000000ac700000, 0x00000000ac800000, 0x00000000ac800000|100%| E|CS|TAMS 0x00000000ac700000, 0x00000000ac700000| Complete 
| 200|0x00000000ac800000, 0x00000000ac900000, 0x00000000ac900000|100%| E|CS|TAMS 0x00000000ac800000, 0x00000000ac800000| Complete 
| 201|0x00000000ac900000, 0x00000000aca00000, 0x00000000aca00000|100%| E|CS|TAMS 0x00000000ac900000, 0x00000000ac900000| Complete 
| 202|0x00000000aca00000, 0x00000000acb00000, 0x00000000acb00000|100%| E|CS|TAMS 0x00000000aca00000, 0x00000000aca00000| Complete 
| 203|0x00000000acb00000, 0x00000000acc00000, 0x00000000acc00000|100%| E|CS|TAMS 0x00000000acb00000, 0x00000000acb00000| Complete 
| 204|0x00000000acc00000, 0x00000000acd00000, 0x00000000acd00000|100%| E|CS|TAMS 0x00000000acc00000, 0x00000000acc00000| Complete 
| 205|0x00000000acd00000, 0x00000000ace00000, 0x00000000ace00000|100%| E|CS|TAMS 0x00000000acd00000, 0x00000000acd00000| Complete 
| 206|0x00000000ace00000, 0x00000000acf00000, 0x00000000acf00000|100%| E|CS|TAMS 0x00000000ace00000, 0x00000000ace00000| Complete 
| 207|0x00000000acf00000, 0x00000000ad000000, 0x00000000ad000000|100%| E|CS|TAMS 0x00000000acf00000, 0x00000000acf00000| Complete 
| 208|0x00000000ad000000, 0x00000000ad100000, 0x00000000ad100000|100%| E|CS|TAMS 0x00000000ad000000, 0x00000000ad000000| Complete 
| 209|0x00000000ad100000, 0x00000000ad200000, 0x00000000ad200000|100%| E|CS|TAMS 0x00000000ad100000, 0x00000000ad100000| Complete 
| 210|0x00000000ad200000, 0x00000000ad300000, 0x00000000ad300000|100%| E|CS|TAMS 0x00000000ad200000, 0x00000000ad200000| Complete 
| 211|0x00000000ad300000, 0x00000000ad400000, 0x00000000ad400000|100%| E|CS|TAMS 0x00000000ad300000, 0x00000000ad300000| Complete 
| 212|0x00000000ad400000, 0x00000000ad500000, 0x00000000ad500000|100%| E|CS|TAMS 0x00000000ad400000, 0x00000000ad400000| Complete 
| 213|0x00000000ad500000, 0x00000000ad600000, 0x00000000ad600000|100%| E|CS|TAMS 0x00000000ad500000, 0x00000000ad500000| Complete 
| 214|0x00000000ad600000, 0x00000000ad700000, 0x00000000ad700000|100%| E|CS|TAMS 0x00000000ad600000, 0x00000000ad600000| Complete 
| 215|0x00000000ad700000, 0x00000000ad800000, 0x00000000ad800000|100%| E|CS|TAMS 0x00000000ad700000, 0x00000000ad700000| Complete 
| 216|0x00000000ad800000, 0x00000000ad900000, 0x00000000ad900000|100%| E|CS|TAMS 0x00000000ad800000, 0x00000000ad800000| Complete 
| 217|0x00000000ad900000, 0x00000000ada00000, 0x00000000ada00000|100%| E|CS|TAMS 0x00000000ad900000, 0x00000000ad900000| Complete 
| 218|0x00000000ada00000, 0x00000000adb00000, 0x00000000adb00000|100%| E|CS|TAMS 0x00000000ada00000, 0x00000000ada00000| Complete 
| 219|0x00000000adb00000, 0x00000000adc00000, 0x00000000adc00000|100%| E|CS|TAMS 0x00000000adb00000, 0x00000000adb00000| Complete 
| 220|0x00000000adc00000, 0x00000000add00000, 0x00000000add00000|100%| E|CS|TAMS 0x00000000adc00000, 0x00000000adc00000| Complete 
| 221|0x00000000add00000, 0x00000000ade00000, 0x00000000ade00000|100%| E|CS|TAMS 0x00000000add00000, 0x00000000add00000| Complete 
| 222|0x00000000ade00000, 0x00000000adf00000, 0x00000000adf00000|100%| E|CS|TAMS 0x00000000ade00000, 0x00000000ade00000| Complete 
| 223|0x00000000adf00000, 0x00000000ae000000, 0x00000000ae000000|100%| E|CS|TAMS 0x00000000adf00000, 0x00000000adf00000| Complete 
| 224|0x00000000ae000000, 0x00000000ae100000, 0x00000000ae100000|100%| E|CS|TAMS 0x00000000ae000000, 0x00000000ae000000| Complete 
| 225|0x00000000ae100000, 0x00000000ae200000, 0x00000000ae200000|100%| E|CS|TAMS 0x00000000ae100000, 0x00000000ae100000| Complete 
| 226|0x00000000ae200000, 0x00000000ae300000, 0x00000000ae300000|100%| E|CS|TAMS 0x00000000ae200000, 0x00000000ae200000| Complete 
| 227|0x00000000ae300000, 0x00000000ae400000, 0x00000000ae400000|100%| E|CS|TAMS 0x00000000ae300000, 0x00000000ae300000| Complete 
| 228|0x00000000ae400000, 0x00000000ae500000, 0x00000000ae500000|100%| E|CS|TAMS 0x00000000ae400000, 0x00000000ae400000| Complete 
| 229|0x00000000ae500000, 0x00000000ae600000, 0x00000000ae600000|100%| E|CS|TAMS 0x00000000ae500000, 0x00000000ae500000| Complete 
| 230|0x00000000ae600000, 0x00000000ae700000, 0x00000000ae700000|100%| E|CS|TAMS 0x00000000ae600000, 0x00000000ae600000| Complete 
| 231|0x00000000ae700000, 0x00000000ae800000, 0x00000000ae800000|100%| E|CS|TAMS 0x00000000ae700000, 0x00000000ae700000| Complete 
| 232|0x00000000ae800000, 0x00000000ae900000, 0x00000000ae900000|100%| E|CS|TAMS 0x00000000ae800000, 0x00000000ae800000| Complete 
| 233|0x00000000ae900000, 0x00000000aea00000, 0x00000000aea00000|100%| E|CS|TAMS 0x00000000ae900000, 0x00000000ae900000| Complete 
| 234|0x00000000aea00000, 0x00000000aeb00000, 0x00000000aeb00000|100%| E|CS|TAMS 0x00000000aea00000, 0x00000000aea00000| Complete 
| 235|0x00000000aeb00000, 0x00000000aec00000, 0x00000000aec00000|100%| E|CS|TAMS 0x00000000aeb00000, 0x00000000aeb00000| Complete 
| 236|0x00000000aec00000, 0x00000000aed00000, 0x00000000aed00000|100%| E|CS|TAMS 0x00000000aec00000, 0x00000000aec00000| Complete 
| 237|0x00000000aed00000, 0x00000000aee00000, 0x00000000aee00000|100%| E|CS|TAMS 0x00000000aed00000, 0x00000000aed00000| Complete 
| 238|0x00000000aee00000, 0x00000000aef00000, 0x00000000aef00000|100%| E|CS|TAMS 0x00000000aee00000, 0x00000000aee00000| Complete 
| 239|0x00000000aef00000, 0x00000000af000000, 0x00000000af000000|100%| E|CS|TAMS 0x00000000aef00000, 0x00000000aef00000| Complete 
| 240|0x00000000af000000, 0x00000000af100000, 0x00000000af100000|100%| E|CS|TAMS 0x00000000af000000, 0x00000000af000000| Complete 
| 241|0x00000000af100000, 0x00000000af200000, 0x00000000af200000|100%| E|CS|TAMS 0x00000000af100000, 0x00000000af100000| Complete 
| 242|0x00000000af200000, 0x00000000af300000, 0x00000000af300000|100%| E|CS|TAMS 0x00000000af200000, 0x00000000af200000| Complete 
| 243|0x00000000af300000, 0x00000000af400000, 0x00000000af400000|100%| E|CS|TAMS 0x00000000af300000, 0x00000000af300000| Complete 
| 261|0x00000000b0500000, 0x00000000b057cd38, 0x00000000b0600000| 48%| S|CS|TAMS 0x00000000b0500000, 0x00000000b0500000| Complete 
| 262|0x00000000b0600000, 0x00000000b0700000, 0x00000000b0700000|100%| S|CS|TAMS 0x00000000b0600000, 0x00000000b0600000| Complete 
| 263|0x00000000b0700000, 0x00000000b0800000, 0x00000000b0800000|100%| E|CS|TAMS 0x00000000b0700000, 0x00000000b0700000| Complete 

Card table byte_map: [0x0000021ba3720000,0x0000021ba3a20000] _byte_map_base: 0x0000021ba3220000

Marking Bits (Prev, Next): (CMBitMap*) 0x0000021b90f99840, (CMBitMap*) 0x0000021b90f99880
 Prev Bits: [0x0000021ba3d20000, 0x0000021ba5520000)
 Next Bits: [0x0000021ba5520000, 0x0000021ba6d20000)

Polling page: 0x0000021b90720000

Metaspace:

Usage:
  Non-class:     80.20 MB used.
      Class:     12.76 MB used.
       Both:     92.96 MB used.

Virtual space:
  Non-class space:       88.00 MB reserved,      80.62 MB ( 92%) committed,  11 nodes.
      Class space:        1.00 GB reserved,      13.12 MB (  1%) committed,  1 nodes.
             Both:        1.09 GB reserved,      93.75 MB (  8%) committed. 

Chunk freelists:
   Non-Class:  2.47 MB
       Class:  2.73 MB
        Both:  5.20 MB

MaxMetaspaceSize: unlimited
CompressedClassSpaceSize: 1.00 GB
Initial GC threshold: 21.00 MB
Current GC threshold: 132.31 MB
CDS: off
MetaspaceReclaimPolicy: balanced
 - commit_granule_bytes: 65536.
 - commit_granule_words: 8192.
 - virtual_space_node_default_size: 1048576.
 - enlarge_chunks_in_place: 1.
 - new_chunks_are_fully_committed: 0.
 - uncommit_free_chunks: 1.
 - use_allocation_guard: 0.
 - handle_deallocations: 1.


Internal statistics:

num_allocs_failed_limit: 9.
num_arena_births: 868.
num_arena_deaths: 6.
num_vsnodes_births: 12.
num_vsnodes_deaths: 0.
num_space_committed: 1500.
num_space_uncommitted: 0.
num_chunks_returned_to_freelist: 26.
num_chunks_taken_from_freelist: 4345.
num_chunk_merges: 8.
num_chunk_splits: 2890.
num_chunks_enlarged: 1974.
num_purges: 6.
num_inconsistent_stats: 0.

CodeHeap 'non-profiled nmethods': size=120000Kb used=6570Kb max_used=6570Kb free=113429Kb
 bounds [0x0000021b9bef0000, 0x0000021b9c560000, 0x0000021ba3420000]
CodeHeap 'profiled nmethods': size=120000Kb used=19215Kb max_used=19215Kb free=100784Kb
 bounds [0x0000021b94420000, 0x0000021b956f0000, 0x0000021b9b950000]
CodeHeap 'non-nmethods': size=5760Kb used=2394Kb max_used=2523Kb free=3365Kb
 bounds [0x0000021b9b950000, 0x0000021b9bbf0000, 0x0000021b9bef0000]
 total_blobs=10708 nmethods=9775 adapters=845
 compilation: enabled
              stopped_count=0, restarted_count=0
 full_count=0

Compilation events (20 events):
Event: 53.175 Thread 0x0000021ba9c77800 11310       3       java.util.stream.FindOps$FindSink$OfRef$$Lambda$24/0x00000001000f64a0::get (8 bytes)
Event: 53.175 Thread 0x0000021ba9c77800 nmethod 11310 0x0000021b956e0310 code [0x0000021b956e04c0, 0x0000021b956e0738]
Event: 53.175 Thread 0x0000021ba9c77800 11311       3       java.util.stream.FindOps$FindSink$OfRef::get (5 bytes)
Event: 53.176 Thread 0x0000021ba9c77800 nmethod 11311 0x0000021b956e0890 code [0x0000021b956e0a80, 0x0000021b956e0fa8]
Event: 54.107 Thread 0x0000021ba9c77800 11312       3       org.gradle.internal.serialize.InputStreamBackedDecoder::readInt (8 bytes)
Event: 54.107 Thread 0x0000021ba9c77800 nmethod 11312 0x0000021b956e1190 code [0x0000021b956e1340, 0x0000021b956e1488]
Event: 57.847 Thread 0x0000021ba9c2acd0 11313       4       org.gradle.internal.logging.text.AbstractLineChoppingStyledTextOutput$StateContext::next (11 bytes)
Event: 57.848 Thread 0x0000021ba9c2acd0 nmethod 11313 0x0000021b9c55a690 code [0x0000021b9c55a800, 0x0000021b9c55a878]
Event: 57.848 Thread 0x0000021ba9c2acd0 11314       4       org.gradle.internal.logging.text.AbstractLineChoppingStyledTextOutput::doAppend (43 bytes)
Event: 57.851 Thread 0x0000021ba9c77800 11315       3       sun.nio.cs.StreamEncoder::implWrite (137 bytes)
Event: 57.853 Thread 0x0000021ba9c77800 nmethod 11315 0x0000021b956e1590 code [0x0000021b956e17c0, 0x0000021b956e2008]
Event: 57.853 Thread 0x0000021ba9c77800 11319       2       org.gradle.internal.logging.text.AbstractLineChoppingStyledTextOutput$StateContext::setState (10 bytes)
Event: 57.854 Thread 0x0000021ba9c77800 nmethod 11319 0x0000021b956e2290 code [0x0000021b956e2420, 0x0000021b956e2578]
Event: 57.854 Thread 0x0000021ba9c77800 11320       2       org.gradle.internal.logging.text.AbstractLineChoppingStyledTextOutput::access$402 (7 bytes)
Event: 57.854 Thread 0x0000021ba9c77800 nmethod 11320 0x0000021b956e2690 code [0x0000021b956e2820, 0x0000021b956e2958]
Event: 57.854 Thread 0x0000021ba9c77800 11317       2       org.gradle.internal.logging.text.AbstractLineChoppingStyledTextOutput$1::execute (140 bytes)
Event: 57.855 Thread 0x0000021ba9c77800 nmethod 11317 0x0000021b956e2a10 code [0x0000021b956e2c40, 0x0000021b956e3118]
Event: 57.855 Thread 0x0000021ba9c77800 11318       2       org.gradle.internal.logging.text.AbstractLineChoppingStyledTextOutput$2::execute (77 bytes)
Event: 57.856 Thread 0x0000021ba9c77800 nmethod 11318 0x0000021b956e3590 code [0x0000021b956e37a0, 0x0000021b956e3b88]
Event: 57.856 Thread 0x0000021ba9c77800 11321   !   3       java.nio.charset.CharsetEncoder::encode (273 bytes)

GC Heap History (20 events):
Event: 21.530 GC heap before
{Heap before GC invocations=41 (full 0):
 garbage-first heap   total 119808K, used 95976K [0x00000000a0000000, 0x0000000100000000)
  region size 1024K, 35 young (35840K), 2 survivors (2048K)
 Metaspace       used 75212K, committed 75712K, reserved 1122304K
  class space    used 9880K, committed 10112K, reserved 1048576K
}
Event: 21.536 GC heap after
{Heap after GC invocations=42 (full 0):
 garbage-first heap   total 119808K, used 62682K [0x00000000a0000000, 0x0000000100000000)
  region size 1024K, 3 young (3072K), 3 survivors (3072K)
 Metaspace       used 75212K, committed 75712K, reserved 1122304K
  class space    used 9880K, committed 10112K, reserved 1048576K
}
Event: 21.756 GC heap before
{Heap before GC invocations=42 (full 0):
 garbage-first heap   total 119808K, used 64730K [0x00000000a0000000, 0x0000000100000000)
  region size 1024K, 5 young (5120K), 3 survivors (3072K)
 Metaspace       used 75339K, committed 75840K, reserved 1122304K
  class space    used 9880K, committed 10112K, reserved 1048576K
}
Event: 21.764 GC heap after
{Heap after GC invocations=43 (full 0):
 garbage-first heap   total 119808K, used 62971K [0x00000000a0000000, 0x0000000100000000)
  region size 1024K, 1 young (1024K), 1 survivors (1024K)
 Metaspace       used 75339K, committed 75840K, reserved 1122304K
  class space    used 9880K, committed 10112K, reserved 1048576K
}
Event: 22.046 GC heap before
{Heap before GC invocations=43 (full 0):
 garbage-first heap   total 119808K, used 73211K [0x00000000a0000000, 0x0000000100000000)
  region size 1024K, 12 young (12288K), 1 survivors (1024K)
 Metaspace       used 75540K, committed 75968K, reserved 1122304K
  class space    used 9911K, committed 10112K, reserved 1048576K
}
Event: 22.050 GC heap after
{Heap after GC invocations=44 (full 0):
 garbage-first heap   total 119808K, used 63689K [0x00000000a0000000, 0x0000000100000000)
  region size 1024K, 2 young (2048K), 2 survivors (2048K)
 Metaspace       used 75540K, committed 75968K, reserved 1122304K
  class space    used 9911K, committed 10112K, reserved 1048576K
}
Event: 22.944 GC heap before
{Heap before GC invocations=45 (full 0):
 garbage-first heap   total 119808K, used 98505K [0x00000000a0000000, 0x0000000100000000)
  region size 1024K, 35 young (35840K), 2 survivors (2048K)
 Metaspace       used 76040K, committed 76544K, reserved 1122304K
  class space    used 9999K, committed 10240K, reserved 1048576K
}
Event: 22.951 GC heap after
{Heap after GC invocations=46 (full 0):
 garbage-first heap   total 119808K, used 66123K [0x00000000a0000000, 0x0000000100000000)
  region size 1024K, 4 young (4096K), 4 survivors (4096K)
 Metaspace       used 76040K, committed 76544K, reserved 1122304K
  class space    used 9999K, committed 10240K, reserved 1048576K
}
Event: 23.850 GC heap before
{Heap before GC invocations=46 (full 0):
 garbage-first heap   total 119808K, used 97867K [0x00000000a0000000, 0x0000000100000000)
  region size 1024K, 35 young (35840K), 4 survivors (4096K)
 Metaspace       used 77024K, committed 77632K, reserved 1122304K
  class space    used 10189K, committed 10432K, reserved 1048576K
}
Event: 23.861 GC heap after
{Heap after GC invocations=47 (full 0):
 garbage-first heap   total 119808K, used 67000K [0x00000000a0000000, 0x0000000100000000)
  region size 1024K, 1 young (1024K), 1 survivors (1024K)
 Metaspace       used 77024K, committed 77632K, reserved 1122304K
  class space    used 10189K, committed 10432K, reserved 1048576K
}
Event: 24.639 GC heap before
{Heap before GC invocations=48 (full 0):
 garbage-first heap   total 121856K, used 99768K [0x00000000a0000000, 0x0000000100000000)
  region size 1024K, 33 young (33792K), 1 survivors (1024K)
 Metaspace       used 77278K, committed 77888K, reserved 1122304K
  class space    used 10228K, committed 10496K, reserved 1048576K
}
Event: 24.645 GC heap after
{Heap after GC invocations=49 (full 0):
 garbage-first heap   total 121856K, used 69402K [0x00000000a0000000, 0x0000000100000000)
  region size 1024K, 4 young (4096K), 4 survivors (4096K)
 Metaspace       used 77278K, committed 77888K, reserved 1122304K
  class space    used 10228K, committed 10496K, reserved 1048576K
}
Event: 24.668 GC heap before
{Heap before GC invocations=49 (full 0):
 garbage-first heap   total 121856K, used 70426K [0x00000000a0000000, 0x0000000100000000)
  region size 1024K, 5 young (5120K), 4 survivors (4096K)
 Metaspace       used 77457K, committed 78080K, reserved 1122304K
  class space    used 10233K, committed 10496K, reserved 1048576K
}
Event: 24.680 GC heap after
{Heap after GC invocations=50 (full 0):
 garbage-first heap   total 121856K, used 69633K [0x00000000a0000000, 0x0000000100000000)
  region size 1024K, 1 young (1024K), 1 survivors (1024K)
 Metaspace       used 77457K, committed 78080K, reserved 1122304K
  class space    used 10233K, committed 10496K, reserved 1048576K
}
Event: 26.151 GC heap before
{Heap before GC invocations=50 (full 0):
 garbage-first heap   total 121856K, used 101377K [0x00000000a0000000, 0x0000000100000000)
  region size 1024K, 32 young (32768K), 1 survivors (1024K)
 Metaspace       used 80331K, committed 80960K, reserved 1122304K
  class space    used 10722K, committed 11008K, reserved 1048576K
}
Event: 26.161 GC heap after
{Heap after GC invocations=51 (full 0):
 garbage-first heap   total 270336K, used 71219K [0x00000000a0000000, 0x0000000100000000)
  region size 1024K, 3 young (3072K), 3 survivors (3072K)
 Metaspace       used 80331K, committed 80960K, reserved 1122304K
  class space    used 10722K, committed 11008K, reserved 1048576K
}
Event: 32.896 GC heap before
{Heap before GC invocations=52 (full 0):
 garbage-first heap   total 252928K, used 200243K [0x00000000a0000000, 0x0000000100000000)
  region size 1024K, 129 young (132096K), 3 survivors (3072K)
 Metaspace       used 92052K, committed 92736K, reserved 1130496K
  class space    used 12566K, committed 12864K, reserved 1048576K
}
Event: 32.938 GC heap after
{Heap after GC invocations=53 (full 0):
 garbage-first heap   total 252928K, used 82144K [0x00000000a0000000, 0x0000000100000000)
  region size 1024K, 13 young (13312K), 13 survivors (13312K)
 Metaspace       used 92052K, committed 92736K, reserved 1130496K
  class space    used 12566K, committed 12864K, reserved 1048576K
}
Event: 32.984 GC heap before
{Heap before GC invocations=53 (full 0):
 garbage-first heap   total 252928K, used 83168K [0x00000000a0000000, 0x0000000100000000)
  region size 1024K, 14 young (14336K), 13 survivors (13312K)
 Metaspace       used 92128K, committed 92800K, reserved 1130496K
  class space    used 12576K, committed 12864K, reserved 1048576K
}
Event: 33.006 GC heap after
{Heap after GC invocations=54 (full 0):
 garbage-first heap   total 252928K, used 83472K [0x00000000a0000000, 0x0000000100000000)
  region size 1024K, 2 young (2048K), 2 survivors (2048K)
 Metaspace       used 92128K, committed 92800K, reserved 1130496K
  class space    used 12576K, committed 12864K, reserved 1048576K
}

Dll operation events (2 events):
Event: 0.025 Loaded shared library C:\Program Files\Android\Android Studio\jbr\bin\java.dll
Event: 1.020 Loaded shared library C:\Program Files\Android\Android Studio\jbr\bin\verify.dll

Deoptimization events (20 events):
Event: 35.339 Thread 0x0000021baccf49a0 DEOPT PACKING pc=0x0000021b9565665b sp=0x000000384eafbf00
Event: 35.339 Thread 0x0000021baccf49a0 DEOPT UNPACKING pc=0x0000021b9b9a7143 sp=0x000000384eafb420 mode 0
Event: 35.343 Thread 0x0000021baccf49a0 DEOPT PACKING pc=0x0000021b9565665b sp=0x000000384eafbf00
Event: 35.343 Thread 0x0000021baccf49a0 DEOPT UNPACKING pc=0x0000021b9b9a7143 sp=0x000000384eafb420 mode 0
Event: 35.344 Thread 0x0000021baccf49a0 DEOPT PACKING pc=0x0000021b9565665b sp=0x000000384eafbf00
Event: 35.344 Thread 0x0000021baccf49a0 DEOPT UNPACKING pc=0x0000021b9b9a7143 sp=0x000000384eafb420 mode 0
Event: 35.345 Thread 0x0000021baccf49a0 DEOPT PACKING pc=0x0000021b9565665b sp=0x000000384eafbf00
Event: 35.345 Thread 0x0000021baccf49a0 DEOPT UNPACKING pc=0x0000021b9b9a7143 sp=0x000000384eafb420 mode 0
Event: 35.395 Thread 0x0000021baccf49a0 Uncommon trap: trap_request=0xffffffde fr.pc=0x0000021b9c1cb428 relative=0x0000000000000288
Event: 35.395 Thread 0x0000021baccf49a0 Uncommon trap: reason=class_check action=maybe_recompile pc=0x0000021b9c1cb428 method=java.util.stream.StreamOpFlag.fromCharacteristics(Ljava/util/Spliterator;)I @ 14 c2
Event: 35.395 Thread 0x0000021baccf49a0 DEOPT PACKING pc=0x0000021b9c1cb428 sp=0x000000384eafcde0
Event: 35.395 Thread 0x0000021baccf49a0 DEOPT UNPACKING pc=0x0000021b9b9a69a3 sp=0x000000384eafccc8 mode 2
Event: 35.396 Thread 0x0000021baccf49a0 Uncommon trap: trap_request=0xffffffde fr.pc=0x0000021b9c1cb428 relative=0x0000000000000288
Event: 35.396 Thread 0x0000021baccf49a0 Uncommon trap: reason=class_check action=maybe_recompile pc=0x0000021b9c1cb428 method=java.util.stream.StreamOpFlag.fromCharacteristics(Ljava/util/Spliterator;)I @ 14 c2
Event: 35.396 Thread 0x0000021baccf49a0 DEOPT PACKING pc=0x0000021b9c1cb428 sp=0x000000384eafcde0
Event: 35.396 Thread 0x0000021baccf49a0 DEOPT UNPACKING pc=0x0000021b9b9a69a3 sp=0x000000384eafccc8 mode 2
Event: 57.846 Thread 0x0000021bb2348f40 Uncommon trap: trap_request=0xffffff45 fr.pc=0x0000021b9c4a211c relative=0x000000000000007c
Event: 57.846 Thread 0x0000021bb2348f40 Uncommon trap: reason=unstable_if action=reinterpret pc=0x0000021b9c4a211c method=org.gradle.internal.logging.slf4j.OutputEventListenerBackedLogger.isLevelAtMost(Lorg/gradle/api/logging/LogLevel;)Z @ 11 c2
Event: 57.846 Thread 0x0000021bb2348f40 DEOPT PACKING pc=0x0000021b9c4a211c sp=0x000000384efff0a0
Event: 57.846 Thread 0x0000021bb2348f40 DEOPT UNPACKING pc=0x0000021b9b9a69a3 sp=0x000000384efff040 mode 2

Classes unloaded (20 events):
Event: 12.930 Thread 0x0000021ba91efb60 Unloading class 0x00000001006d0970 '_BuildScript_$_run_closure1$_closure2'
Event: 12.930 Thread 0x0000021ba91efb60 Unloading class 0x00000001006d0560 '_BuildScript_$_run_closure1'
Event: 12.930 Thread 0x0000021ba91efb60 Unloading class 0x00000001006d0000 '_BuildScript_'
Event: 15.444 Thread 0x0000021ba91efb60 Unloading class 0x0000000100789820 '_BuildScript_$_run_closure4'
Event: 15.444 Thread 0x0000021ba91efb60 Unloading class 0x0000000100789410 '_BuildScript_$_run_closure3'
Event: 15.444 Thread 0x0000021ba91efb60 Unloading class 0x0000000100789000 '_BuildScript_$_run_closure2'
Event: 15.444 Thread 0x0000021ba91efb60 Unloading class 0x0000000100788970 '_BuildScript_$_run_closure1$_closure5'
Event: 15.444 Thread 0x0000021ba91efb60 Unloading class 0x0000000100788560 '_BuildScript_$_run_closure1'
Event: 15.444 Thread 0x0000021ba91efb60 Unloading class 0x0000000100788000 '_BuildScript_'
Event: 18.582 Thread 0x0000021ba91efb60 Unloading class 0x0000000100798820 '_BuildScript_$_run_closure4'
Event: 18.582 Thread 0x0000021ba91efb60 Unloading class 0x0000000100798410 '_BuildScript_$_run_closure3'
Event: 18.582 Thread 0x0000021ba91efb60 Unloading class 0x0000000100798000 '_BuildScript_$_run_closure2$_closure9$_closure10'
Event: 18.582 Thread 0x0000021ba91efb60 Unloading class 0x0000000100793860 '_BuildScript_$_run_closure2$_closure9'
Event: 18.582 Thread 0x0000021ba91efb60 Unloading class 0x0000000100793450 '_BuildScript_$_run_closure2$_closure8'
Event: 18.582 Thread 0x0000021ba91efb60 Unloading class 0x0000000100793040 '_BuildScript_$_run_closure2$_closure7'
Event: 18.582 Thread 0x0000021ba91efb60 Unloading class 0x0000000100792c30 '_BuildScript_$_run_closure2$_closure6'
Event: 18.582 Thread 0x0000021ba91efb60 Unloading class 0x0000000100792820 '_BuildScript_$_run_closure2$_closure5'
Event: 18.582 Thread 0x0000021ba91efb60 Unloading class 0x0000000100792410 '_BuildScript_$_run_closure2'
Event: 18.582 Thread 0x0000021ba91efb60 Unloading class 0x0000000100792000 '_BuildScript_$_run_closure1'
Event: 18.582 Thread 0x0000021ba91efb60 Unloading class 0x0000000100791800 '_BuildScript_'

Classes redefined (0 events):
No events

Internal exceptions (20 events):
Event: 35.477 Thread 0x0000021baccf49a0 Exception <a 'java/lang/ClassNotFoundException'{0x00000000ab97ae40}: org/gradle/process/internal/DefaultExecHandleBuilderBeanInfo> (0x00000000ab97ae40) 
thrown [s\src\hotspot\share\classfile\systemDictionary.cpp, line 256]
Event: 35.478 Thread 0x0000021baccf49a0 Exception <a 'java/lang/ClassNotFoundException'{0x00000000ab98def8}: org/gradle/process/internal/AbstractExecHandleBuilderBeanInfo> (0x00000000ab98def8) 
thrown [s\src\hotspot\share\classfile\systemDictionary.cpp, line 256]
Event: 35.479 Thread 0x0000021baccf49a0 Exception <a 'java/lang/ClassNotFoundException'{0x00000000ab9a0f68}: org/gradle/process/internal/DefaultProcessForkOptionsBeanInfo> (0x00000000ab9a0f68) 
thrown [s\src\hotspot\share\classfile\systemDictionary.cpp, line 256]
Event: 35.480 Thread 0x0000021baccf49a0 Exception <a 'java/lang/ClassNotFoundException'{0x00000000ab9b4350}: org/gradle/process/internal/DefaultProcessForkOptionsCustomizer> (0x00000000ab9b4350) 
thrown [s\src\hotspot\share\classfile\systemDictionary.cpp, line 256]
Event: 35.481 Thread 0x0000021baccf49a0 Exception <a 'java/lang/ClassNotFoundException'{0x00000000ab9d4368}: org/gradle/process/internal/AbstractExecHandleBuilderCustomizer> (0x00000000ab9d4368) 
thrown [s\src\hotspot\share\classfile\systemDictionary.cpp, line 256]
Event: 35.484 Thread 0x0000021baccf49a0 Exception <a 'java/lang/ClassNotFoundException'{0x00000000ab9f8c38}: org/gradle/process/internal/DefaultExecHandleBuilderCustomizer> (0x00000000ab9f8c38) 
thrown [s\src\hotspot\share\classfile\systemDictionary.cpp, line 256]
Event: 35.486 Thread 0x0000021baccf49a0 Exception <a 'java/lang/ClassNotFoundException'{0x00000000ab83a038}: org/gradle/process/internal/DefaultExecActionCustomizer> (0x00000000ab83a038) 
thrown [s\src\hotspot\share\classfile\systemDictionary.cpp, line 256]
Event: 35.488 Thread 0x0000021baccf49a0 Exception <a 'java/lang/ClassNotFoundException'{0x00000000ab8551f8}: org/gradle/process/internal/DefaultExecAction_DecoratedCustomizer> (0x00000000ab8551f8) 
thrown [s\src\hotspot\share\classfile\systemDictionary.cpp, line 256]
Event: 35.492 Thread 0x0000021baccf49a0 Exception <a 'java/lang/ClassNotFoundException'{0x00000000ab88d610}: org/gradle/api/logging/LogLevelBeanInfo> (0x00000000ab88d610) 
thrown [s\src\hotspot\share\classfile\systemDictionary.cpp, line 256]
Event: 35.493 Thread 0x0000021baccf49a0 Exception <a 'java/lang/ClassNotFoundException'{0x00000000ab89e0b0}: org/gradle/api/logging/LogLevelCustomizer> (0x00000000ab89e0b0) 
thrown [s\src\hotspot\share\classfile\systemDictionary.cpp, line 256]
Event: 35.551 Thread 0x0000021baccf49a0 Exception <a 'java/lang/ClassNotFoundException'{0x00000000ab8e2270}: org/gradle/internal/logging/services/DefaultLoggingManagerBeanInfo> (0x00000000ab8e2270) 
thrown [s\src\hotspot\share\classfile\systemDictionary.cpp, line 256]
Event: 35.552 Thread 0x0000021baccf49a0 Exception <a 'java/lang/ClassNotFoundException'{0x00000000ab8f3698}: org/gradle/internal/logging/services/DefaultLoggingManagerCustomizer> (0x00000000ab8f3698) 
thrown [s\src\hotspot\share\classfile\systemDictionary.cpp, line 256]
Event: 35.564 Thread 0x0000021baccf49a0 Exception <a 'java/lang/ClassNotFoundException'{0x00000000ab724e40}: java/lang/BooleanBeanInfo> (0x00000000ab724e40) 
thrown [s\src\hotspot\share\classfile\systemDictionary.cpp, line 256]
Event: 35.565 Thread 0x0000021baccf49a0 Exception <a 'java/lang/ClassNotFoundException'{0x00000000ab72bbc8}: java/lang/BooleanCustomizer> (0x00000000ab72bbc8) 
thrown [s\src\hotspot\share\classfile\systemDictionary.cpp, line 256]
Event: 35.641 Thread 0x0000021bb234b5c0 Exception <a 'java/lang/NoSuchMethodError'{0x00000000ab60afe0}: 'void java.lang.invoke.DirectMethodHandle$Holder.invokeStatic(java.lang.Object, long)'> (0x00000000ab60afe0) 
thrown [s\src\hotspot\share\interpreter\linkResolver.cpp, line 771]
Event: 35.642 Thread 0x0000021bb234b5c0 Exception <a 'java/lang/NoSuchMethodError'{0x00000000ab610348}: 'java.lang.Object java.lang.invoke.DirectMethodHandle$Holder.newInvokeSpecial(java.lang.Object, long)'> (0x00000000ab610348) 
thrown [s\src\hotspot\share\interpreter\linkResolver.cpp, line 771]
Event: 35.644 Thread 0x0000021bb234b5c0 Exception <a 'java/lang/NoSuchMethodError'{0x00000000ab616d60}: 'java.lang.Object java.lang.invoke.DirectMethodHandle$Holder.invokeStatic(java.lang.Object, java.lang.Object, long, java.lang.Object)'> (0x00000000ab616d60) 
thrown [s\src\hotspot\share\interpreter\linkResolver.cpp, line 771]
Event: 35.644 Thread 0x0000021bb234b5c0 Exception <a 'java/lang/NoSuchMethodError'{0x00000000ab61a538}: 'java.lang.Object java.lang.invoke.DirectMethodHandle$Holder.invokeStaticInit(java.lang.Object, java.lang.Object, long, java.lang.Object)'> (0x00000000ab61a538) 
thrown [s\src\hotspot\share\interpreter\linkResolver.cpp, line 771]
Event: 57.845 Thread 0x0000021bb2348f40 StackOverflowError at 0x0000021b947a5400
Event: 57.845 Thread 0x0000021bb2348f40 Exception <a 'java/lang/StackOverflowError'{0x00000000ab6828d8}> (0x00000000ab6828d8) 
thrown [s\src\hotspot\share\runtime\sharedRuntime.cpp, line 628]

VM Operations (20 events):
Event: 34.631 Executing VM operation: ICBufferFull
Event: 34.631 Executing VM operation: ICBufferFull done
Event: 35.389 Executing VM operation: HandshakeAllThreads
Event: 35.389 Executing VM operation: HandshakeAllThreads done
Event: 35.415 Executing VM operation: HandshakeAllThreads
Event: 35.420 Executing VM operation: HandshakeAllThreads done
Event: 35.646 Executing VM operation: HandshakeAllThreads
Event: 35.647 Executing VM operation: HandshakeAllThreads done
Event: 35.647 Executing VM operation: Cleanup
Event: 35.648 Executing VM operation: Cleanup done
Event: 36.662 Executing VM operation: Cleanup
Event: 36.663 Executing VM operation: Cleanup done
Event: 44.724 Executing VM operation: Cleanup
Event: 44.725 Executing VM operation: Cleanup done
Event: 48.747 Executing VM operation: Cleanup
Event: 48.748 Executing VM operation: Cleanup done
Event: 51.764 Executing VM operation: Cleanup
Event: 51.764 Executing VM operation: Cleanup done
Event: 54.792 Executing VM operation: Cleanup
Event: 54.793 Executing VM operation: Cleanup done

Events (20 events):
Event: 35.565 loading class java/lang/BooleanCustomizer
Event: 35.565 loading class java/lang/BooleanCustomizer done
Event: 35.579 Thread 0x0000021bb234b5c0 Thread added: 0x0000021bb234b5c0
Event: 35.590 loading class java/lang/ProcessImpl
Event: 35.591 loading class java/lang/ProcessImpl done
Event: 35.643 loading class java/lang/ProcessHandleImpl
Event: 35.643 loading class java/lang/ProcessHandleImpl done
Event: 35.645 loading class java/lang/ProcessImpl$2
Event: 35.645 loading class java/lang/ProcessImpl$2 done
Event: 35.645 loading class java/lang/Process$PipeInputStream
Event: 35.645 loading class java/lang/Process$PipeInputStream done
Event: 35.647 loading class jdk/internal/event/ProcessStartEvent
Event: 35.648 loading class jdk/internal/event/ProcessStartEvent done
Event: 35.649 Thread 0x0000021bb2348f40 Thread added: 0x0000021bb2348f40
Event: 35.649 Thread 0x0000021bb23498e0 Thread added: 0x0000021bb23498e0
Event: 37.496 Thread 0x0000021bac6f6c50 Thread exited: 0x0000021bac6f6c50
Event: 57.848 loading class java/lang/Throwable$WrappedPrintWriter
Event: 57.849 loading class java/lang/Throwable$PrintStreamOrWriter
Event: 57.849 loading class java/lang/Throwable$PrintStreamOrWriter done
Event: 57.849 loading class java/lang/Throwable$WrappedPrintWriter done


Dynamic libraries:
0x00007ff612e40000 - 0x00007ff612e4a000 	C:\Program Files\Android\Android Studio\jbr\bin\java.exe
0x00007ff837b30000 - 0x00007ff837d28000 	C:\Windows\SYSTEM32\ntdll.dll
0x00007ff835dc0000 - 0x00007ff835e7f000 	C:\Windows\System32\KERNEL32.DLL
0x00007ff835530000 - 0x00007ff835826000 	C:\Windows\System32\KERNELBASE.dll
0x00007ff835890000 - 0x00007ff835990000 	C:\Windows\System32\ucrtbase.dll
0x00007ff809890000 - 0x00007ff8098a7000 	C:\Program Files\Android\Android Studio\jbr\bin\jli.dll
0x00007ff837690000 - 0x00007ff83782d000 	C:\Windows\System32\USER32.dll
0x00007ff835830000 - 0x00007ff835852000 	C:\Windows\System32\win32u.dll
0x00007ff8364a0000 - 0x00007ff8364cc000 	C:\Windows\System32\GDI32.dll
0x00007ff835410000 - 0x00007ff835525000 	C:\Windows\System32\gdi32full.dll
0x00007ff835210000 - 0x00007ff8352ad000 	C:\Windows\System32\msvcp_win.dll
0x00007ff807a30000 - 0x00007ff807a4b000 	C:\Program Files\Android\Android Studio\jbr\bin\VCRUNTIME140.dll
0x00007ff822b60000 - 0x00007ff822dfa000 	C:\Windows\WinSxS\amd64_microsoft.windows.common-controls_6595b64144ccf1df_6.0.19041.1110_none_60b5254171f9507e\COMCTL32.dll
0x00007ff8374d0000 - 0x00007ff83756e000 	C:\Windows\System32\msvcrt.dll
0x00007ff8365b0000 - 0x00007ff8365e0000 	C:\Windows\System32\IMM32.DLL
0x00007ff8150f0000 - 0x00007ff8150fc000 	C:\Program Files\Android\Android Studio\jbr\bin\vcruntime140_1.dll
0x00007ffffee80000 - 0x00007ffffef0d000 	C:\Program Files\Android\Android Studio\jbr\bin\msvcp140.dll
0x00007fffeec00000 - 0x00007fffef86d000 	C:\Program Files\Android\Android Studio\jbr\bin\server\jvm.dll
0x00007ff836240000 - 0x00007ff8362ef000 	C:\Windows\System32\ADVAPI32.dll
0x00007ff836400000 - 0x00007ff83649c000 	C:\Windows\System32\sechost.dll
0x00007ff837940000 - 0x00007ff837a66000 	C:\Windows\System32\RPCRT4.dll
0x00007ff82bd80000 - 0x00007ff82bd89000 	C:\Windows\SYSTEM32\WSOCK32.dll
0x00007ff8366a0000 - 0x00007ff83670b000 	C:\Windows\System32\WS2_32.dll
0x00007ff822b30000 - 0x00007ff822b57000 	C:\Windows\SYSTEM32\WINMM.dll
0x00007ff82e0c0000 - 0x00007ff82e0ca000 	C:\Windows\SYSTEM32\VERSION.dll
0x00007ff833a70000 - 0x00007ff833a82000 	C:\Windows\SYSTEM32\kernel.appcore.dll
0x00007ff81e8b0000 - 0x00007ff81e8ba000 	C:\Program Files\Android\Android Studio\jbr\bin\jimage.dll
0x00007ff832f70000 - 0x00007ff833154000 	C:\Windows\SYSTEM32\DBGHELP.DLL
0x00007ff82e070000 - 0x00007ff82e0a4000 	C:\Windows\SYSTEM32\dbgcore.DLL
0x00007ff835a00000 - 0x00007ff835a82000 	C:\Windows\System32\bcryptPrimitives.dll
0x00007ff815960000 - 0x00007ff815985000 	C:\Program Files\Android\Android Studio\jbr\bin\java.dll
0x00007ff8159b0000 - 0x00007ff8159c8000 	C:\Program Files\Android\Android Studio\jbr\bin\zip.dll
0x00007ff836840000 - 0x00007ff836f84000 	C:\Windows\System32\SHELL32.dll
0x00007ff833160000 - 0x00007ff8338f4000 	C:\Windows\SYSTEM32\windows.storage.dll
0x00007ff835ee0000 - 0x00007ff836234000 	C:\Windows\System32\combase.dll
0x00007ff834c40000 - 0x00007ff834c6e000 	C:\Windows\SYSTEM32\Wldp.dll
0x00007ff836350000 - 0x00007ff8363fd000 	C:\Windows\System32\SHCORE.dll
0x00007ff8362f0000 - 0x00007ff836345000 	C:\Windows\System32\shlwapi.dll
0x00007ff835140000 - 0x00007ff835165000 	C:\Windows\SYSTEM32\profapi.dll
0x00007ff8158b0000 - 0x00007ff8158c9000 	C:\Program Files\Android\Android Studio\jbr\bin\net.dll
0x00007ff825de0000 - 0x00007ff825eea000 	C:\Windows\SYSTEM32\WINHTTP.dll
0x00007ff8349a0000 - 0x00007ff834a0a000 	C:\Windows\system32\mswsock.dll
0x00007ff815520000 - 0x00007ff815536000 	C:\Program Files\Android\Android Studio\jbr\bin\nio.dll
0x00007ff818c00000 - 0x00007ff818c10000 	C:\Program Files\Android\Android Studio\jbr\bin\verify.dll
0x00007ff8257e0000 - 0x00007ff825807000 	C:\Users\Manas Gupta\.gradle\native\68d5fa5c4cc2d200863cafc0d521ce42e7d3e7ee720ec0a83991735586a16f82\windows-amd64\native-platform.dll
0x00007ff802f00000 - 0x00007ff803044000 	C:\Users\Manas Gupta\.gradle\native\e376f236ea51e6404a007f0833ffe2c6e607c4080706a723a18a27aeea778392\windows-amd64\native-platform-file-events.dll
0x00007ff81e710000 - 0x00007ff81e719000 	C:\Program Files\Android\Android Studio\jbr\bin\management.dll
0x00007ff81e440000 - 0x00007ff81e44b000 	C:\Program Files\Android\Android Studio\jbr\bin\management_ext.dll
0x00007ff835db0000 - 0x00007ff835db8000 	C:\Windows\System32\PSAPI.DLL
0x00007ff834b90000 - 0x00007ff834ba8000 	C:\Windows\SYSTEM32\CRYPTSP.dll
0x00007ff834250000 - 0x00007ff834284000 	C:\Windows\system32\rsaenh.dll
0x00007ff835860000 - 0x00007ff835887000 	C:\Windows\System32\bcrypt.dll
0x00007ff8350c0000 - 0x00007ff8350ee000 	C:\Windows\SYSTEM32\USERENV.dll
0x00007ff834bb0000 - 0x00007ff834bbc000 	C:\Windows\SYSTEM32\CRYPTBASE.dll
0x00007ff834640000 - 0x00007ff83467c000 	C:\Windows\SYSTEM32\IPHLPAPI.DLL
0x00007ff835da0000 - 0x00007ff835da8000 	C:\Windows\System32\NSI.dll
0x00007ff82ba20000 - 0x00007ff82ba37000 	C:\Windows\SYSTEM32\dhcpcsvc6.DLL
0x00007ff82bcc0000 - 0x00007ff82bcdd000 	C:\Windows\SYSTEM32\dhcpcsvc.DLL
0x00007ff834690000 - 0x00007ff83475a000 	C:\Windows\SYSTEM32\DNSAPI.dll
0x00007ff816c60000 - 0x00007ff816c67000 	C:\Windows\system32\wshunix.dll

dbghelp: loaded successfully - version: 4.0.5 - missing functions: none
symbol engine: initialized successfully - sym options: 0x614 - pdb path: .;C:\Program Files\Android\Android Studio\jbr\bin;C:\Windows\SYSTEM32;C:\Windows\WinSxS\amd64_microsoft.windows.common-controls_6595b64144ccf1df_6.0.19041.1110_none_60b5254171f9507e;C:\Program Files\Android\Android Studio\jbr\bin\server;C:\Users\Manas Gupta\.gradle\native\68d5fa5c4cc2d200863cafc0d521ce42e7d3e7ee720ec0a83991735586a16f82\windows-amd64;C:\Users\Manas Gupta\.gradle\native\e376f236ea51e6404a007f0833ffe2c6e607c4080706a723a18a27aeea778392\windows-amd64

VM Arguments:
jvm_args: --add-opens=java.base/java.util=ALL-UNNAMED --add-opens=java.base/java.lang=ALL-UNNAMED --add-opens=java.base/java.lang.invoke=ALL-UNNAMED --add-opens=java.prefs/java.util.prefs=ALL-UNNAMED --add-opens=java.base/java.nio.charset=ALL-UNNAMED --add-opens=java.base/java.net=ALL-UNNAMED --add-opens=java.base/java.util.concurrent.atomic=ALL-UNNAMED -Xmx1536M -Dfile.encoding=windows-1252 -Duser.country=US -Duser.language=en -Duser.variant 
java_command: org.gradle.launcher.daemon.bootstrap.GradleDaemon 7.6.1
java_class_path (initial): C:\Users\Manas Gupta\.gradle\wrapper\dists\gradle-7.6.1-all\942lu1p9i6mhoyzmt401s4g74\gradle-7.6.1\lib\gradle-launcher-7.6.1.jar
Launcher Type: SUN_STANDARD

[Global flags]
     intx CICompilerCount                          = 3                                         {product} {ergonomic}
     uint ConcGCThreads                            = 1                                         {product} {ergonomic}
     uint G1ConcRefinementThreads                  = 4                                         {product} {ergonomic}
   size_t G1HeapRegionSize                         = 1048576                                   {product} {ergonomic}
    uintx GCDrainStackTargetSize                   = 64                                        {product} {ergonomic}
   size_t InitialHeapSize                          = 132120576                                 {product} {ergonomic}
   size_t MarkStackSize                            = 4194304                                   {product} {ergonomic}
   size_t MaxHeapSize                              = 1610612736                                {product} {command line}
   size_t MaxNewSize                               = 965738496                                 {product} {ergonomic}
   size_t MinHeapDeltaBytes                        = 1048576                                   {product} {ergonomic}
   size_t MinHeapSize                              = 8388608                                   {product} {ergonomic}
    uintx NonNMethodCodeHeapSize                   = 5832780                                {pd product} {ergonomic}
    uintx NonProfiledCodeHeapSize                  = 122912730                              {pd product} {ergonomic}
    uintx ProfiledCodeHeapSize                     = 122912730                              {pd product} {ergonomic}
    uintx ReservedCodeCacheSize                    = 251658240                              {pd product} {ergonomic}
     bool SegmentedCodeCache                       = true                                      {product} {ergonomic}
   size_t SoftMaxHeapSize                          = 1610612736                             {manageable} {ergonomic}
     bool UseCompressedClassPointers               = true                           {product lp64_product} {ergonomic}
     bool UseCompressedOops                        = true                           {product lp64_product} {ergonomic}
     bool UseG1GC                                  = true                                      {product} {ergonomic}
     bool UseLargePagesIndividualAllocation        = false                                  {pd product} {ergonomic}

Logging:
Log output configuration:
 #0: stdout all=warning uptime,level,tags
 #1: stderr all=off uptime,level,tags

Environment Variables:
JAVA_HOME=C:\Program Files\Android\Android Studio\jbr
CLASSPATH=F:\Flutter\Projects\Todo-App-using-Flutter-Django\frontend\android\\gradle\wrapper\gradle-wrapper.jar
PATH=C:\Python310\Scripts\;C:\Python310\;D:\JAVA\jdk_VS\bin;D:\JAVA\JDK\bin;C:\Program Files\Common Files\Oracle\Java\javapath;C:\Program Files (x86)\Common Files\Oracle\Java\javapath;C:\Program Files (x86)\Common Files\Intel\Shared Libraries\redist\intel64\compiler;D:\PYTHON\Python39\Scripts\;D:\PYTHON\Python39\;C:\Windows\system32;C:\Windows;C:\Windows\System32\Wbem;C:\Windows\System32\WindowsPowerShell\v1.0\;C:\Windows\System32\OpenSSH\;C:\Program Files (x86)\AMD\ATI.ACE\Core-Static;D:\AMD\ATI.ACE\Core-Static;C:\Program Files\dotnet\;C:\Program Files (x86)\Intel\Intel(R) Management Engine Components\DAL;C:\Program Files\Intel\Intel(R) Management Engine Components\DAL;C:\ProgramData\chocolatey\bin;D:\temp\bin;C:\Program Files\Git\cmd;D:\PROGRAM FILES\Node_Js\;C:\Program Files\MongoDB\Server\6.0\bin;C:\Program Files\MySQL\MySQL Shell 8.0\bin\;D:\PYTHON\Microsoft VS Code\bin;D:\JAVA\Intellij2020\JetBrains\IntelliJ IDEA Community Edition 2020.3.3\bin;;D:\C Language\Compiler files\mingw64\bin;D:\PYTHON\JetBrains_PyCharm_Professional_2021.1x64\PyCharm 2021.1\bin;;C:\Users\Manas Gupta\AppData\Local\Microsoft\WindowsApps;C:\Users\Manas Gupta\AppData\Local\Programs\Microsoft VS Code\bin;F:\Flutter\flutter\bin;D:\JAVA\JDK20\bin;C:\Users\Manas Gupta\AppData\Local\GitHubDesktop\bin;C:\Users\Manas Gupta\AppData\Roaming\npm;F:\Flutter\flutter\bin\mingit\cmd
USERNAME=Manas Gupta
OS=Windows_NT
PROCESSOR_IDENTIFIER=Intel64 Family 6 Model 142 Stepping 9, GenuineIntel
TMP=C:\Users\Manas Gupta\AppData\Local\Temp
TEMP=C:\Users\Manas Gupta\AppData\Local\Temp



---------------  S Y S T E M  ---------------

OS:
 Windows 10 , 64 bit Build 19041 (10.0.19041.3155)
OS uptime: 10 days 15:39 hours

CPU: total 4 (initial active 4) (2 cores per cpu, 2 threads per core) family 6 model 142 stepping 9 microcode 0xec, cx8, cmov, fxsr, ht, mmx, 3dnowpref, sse, sse2, sse3, ssse3, sse4.1, sse4.2, popcnt, lzcnt, tsc, tscinvbit, avx, avx2, aes, erms, clmul, bmi1, bmi2, adx, fma, vzeroupper, clflush, clflushopt

Memory: 4k page, system-wide physical 8057M (1850M free)
TotalPageFile size 22225M (AvailPageFile size 387M)
current process WorkingSet (physical memory assigned to process): 27M, peak: 327M
current process commit charge ("private bytes"): 504M, peak: 541M

vm_info: OpenJDK 64-Bit Server VM (17.0.6+0-b2043.56-9586694) for windows-amd64 JRE (17.0.6+0-b2043.56-9586694), built on Feb  9 2023 20:06:20 by "androidbuild" with MS VC++ 16.10 / 16.11 (VS2019)

END.
