#
# There is insufficient memory for the Java Runtime Environment to continue.
# Native memory allocation (malloc) failed to allocate 244256 bytes for Chunk::new
# Possible reasons:
#   The system is out of physical RAM or swap space
#   The process is running with CompressedOops enabled, and the Java Heap may be blocking the growth of the native heap
# Possible solutions:
#   Reduce memory load on the system
#   Increase physical memory or swap space
#   Check if swap backing store is full
#   Decrease Java heap size (-Xmx/-Xms)
#   Decrease number of Java threads
#   Decrease Java thread stack sizes (-Xss)
#   Set larger code cache with -XX:ReservedCodeCacheSize=
#   JVM is running with Unscaled Compressed Oops mode in which the Java heap is
#     placed in the first 4GB address space. The Java Heap base address is the
#     maximum limit for the native heap growth. Please use -XX:HeapBaseMinAddress
#     to set the Java Heap base and to place the Java Heap above 4GB virtual address.
# This output file may be truncated or incomplete.
#
#  Out of Memory Error (arena.cpp:189), pid=7828, tid=9004
#
# JRE version: OpenJDK Runtime Environment (17.0.6) (build 17.0.6+0-b2043.56-9586694)
# Java VM: OpenJDK 64-Bit Server VM (17.0.6+0-b2043.56-9586694, mixed mode, tiered, compressed oops, compressed class ptrs, g1 gc, windows-amd64)
# No core dump will be written. Minidumps are not enabled by default on client versions of Windows
#

---------------  S U M M A R Y ------------

Command Line: -Dorg.gradle.appname=gradlew org.gradle.wrapper.GradleWrapperMain -q -Ptarget-platform=android-x64 -Ptarget=F:\Flutter\Projects\Todo-App-using-Flutter-Django\frontend\lib\main.dart -Pbase-application-name=android.app.Application -Pdart-defines=Zmx1dHRlci5pbnNwZWN0b3Iuc3RydWN0dXJlZEVycm9ycz10cnVl,RkxVVFRFUl9XRUJfQVVUT19ERVRFQ1Q9dHJ1ZQ==,RkxVVFRFUl9XRUJfQ0FOVkFTS0lUX1VSTD1odHRwczovL3d3dy5nc3RhdGljLmNvbS9mbHV0dGVyLWNhbnZhc2tpdC80NWY2ZTAwOTExMGRmNGYzNGVjMmNmOTlmNjNjZjczYjcxYjdhNDIwLw== -Pdart-obfuscation=false -Ptrack-widget-creation=true -Ptree-shake-icons=false -Pfilesystem-scheme=org-dartlang-root assembleDebug

Host: Intel(R) Core(TM) i5-7200U CPU @ 2.50GHz, 4 cores, 7G,  Windows 10 , 64 bit Build 19041 (10.0.19041.3155)
Time: Thu Jul 13 16:19:17 2023 India Standard Time elapsed time: 102.226916 seconds (0d 0h 1m 42s)

---------------  T H R E A D  ---------------

Current thread (0x000001d8f64eb5c0):  JavaThread "C2 CompilerThread0" daemon [_thread_in_native, id=9004, stack(0x000000ce62400000,0x000000ce62500000)]


Current CompileTask:
C2: 102227 1473 % !   4       java.io.BufferedReader::readLine @ 139 (327 bytes)

Stack: [0x000000ce62400000,0x000000ce62500000]
Native frames: (J=compiled Java code, j=interpreted, Vv=VM code, C=native code)
V  [jvm.dll+0x683b4a]
V  [jvm.dll+0x842654]
V  [jvm.dll+0x843dfe]
V  [jvm.dll+0x844463]
V  [jvm.dll+0x249b75]
V  [jvm.dll+0xabcac]
V  [jvm.dll+0xac27c]
V  [jvm.dll+0x2b0eef]
V  [jvm.dll+0x58a207]
V  [jvm.dll+0x2243b2]
V  [jvm.dll+0x22478f]
V  [jvm.dll+0x21e055]
V  [jvm.dll+0x21b51b]
V  [jvm.dll+0x1a4fdd]
V  [jvm.dll+0x22b098]
V  [jvm.dll+0x229159]
V  [jvm.dll+0x7f809c]
V  [jvm.dll+0x7f25fa]
V  [jvm.dll+0x682985]
C  [ucrtbase.dll+0x21bb2]
C  [KERNEL32.DLL+0x17614]
C  [ntdll.dll+0x526b1]


---------------  P R O C E S S  ---------------

Threads class SMR info:
_java_thread_list=0x000001d8f87bd800, length=14, elements={
0x000001d8dd00e900, 0x000001d8f64d1610, 0x000001d8f64d2db0, 0x000001d8f64e5f70,
0x000001d8f64e7840, 0x000001d8f64ea110, 0x000001d8f64ea9d0, 0x000001d8f64eb5c0,
0x000001d8f64ec710, 0x000001d8f64ed7b0, 0x000001d8f7190560, 0x000001d8f71a5e90,
0x000001d8f841fa30, 0x000001d8f8915590
}

Java Threads: ( => current thread )
  0x000001d8dd00e900 JavaThread "main" [_thread_in_native, id=3028, stack(0x000000ce61700000,0x000000ce61800000)]
  0x000001d8f64d1610 JavaThread "Reference Handler" daemon [_thread_blocked, id=12804, stack(0x000000ce61e00000,0x000000ce61f00000)]
  0x000001d8f64d2db0 JavaThread "Finalizer" daemon [_thread_blocked, id=7584, stack(0x000000ce61f00000,0x000000ce62000000)]
  0x000001d8f64e5f70 JavaThread "Signal Dispatcher" daemon [_thread_blocked, id=11184, stack(0x000000ce62000000,0x000000ce62100000)]
  0x000001d8f64e7840 JavaThread "Attach Listener" daemon [_thread_blocked, id=4992, stack(0x000000ce62100000,0x000000ce62200000)]
  0x000001d8f64ea110 JavaThread "Service Thread" daemon [_thread_blocked, id=10788, stack(0x000000ce62200000,0x000000ce62300000)]
  0x000001d8f64ea9d0 JavaThread "Monitor Deflation Thread" daemon [_thread_blocked, id=13620, stack(0x000000ce62300000,0x000000ce62400000)]
=>0x000001d8f64eb5c0 JavaThread "C2 CompilerThread0" daemon [_thread_in_native, id=9004, stack(0x000000ce62400000,0x000000ce62500000)]
  0x000001d8f64ec710 JavaThread "C1 CompilerThread0" daemon [_thread_blocked, id=15904, stack(0x000000ce62500000,0x000000ce62600000)]
  0x000001d8f64ed7b0 JavaThread "Sweeper thread" daemon [_thread_blocked, id=3084, stack(0x000000ce62600000,0x000000ce62700000)]
  0x000001d8f7190560 JavaThread "Notification Thread" daemon [_thread_blocked, id=15756, stack(0x000000ce62700000,0x000000ce62800000)]
  0x000001d8f71a5e90 JavaThread "Common-Cleaner" daemon [_thread_blocked, id=13504, stack(0x000000ce62900000,0x000000ce62a00000)]
  0x000001d8f841fa30 JavaThread "pool-1-thread-1" [_thread_blocked, id=17200, stack(0x000000ce62a00000,0x000000ce62b00000)]
  0x000001d8f8915590 JavaThread "DisconnectableInputStream source reader" daemon [_thread_in_native, id=17232, stack(0x000000ce62f00000,0x000000ce63000000)]

Other Threads:
  0x000001d8f64ad460 VMThread "VM Thread" [stack: 0x000000ce61d00000,0x000000ce61e00000] [id=16992]
  0x000001d8f6434110 WatcherThread [stack: 0x000000ce62800000,0x000000ce62900000] [id=2108]
  0x000001d8dd069d40 GCTaskThread "GC Thread#0" [stack: 0x000000ce61800000,0x000000ce61900000] [id=15188]
  0x000001d8f7536d70 GCTaskThread "GC Thread#1" [stack: 0x000000ce62b00000,0x000000ce62c00000] [id=14352]
  0x000001d8f756ff60 GCTaskThread "GC Thread#2" [stack: 0x000000ce62c00000,0x000000ce62d00000] [id=15588]
  0x000001d8f7567b80 GCTaskThread "GC Thread#3" [stack: 0x000000ce62d00000,0x000000ce62e00000] [id=14860]
  0x000001d8dd07a790 ConcurrentGCThread "G1 Main Marker" [stack: 0x000000ce61900000,0x000000ce61a00000] [id=13904]
  0x000001d8dd07b0b0 ConcurrentGCThread "G1 Conc#0" [stack: 0x000000ce61a00000,0x000000ce61b00000] [id=17368]
  0x000001d8dd0de900 ConcurrentGCThread "G1 Refine#0" [stack: 0x000000ce61b00000,0x000000ce61c00000] [id=16068]
  0x000001d8f63002f0 ConcurrentGCThread "G1 Service" [stack: 0x000000ce61c00000,0x000000ce61d00000] [id=6224]

Threads with active compile tasks:
C2 CompilerThread0   102278 1473 % !   4       java.io.BufferedReader::readLine @ 139 (327 bytes)

VM state: not at safepoint (normal execution)

VM Mutex/Monitor currently owned by a thread: None

Heap address: 0x0000000082000000, size: 2016 MB, Compressed Oops mode: 32-bit

CDS archive(s) not mapped
Compressed class space mapped at: 0x0000000100000000-0x0000000140000000, reserved size: 1073741824
Narrow klass base: 0x0000000000000000, Narrow klass shift: 3, Narrow klass range: 0x140000000

GC Precious Log:
 CPUs: 4 total, 4 available
 Memory: 8057M
 Large Page Support: Disabled
 NUMA Support: Disabled
 Compressed Oops: Enabled (32-bit)
 Heap Region Size: 1M
 Heap Min Capacity: 8M
 Heap Initial Capacity: 126M
 Heap Max Capacity: 2016M
 Pre-touch: Disabled
 Parallel Workers: 4
 Concurrent Workers: 1
 Concurrent Refinement Workers: 4
 Periodic GC: Disabled

Heap:
 garbage-first heap   total 129024K, used 23408K [0x0000000082000000, 0x0000000100000000)
  region size 1024K, 17 young (17408K), 3 survivors (3072K)
 Metaspace       used 17670K, committed 17856K, reserved 1064960K
  class space    used 2033K, committed 2112K, reserved 1048576K

Heap Regions: E=young(eden), S=young(survivor), O=old, HS=humongous(starts), HC=humongous(continues), CS=collection set, F=free, OA=open archive, CA=closed archive, TAMS=top-at-mark-start (previous, next)
|   0|0x0000000082000000, 0x0000000082100000, 0x0000000082100000|100%| O|  |TAMS 0x0000000082000000, 0x0000000082000000| Untracked 
|   1|0x0000000082100000, 0x0000000082200000, 0x0000000082200000|100%| O|  |TAMS 0x0000000082100000, 0x0000000082100000| Untracked 
|   2|0x0000000082200000, 0x0000000082300000, 0x0000000082300000|100%|HS|  |TAMS 0x0000000082200000, 0x0000000082200000| Complete 
|   3|0x0000000082300000, 0x0000000082400000, 0x0000000082400000|100%|HC|  |TAMS 0x0000000082300000, 0x0000000082300000| Complete 
|   4|0x0000000082400000, 0x0000000082500000, 0x0000000082500000|100%|HC|  |TAMS 0x0000000082400000, 0x0000000082400000| Complete 
|   5|0x0000000082500000, 0x0000000082600000, 0x0000000082600000|100%| O|  |TAMS 0x0000000082500000, 0x0000000082500000| Untracked 
|   6|0x0000000082600000, 0x00000000826dc000, 0x0000000082700000| 85%| O|  |TAMS 0x0000000082600000, 0x0000000082600000| Untracked 
|   7|0x0000000082700000, 0x0000000082700000, 0x0000000082800000|  0%| F|  |TAMS 0x0000000082700000, 0x0000000082700000| Untracked 
|   8|0x0000000082800000, 0x0000000082800000, 0x0000000082900000|  0%| F|  |TAMS 0x0000000082800000, 0x0000000082800000| Untracked 
|   9|0x0000000082900000, 0x0000000082900000, 0x0000000082a00000|  0%| F|  |TAMS 0x0000000082900000, 0x0000000082900000| Untracked 
|  10|0x0000000082a00000, 0x0000000082a00000, 0x0000000082b00000|  0%| F|  |TAMS 0x0000000082a00000, 0x0000000082a00000| Untracked 
|  11|0x0000000082b00000, 0x0000000082b00000, 0x0000000082c00000|  0%| F|  |TAMS 0x0000000082b00000, 0x0000000082b00000| Untracked 
|  12|0x0000000082c00000, 0x0000000082c00000, 0x0000000082d00000|  0%| F|  |TAMS 0x0000000082c00000, 0x0000000082c00000| Untracked 
|  13|0x0000000082d00000, 0x0000000082d00000, 0x0000000082e00000|  0%| F|  |TAMS 0x0000000082d00000, 0x0000000082d00000| Untracked 
|  14|0x0000000082e00000, 0x0000000082e00000, 0x0000000082f00000|  0%| F|  |TAMS 0x0000000082e00000, 0x0000000082e00000| Untracked 
|  15|0x0000000082f00000, 0x0000000082f00000, 0x0000000083000000|  0%| F|  |TAMS 0x0000000082f00000, 0x0000000082f00000| Untracked 
|  16|0x0000000083000000, 0x0000000083000000, 0x0000000083100000|  0%| F|  |TAMS 0x0000000083000000, 0x0000000083000000| Untracked 
|  17|0x0000000083100000, 0x0000000083100000, 0x0000000083200000|  0%| F|  |TAMS 0x0000000083100000, 0x0000000083100000| Untracked 
|  18|0x0000000083200000, 0x0000000083200000, 0x0000000083300000|  0%| F|  |TAMS 0x0000000083200000, 0x0000000083200000| Untracked 
|  19|0x0000000083300000, 0x0000000083300000, 0x0000000083400000|  0%| F|  |TAMS 0x0000000083300000, 0x0000000083300000| Untracked 
|  20|0x0000000083400000, 0x0000000083400000, 0x0000000083500000|  0%| F|  |TAMS 0x0000000083400000, 0x0000000083400000| Untracked 
|  21|0x0000000083500000, 0x0000000083500000, 0x0000000083600000|  0%| F|  |TAMS 0x0000000083500000, 0x0000000083500000| Untracked 
|  22|0x0000000083600000, 0x0000000083600000, 0x0000000083700000|  0%| F|  |TAMS 0x0000000083600000, 0x0000000083600000| Untracked 
|  23|0x0000000083700000, 0x0000000083700000, 0x0000000083800000|  0%| F|  |TAMS 0x0000000083700000, 0x0000000083700000| Untracked 
|  24|0x0000000083800000, 0x0000000083800000, 0x0000000083900000|  0%| F|  |TAMS 0x0000000083800000, 0x0000000083800000| Untracked 
|  25|0x0000000083900000, 0x0000000083900000, 0x0000000083a00000|  0%| F|  |TAMS 0x0000000083900000, 0x0000000083900000| Untracked 
|  26|0x0000000083a00000, 0x0000000083a00000, 0x0000000083b00000|  0%| F|  |TAMS 0x0000000083a00000, 0x0000000083a00000| Untracked 
|  27|0x0000000083b00000, 0x0000000083b00000, 0x0000000083c00000|  0%| F|  |TAMS 0x0000000083b00000, 0x0000000083b00000| Untracked 
|  28|0x0000000083c00000, 0x0000000083c00000, 0x0000000083d00000|  0%| F|  |TAMS 0x0000000083c00000, 0x0000000083c00000| Untracked 
|  29|0x0000000083d00000, 0x0000000083d00000, 0x0000000083e00000|  0%| F|  |TAMS 0x0000000083d00000, 0x0000000083d00000| Untracked 
|  30|0x0000000083e00000, 0x0000000083e00000, 0x0000000083f00000|  0%| F|  |TAMS 0x0000000083e00000, 0x0000000083e00000| Untracked 
|  31|0x0000000083f00000, 0x0000000083f00000, 0x0000000084000000|  0%| F|  |TAMS 0x0000000083f00000, 0x0000000083f00000| Untracked 
|  32|0x0000000084000000, 0x0000000084000000, 0x0000000084100000|  0%| F|  |TAMS 0x0000000084000000, 0x0000000084000000| Untracked 
|  33|0x0000000084100000, 0x0000000084100000, 0x0000000084200000|  0%| F|  |TAMS 0x0000000084100000, 0x0000000084100000| Untracked 
|  34|0x0000000084200000, 0x0000000084200000, 0x0000000084300000|  0%| F|  |TAMS 0x0000000084200000, 0x0000000084200000| Untracked 
|  35|0x0000000084300000, 0x0000000084300000, 0x0000000084400000|  0%| F|  |TAMS 0x0000000084300000, 0x0000000084300000| Untracked 
|  36|0x0000000084400000, 0x0000000084400000, 0x0000000084500000|  0%| F|  |TAMS 0x0000000084400000, 0x0000000084400000| Untracked 
|  37|0x0000000084500000, 0x0000000084500000, 0x0000000084600000|  0%| F|  |TAMS 0x0000000084500000, 0x0000000084500000| Untracked 
|  38|0x0000000084600000, 0x0000000084600000, 0x0000000084700000|  0%| F|  |TAMS 0x0000000084600000, 0x0000000084600000| Untracked 
|  39|0x0000000084700000, 0x0000000084700000, 0x0000000084800000|  0%| F|  |TAMS 0x0000000084700000, 0x0000000084700000| Untracked 
|  40|0x0000000084800000, 0x0000000084800000, 0x0000000084900000|  0%| F|  |TAMS 0x0000000084800000, 0x0000000084800000| Untracked 
|  41|0x0000000084900000, 0x0000000084900000, 0x0000000084a00000|  0%| F|  |TAMS 0x0000000084900000, 0x0000000084900000| Untracked 
|  42|0x0000000084a00000, 0x0000000084a00000, 0x0000000084b00000|  0%| F|  |TAMS 0x0000000084a00000, 0x0000000084a00000| Untracked 
|  43|0x0000000084b00000, 0x0000000084b00000, 0x0000000084c00000|  0%| F|  |TAMS 0x0000000084b00000, 0x0000000084b00000| Untracked 
|  44|0x0000000084c00000, 0x0000000084c00000, 0x0000000084d00000|  0%| F|  |TAMS 0x0000000084c00000, 0x0000000084c00000| Untracked 
|  45|0x0000000084d00000, 0x0000000084d00000, 0x0000000084e00000|  0%| F|  |TAMS 0x0000000084d00000, 0x0000000084d00000| Untracked 
|  46|0x0000000084e00000, 0x0000000084e00000, 0x0000000084f00000|  0%| F|  |TAMS 0x0000000084e00000, 0x0000000084e00000| Untracked 
|  47|0x0000000084f00000, 0x0000000084f00000, 0x0000000085000000|  0%| F|  |TAMS 0x0000000084f00000, 0x0000000084f00000| Untracked 
|  48|0x0000000085000000, 0x0000000085000000, 0x0000000085100000|  0%| F|  |TAMS 0x0000000085000000, 0x0000000085000000| Untracked 
|  49|0x0000000085100000, 0x0000000085100000, 0x0000000085200000|  0%| F|  |TAMS 0x0000000085100000, 0x0000000085100000| Untracked 
|  50|0x0000000085200000, 0x0000000085200000, 0x0000000085300000|  0%| F|  |TAMS 0x0000000085200000, 0x0000000085200000| Untracked 
|  51|0x0000000085300000, 0x0000000085300000, 0x0000000085400000|  0%| F|  |TAMS 0x0000000085300000, 0x0000000085300000| Untracked 
|  52|0x0000000085400000, 0x0000000085400000, 0x0000000085500000|  0%| F|  |TAMS 0x0000000085400000, 0x0000000085400000| Untracked 
|  53|0x0000000085500000, 0x0000000085500000, 0x0000000085600000|  0%| F|  |TAMS 0x0000000085500000, 0x0000000085500000| Untracked 
|  54|0x0000000085600000, 0x0000000085600000, 0x0000000085700000|  0%| F|  |TAMS 0x0000000085600000, 0x0000000085600000| Untracked 
|  55|0x0000000085700000, 0x0000000085700000, 0x0000000085800000|  0%| F|  |TAMS 0x0000000085700000, 0x0000000085700000| Untracked 
|  56|0x0000000085800000, 0x0000000085800000, 0x0000000085900000|  0%| F|  |TAMS 0x0000000085800000, 0x0000000085800000| Untracked 
|  57|0x0000000085900000, 0x0000000085900000, 0x0000000085a00000|  0%| F|  |TAMS 0x0000000085900000, 0x0000000085900000| Untracked 
|  58|0x0000000085a00000, 0x0000000085a00000, 0x0000000085b00000|  0%| F|  |TAMS 0x0000000085a00000, 0x0000000085a00000| Untracked 
|  59|0x0000000085b00000, 0x0000000085b00000, 0x0000000085c00000|  0%| F|  |TAMS 0x0000000085b00000, 0x0000000085b00000| Untracked 
|  60|0x0000000085c00000, 0x0000000085c00000, 0x0000000085d00000|  0%| F|  |TAMS 0x0000000085c00000, 0x0000000085c00000| Untracked 
|  61|0x0000000085d00000, 0x0000000085d00000, 0x0000000085e00000|  0%| F|  |TAMS 0x0000000085d00000, 0x0000000085d00000| Untracked 
|  62|0x0000000085e00000, 0x0000000085e00000, 0x0000000085f00000|  0%| F|  |TAMS 0x0000000085e00000, 0x0000000085e00000| Untracked 
|  63|0x0000000085f00000, 0x0000000085f00000, 0x0000000086000000|  0%| F|  |TAMS 0x0000000085f00000, 0x0000000085f00000| Untracked 
|  64|0x0000000086000000, 0x0000000086000000, 0x0000000086100000|  0%| F|  |TAMS 0x0000000086000000, 0x0000000086000000| Untracked 
|  65|0x0000000086100000, 0x0000000086100000, 0x0000000086200000|  0%| F|  |TAMS 0x0000000086100000, 0x0000000086100000| Untracked 
|  66|0x0000000086200000, 0x0000000086200000, 0x0000000086300000|  0%| F|  |TAMS 0x0000000086200000, 0x0000000086200000| Untracked 
|  67|0x0000000086300000, 0x0000000086300000, 0x0000000086400000|  0%| F|  |TAMS 0x0000000086300000, 0x0000000086300000| Untracked 
|  68|0x0000000086400000, 0x0000000086400000, 0x0000000086500000|  0%| F|  |TAMS 0x0000000086400000, 0x0000000086400000| Untracked 
|  69|0x0000000086500000, 0x0000000086500000, 0x0000000086600000|  0%| F|  |TAMS 0x0000000086500000, 0x0000000086500000| Untracked 
|  70|0x0000000086600000, 0x0000000086600000, 0x0000000086700000|  0%| F|  |TAMS 0x0000000086600000, 0x0000000086600000| Untracked 
|  71|0x0000000086700000, 0x0000000086700000, 0x0000000086800000|  0%| F|  |TAMS 0x0000000086700000, 0x0000000086700000| Untracked 
|  72|0x0000000086800000, 0x0000000086800000, 0x0000000086900000|  0%| F|  |TAMS 0x0000000086800000, 0x0000000086800000| Untracked 
|  73|0x0000000086900000, 0x0000000086900000, 0x0000000086a00000|  0%| F|  |TAMS 0x0000000086900000, 0x0000000086900000| Untracked 
|  74|0x0000000086a00000, 0x0000000086a00000, 0x0000000086b00000|  0%| F|  |TAMS 0x0000000086a00000, 0x0000000086a00000| Untracked 
|  75|0x0000000086b00000, 0x0000000086b00000, 0x0000000086c00000|  0%| F|  |TAMS 0x0000000086b00000, 0x0000000086b00000| Untracked 
|  76|0x0000000086c00000, 0x0000000086c00000, 0x0000000086d00000|  0%| F|  |TAMS 0x0000000086c00000, 0x0000000086c00000| Untracked 
|  77|0x0000000086d00000, 0x0000000086d00000, 0x0000000086e00000|  0%| F|  |TAMS 0x0000000086d00000, 0x0000000086d00000| Untracked 
|  78|0x0000000086e00000, 0x0000000086e00000, 0x0000000086f00000|  0%| F|  |TAMS 0x0000000086e00000, 0x0000000086e00000| Untracked 
|  79|0x0000000086f00000, 0x0000000086f00000, 0x0000000087000000|  0%| F|  |TAMS 0x0000000086f00000, 0x0000000086f00000| Untracked 
|  80|0x0000000087000000, 0x0000000087000000, 0x0000000087100000|  0%| F|  |TAMS 0x0000000087000000, 0x0000000087000000| Untracked 
|  81|0x0000000087100000, 0x0000000087100000, 0x0000000087200000|  0%| F|  |TAMS 0x0000000087100000, 0x0000000087100000| Untracked 
|  82|0x0000000087200000, 0x0000000087200000, 0x0000000087300000|  0%| F|  |TAMS 0x0000000087200000, 0x0000000087200000| Untracked 
|  83|0x0000000087300000, 0x0000000087300000, 0x0000000087400000|  0%| F|  |TAMS 0x0000000087300000, 0x0000000087300000| Untracked 
|  84|0x0000000087400000, 0x0000000087400000, 0x0000000087500000|  0%| F|  |TAMS 0x0000000087400000, 0x0000000087400000| Untracked 
|  85|0x0000000087500000, 0x0000000087500000, 0x0000000087600000|  0%| F|  |TAMS 0x0000000087500000, 0x0000000087500000| Untracked 
|  86|0x0000000087600000, 0x0000000087600000, 0x0000000087700000|  0%| F|  |TAMS 0x0000000087600000, 0x0000000087600000| Untracked 
|  87|0x0000000087700000, 0x0000000087700000, 0x0000000087800000|  0%| F|  |TAMS 0x0000000087700000, 0x0000000087700000| Untracked 
|  88|0x0000000087800000, 0x0000000087800000, 0x0000000087900000|  0%| F|  |TAMS 0x0000000087800000, 0x0000000087800000| Untracked 
|  89|0x0000000087900000, 0x0000000087900000, 0x0000000087a00000|  0%| F|  |TAMS 0x0000000087900000, 0x0000000087900000| Untracked 
|  90|0x0000000087a00000, 0x0000000087a00000, 0x0000000087b00000|  0%| F|  |TAMS 0x0000000087a00000, 0x0000000087a00000| Untracked 
|  91|0x0000000087b00000, 0x0000000087b00000, 0x0000000087c00000|  0%| F|  |TAMS 0x0000000087b00000, 0x0000000087b00000| Untracked 
|  92|0x0000000087c00000, 0x0000000087c00000, 0x0000000087d00000|  0%| F|  |TAMS 0x0000000087c00000, 0x0000000087c00000| Untracked 
|  93|0x0000000087d00000, 0x0000000087d00000, 0x0000000087e00000|  0%| F|  |TAMS 0x0000000087d00000, 0x0000000087d00000| Untracked 
|  94|0x0000000087e00000, 0x0000000087e00000, 0x0000000087f00000|  0%| F|  |TAMS 0x0000000087e00000, 0x0000000087e00000| Untracked 
|  95|0x0000000087f00000, 0x0000000087f00000, 0x0000000088000000|  0%| F|  |TAMS 0x0000000087f00000, 0x0000000087f00000| Untracked 
|  96|0x0000000088000000, 0x0000000088000000, 0x0000000088100000|  0%| F|  |TAMS 0x0000000088000000, 0x0000000088000000| Untracked 
|  97|0x0000000088100000, 0x0000000088100000, 0x0000000088200000|  0%| F|  |TAMS 0x0000000088100000, 0x0000000088100000| Untracked 
|  98|0x0000000088200000, 0x0000000088200000, 0x0000000088300000|  0%| F|  |TAMS 0x0000000088200000, 0x0000000088200000| Untracked 
|  99|0x0000000088300000, 0x0000000088300000, 0x0000000088400000|  0%| F|  |TAMS 0x0000000088300000, 0x0000000088300000| Untracked 
| 100|0x0000000088400000, 0x0000000088400000, 0x0000000088500000|  0%| F|  |TAMS 0x0000000088400000, 0x0000000088400000| Untracked 
| 101|0x0000000088500000, 0x0000000088500000, 0x0000000088600000|  0%| F|  |TAMS 0x0000000088500000, 0x0000000088500000| Untracked 
| 102|0x0000000088600000, 0x0000000088600000, 0x0000000088700000|  0%| F|  |TAMS 0x0000000088600000, 0x0000000088600000| Untracked 
| 103|0x0000000088700000, 0x0000000088700000, 0x0000000088800000|  0%| F|  |TAMS 0x0000000088700000, 0x0000000088700000| Untracked 
| 104|0x0000000088800000, 0x0000000088800000, 0x0000000088900000|  0%| F|  |TAMS 0x0000000088800000, 0x0000000088800000| Untracked 
| 105|0x0000000088900000, 0x0000000088a00000, 0x0000000088a00000|100%| S|CS|TAMS 0x0000000088900000, 0x0000000088900000| Complete 
| 106|0x0000000088a00000, 0x0000000088b00000, 0x0000000088b00000|100%| S|CS|TAMS 0x0000000088a00000, 0x0000000088a00000| Complete 
| 107|0x0000000088b00000, 0x0000000088c00000, 0x0000000088c00000|100%| S|CS|TAMS 0x0000000088b00000, 0x0000000088b00000| Complete 
| 108|0x0000000088c00000, 0x0000000088c00000, 0x0000000088d00000|  0%| F|  |TAMS 0x0000000088c00000, 0x0000000088c00000| Untracked 
| 109|0x0000000088d00000, 0x0000000088d00000, 0x0000000088e00000|  0%| F|  |TAMS 0x0000000088d00000, 0x0000000088d00000| Untracked 
| 110|0x0000000088e00000, 0x0000000088e00000, 0x0000000088f00000|  0%| F|  |TAMS 0x0000000088e00000, 0x0000000088e00000| Untracked 
| 111|0x0000000088f00000, 0x0000000088f00000, 0x0000000089000000|  0%| F|  |TAMS 0x0000000088f00000, 0x0000000088f00000| Untracked 
| 112|0x0000000089000000, 0x00000000890cabe8, 0x0000000089100000| 79%| E|  |TAMS 0x0000000089000000, 0x0000000089000000| Complete 
| 113|0x0000000089100000, 0x0000000089200000, 0x0000000089200000|100%| E|CS|TAMS 0x0000000089100000, 0x0000000089100000| Complete 
| 114|0x0000000089200000, 0x0000000089300000, 0x0000000089300000|100%| E|CS|TAMS 0x0000000089200000, 0x0000000089200000| Complete 
| 115|0x0000000089300000, 0x0000000089400000, 0x0000000089400000|100%| E|CS|TAMS 0x0000000089300000, 0x0000000089300000| Complete 
| 116|0x0000000089400000, 0x0000000089500000, 0x0000000089500000|100%| E|CS|TAMS 0x0000000089400000, 0x0000000089400000| Complete 
| 117|0x0000000089500000, 0x0000000089600000, 0x0000000089600000|100%| E|CS|TAMS 0x0000000089500000, 0x0000000089500000| Complete 
| 118|0x0000000089600000, 0x0000000089700000, 0x0000000089700000|100%| E|CS|TAMS 0x0000000089600000, 0x0000000089600000| Complete 
| 119|0x0000000089700000, 0x0000000089800000, 0x0000000089800000|100%| E|CS|TAMS 0x0000000089700000, 0x0000000089700000| Complete 
| 120|0x0000000089800000, 0x0000000089900000, 0x0000000089900000|100%| E|CS|TAMS 0x0000000089800000, 0x0000000089800000| Complete 
| 121|0x0000000089900000, 0x0000000089a00000, 0x0000000089a00000|100%| E|CS|TAMS 0x0000000089900000, 0x0000000089900000| Complete 
| 122|0x0000000089a00000, 0x0000000089b00000, 0x0000000089b00000|100%| E|CS|TAMS 0x0000000089a00000, 0x0000000089a00000| Complete 
| 123|0x0000000089b00000, 0x0000000089c00000, 0x0000000089c00000|100%| E|CS|TAMS 0x0000000089b00000, 0x0000000089b00000| Complete 
| 124|0x0000000089c00000, 0x0000000089d00000, 0x0000000089d00000|100%| E|CS|TAMS 0x0000000089c00000, 0x0000000089c00000| Complete 
| 125|0x0000000089d00000, 0x0000000089e00000, 0x0000000089e00000|100%| E|CS|TAMS 0x0000000089d00000, 0x0000000089d00000| Complete 

Card table byte_map: [0x000001d8ef8d0000,0x000001d8efcc0000] _byte_map_base: 0x000001d8ef4c0000

Marking Bits (Prev, Next): (CMBitMap*) 0x000001d8dd06a260, (CMBitMap*) 0x000001d8dd06a2a0
 Prev Bits: [0x000001d8f00b0000, 0x000001d8f2030000)
 Next Bits: [0x000001d8f2030000, 0x000001d8f3fb0000)

Polling page: 0x000001d8dad70000

Metaspace:

Usage:
  Non-class:     15.27 MB used.
      Class:      1.99 MB used.
       Both:     17.26 MB used.

Virtual space:
  Non-class space:       16.00 MB reserved,      15.38 MB ( 96%) committed,  2 nodes.
      Class space:        1.00 GB reserved,       2.06 MB ( <1%) committed,  1 nodes.
             Both:        1.02 GB reserved,      17.44 MB (  2%) committed. 

Chunk freelists:
   Non-Class:  558.00 KB
       Class:  1.97 MB
        Both:  2.52 MB

MaxMetaspaceSize: unlimited
CompressedClassSpaceSize: 1.00 GB
Initial GC threshold: 21.00 MB
Current GC threshold: 21.00 MB
CDS: off
MetaspaceReclaimPolicy: balanced
 - commit_granule_bytes: 65536.
 - commit_granule_words: 8192.
 - virtual_space_node_default_size: 1048576.
 - enlarge_chunks_in_place: 1.
 - new_chunks_are_fully_committed: 0.
 - uncommit_free_chunks: 1.
 - use_allocation_guard: 0.
 - handle_deallocations: 1.


Internal statistics:

num_allocs_failed_limit: 0.
num_arena_births: 90.
num_arena_deaths: 0.
num_vsnodes_births: 3.
num_vsnodes_deaths: 0.
num_space_committed: 279.
num_space_uncommitted: 0.
num_chunks_returned_to_freelist: 0.
num_chunks_taken_from_freelist: 333.
num_chunk_merges: 0.
num_chunk_splits: 220.
num_chunks_enlarged: 185.
num_purges: 0.
num_inconsistent_stats: 0.

CodeHeap 'non-profiled nmethods': size=120000Kb used=540Kb max_used=540Kb free=119459Kb
 bounds [0x000001d8e7fb0000, 0x000001d8e8220000, 0x000001d8ef4e0000]
CodeHeap 'profiled nmethods': size=120000Kb used=2819Kb max_used=2819Kb free=117180Kb
 bounds [0x000001d8e04e0000, 0x000001d8e07b0000, 0x000001d8e7a10000]
CodeHeap 'non-nmethods': size=5760Kb used=1173Kb max_used=1208Kb free=4586Kb
 bounds [0x000001d8e7a10000, 0x000001d8e7c80000, 0x000001d8e7fb0000]
 total_blobs=1948 nmethods=1476 adapters=385
 compilation: enabled
              stopped_count=0, restarted_count=0
 full_count=0

Compilation events (20 events):
Event: 101.593 Thread 0x000001d8f64ec710 nmethod 1466 0x000001d8e079b590 code [0x000001d8e079b8e0, 0x000001d8e079cc38]
Event: 101.593 Thread 0x000001d8f64ec710 1469       3       org.gradle.internal.logging.text.AbstractLineChoppingStyledTextOutput::access$800 (4 bytes)
Event: 101.593 Thread 0x000001d8f64ec710 nmethod 1469 0x000001d8e079d410 code [0x000001d8e079d5a0, 0x000001d8e079d698]
Event: 101.593 Thread 0x000001d8f64ec710 1470       3       org.gradle.internal.logging.text.AbstractLineChoppingStyledTextOutput$2::execute (9 bytes)
Event: 101.593 Thread 0x000001d8f64ec710 nmethod 1470 0x000001d8e079d710 code [0x000001d8e079d8c0, 0x000001d8e079dae8]
Event: 101.593 Thread 0x000001d8f64ec710 1471       3       org.gradle.internal.logging.text.AbstractLineChoppingStyledTextOutput$2::execute (77 bytes)
Event: 101.594 Thread 0x000001d8f64ec710 nmethod 1471 0x000001d8e079db90 code [0x000001d8e079de60, 0x000001d8e079ebc8]
Event: 101.594 Thread 0x000001d8f64ec710 1467       3       org.gradle.internal.logging.text.AbstractLineChoppingStyledTextOutput$SeenFromEol::all (18 bytes)
Event: 101.595 Thread 0x000001d8f64ec710 nmethod 1467 0x000001d8e079f190 code [0x000001d8e079f320, 0x000001d8e079f498]
Event: 101.595 Thread 0x000001d8f64ec710 1468       3       org.gradle.internal.logging.text.AbstractLineChoppingStyledTextOutput$SeenFromEol::none (13 bytes)
Event: 101.595 Thread 0x000001d8f64ec710 nmethod 1468 0x000001d8e079f590 code [0x000001d8e079f720, 0x000001d8e079f898]
Event: 102.208 Thread 0x000001d8f64ec710 1472       1       java.util.LinkedList::size (5 bytes)
Event: 102.208 Thread 0x000001d8f64ec710 nmethod 1472 0x000001d8e8036990 code [0x000001d8e8036b20, 0x000001d8e8036bf8]
Event: 102.208 Thread 0x000001d8f64eb5c0 1473 % !   4       java.io.BufferedReader::readLine @ 139 (327 bytes)
Event: 102.208 Thread 0x000001d8f64ec710 1474       3       java.util.LinkedList::checkPositionIndex (22 bytes)
Event: 102.209 Thread 0x000001d8f64ec710 nmethod 1474 0x000001d8e079f910 code [0x000001d8e079fb60, 0x000001d8e07a02a8]
Event: 102.209 Thread 0x000001d8f64ec710 1475       3       java.util.LinkedList::isPositionIndex (18 bytes)
Event: 102.209 Thread 0x000001d8f64ec710 nmethod 1475 0x000001d8e07a0590 code [0x000001d8e07a0720, 0x000001d8e07a08b8]
Event: 102.215 Thread 0x000001d8f64ec710 1477       3       java.lang.invoke.MethodHandles$Lookup::hasFullPrivilegeAccess (18 bytes)
Event: 102.215 Thread 0x000001d8f64ec710 nmethod 1477 0x000001d8e07a0990 code [0x000001d8e07a0b20, 0x000001d8e07a0c98]

GC Heap History (4 events):
Event: 0.877 GC heap before
{Heap before GC invocations=0 (full 0):
 garbage-first heap   total 129024K, used 12288K [0x0000000082000000, 0x0000000100000000)
  region size 1024K, 13 young (13312K), 0 survivors (0K)
 Metaspace       used 8379K, committed 8512K, reserved 1056768K
  class space    used 735K, committed 768K, reserved 1048576K
}
Event: 0.882 GC heap after
{Heap after GC invocations=1 (full 0):
 garbage-first heap   total 129024K, used 3136K [0x0000000082000000, 0x0000000100000000)
  region size 1024K, 2 young (2048K), 2 survivors (2048K)
 Metaspace       used 8379K, committed 8512K, reserved 1056768K
  class space    used 735K, committed 768K, reserved 1048576K
}
Event: 1.869 GC heap before
{Heap before GC invocations=1 (full 0):
 garbage-first heap   total 129024K, used 21568K [0x0000000082000000, 0x0000000100000000)
  region size 1024K, 18 young (18432K), 2 survivors (2048K)
 Metaspace       used 13257K, committed 13376K, reserved 1064960K
  class space    used 1500K, committed 1536K, reserved 1048576K
}
Event: 1.875 GC heap after
{Heap after GC invocations=2 (full 0):
 garbage-first heap   total 129024K, used 10096K [0x0000000082000000, 0x0000000100000000)
  region size 1024K, 3 young (3072K), 3 survivors (3072K)
 Metaspace       used 13257K, committed 13376K, reserved 1064960K
  class space    used 1500K, committed 1536K, reserved 1048576K
}

Dll operation events (2 events):
Event: 0.033 Loaded shared library C:\Program Files\Android\Android Studio\jbr\bin\java.dll
Event: 0.229 Loaded shared library C:\Program Files\Android\Android Studio\jbr\bin\verify.dll

Deoptimization events (20 events):
Event: 3.405 Thread 0x000001d8f864dbc0 DEOPT PACKING pc=0x000001d8e7fe57e8 sp=0x000000ce62efeb20
Event: 3.406 Thread 0x000001d8f864dbc0 DEOPT UNPACKING pc=0x000001d8e7a669a3 sp=0x000000ce62efe9a8 mode 2
Event: 3.406 Thread 0x000001d8f864dbc0 Uncommon trap: trap_request=0xffffff45 fr.pc=0x000001d8e7ff7fd0 relative=0x0000000000000510
Event: 3.406 Thread 0x000001d8f864dbc0 Uncommon trap: reason=unstable_if action=reinterpret pc=0x000001d8e7ff7fd0 method=java.lang.AbstractStringBuilder.putStringAt(ILjava/lang/String;II)V @ 8 c2
Event: 3.406 Thread 0x000001d8f864dbc0 DEOPT PACKING pc=0x000001d8e7ff7fd0 sp=0x000000ce62efeab0
Event: 3.406 Thread 0x000001d8f864dbc0 DEOPT UNPACKING pc=0x000001d8e7a669a3 sp=0x000000ce62efe9a0 mode 2
Event: 3.406 Thread 0x000001d8f864dbc0 Uncommon trap: trap_request=0xffffff45 fr.pc=0x000001d8e8029320 relative=0x0000000000000400
Event: 3.406 Thread 0x000001d8f864dbc0 Uncommon trap: reason=unstable_if action=reinterpret pc=0x000001d8e8029320 method=java.lang.AbstractStringBuilder.isLatin1()Z @ 10 c2
Event: 3.406 Thread 0x000001d8f864dbc0 DEOPT PACKING pc=0x000001d8e8029320 sp=0x000000ce62efeb30
Event: 3.406 Thread 0x000001d8f864dbc0 DEOPT UNPACKING pc=0x000001d8e7a669a3 sp=0x000000ce62efeab0 mode 2
Event: 11.003 Thread 0x000001d8f864dbc0 Uncommon trap: trap_request=0xffffff45 fr.pc=0x000001d8e8009fc8 relative=0x0000000000000f08
Event: 11.003 Thread 0x000001d8f864dbc0 Uncommon trap: reason=unstable_if action=reinterpret pc=0x000001d8e8009fc8 method=java.util.concurrent.ConcurrentHashMap.putVal(Ljava/lang/Object;Ljava/lang/Object;Z)Ljava/lang/Object; @ 97 c2
Event: 11.003 Thread 0x000001d8f864dbc0 DEOPT PACKING pc=0x000001d8e8009fc8 sp=0x000000ce62efdf00
Event: 11.003 Thread 0x000001d8f864dbc0 DEOPT UNPACKING pc=0x000001d8e7a669a3 sp=0x000000ce62efde88 mode 2
Event: 11.004 Thread 0x000001d8dd00e900 DEOPT PACKING pc=0x000001d8e07144d6 sp=0x000000ce617fc300
Event: 11.004 Thread 0x000001d8dd00e900 DEOPT UNPACKING pc=0x000001d8e7a67143 sp=0x000000ce617fb7a0 mode 0
Event: 102.216 Thread 0x000001d8dd00e900 Uncommon trap: trap_request=0xffffff45 fr.pc=0x000001d8e801f984 relative=0x00000000000001e4
Event: 102.216 Thread 0x000001d8dd00e900 Uncommon trap: reason=unstable_if action=reinterpret pc=0x000001d8e801f984 method=java.net.URI$Parser.scan(IILjava/lang/String;)I @ 26 c2
Event: 102.216 Thread 0x000001d8dd00e900 DEOPT PACKING pc=0x000001d8e801f984 sp=0x000000ce617fc1e0
Event: 102.216 Thread 0x000001d8dd00e900 DEOPT UNPACKING pc=0x000001d8e7a669a3 sp=0x000000ce617fc170 mode 2

Classes unloaded (0 events):
No events

Classes redefined (0 events):
No events

Internal exceptions (20 events):
Event: 1.490 Thread 0x000001d8dd00e900 Exception <a 'java/lang/NoSuchMethodError'{0x000000008942de70}: 'java.lang.Object java.lang.invoke.Invokers$Holder.invoker(java.lang.Object, java.lang.Object, java.lang.Object)'> (0x000000008942de70) 
thrown [s\src\hotspot\share\interpreter\linkResolver.cpp, line 771]
Event: 1.500 Thread 0x000001d8dd00e900 Exception <a 'java/lang/NoSuchMethodError'{0x0000000089436f18}: 'java.lang.Object java.lang.invoke.DirectMethodHandle$Holder.invokeStatic(java.lang.Object, java.lang.Object, int)'> (0x0000000089436f18) 
thrown [s\src\hotspot\share\interpreter\linkResolver.cpp, line 771]
Event: 1.503 Thread 0x000001d8dd00e900 Exception <a 'java/lang/NoSuchMethodError'{0x0000000089442c08}: 'void java.lang.invoke.DelegatingMethodHandle$Holder.delegate(java.lang.Object, java.lang.Object, int, java.lang.Object)'> (0x0000000089442c08) 
thrown [s\src\hotspot\share\interpreter\linkResolver.cpp, line 771]
Event: 1.504 Thread 0x000001d8dd00e900 Exception <a 'java/lang/NoSuchMethodError'{0x0000000089446d50}: 'int java.lang.invoke.DirectMethodHandle$Holder.invokeSpecial(java.lang.Object, java.lang.Object, java.lang.Object)'> (0x0000000089446d50) 
thrown [s\src\hotspot\share\interpreter\linkResolver.cpp, line 771]
Event: 1.513 Thread 0x000001d8dd00e900 Exception <a 'java/lang/NoSuchMethodError'{0x000000008945a148}: 'java.lang.Object java.lang.invoke.Invokers$Holder.invokeExact_MT(java.lang.Object, java.lang.Object, java.lang.Object, java.lang.Object)'> (0x000000008945a148) 
thrown [s\src\hotspot\share\interpreter\linkResolver.cpp, line 771]
Event: 1.701 Thread 0x000001d8dd00e900 Exception <a 'java/lang/NoSuchMethodError'{0x0000000088e86000}: 'void java.lang.invoke.DirectMethodHandle$Holder.invokeSpecial(java.lang.Object, java.lang.Object, java.lang.Object)'> (0x0000000088e86000) 
thrown [s\src\hotspot\share\interpreter\linkResolver.cpp, line 771]
Event: 1.723 Thread 0x000001d8dd00e900 Implicit null exception at 0x000001d8e800160f to 0x000001d8e8001b84
Event: 1.723 Thread 0x000001d8dd00e900 Implicit null exception at 0x000001d8e7ff300f to 0x000001d8e7ff358c
Event: 1.767 Thread 0x000001d8dd00e900 Exception <a 'java/lang/NoSuchMethodError'{0x0000000088c28c28}: 'java.lang.Object java.lang.invoke.DirectMethodHandle$Holder.invokeStaticInit(java.lang.Object)'> (0x0000000088c28c28) 
thrown [s\src\hotspot\share\interpreter\linkResolver.cpp, line 771]
Event: 2.068 Thread 0x000001d8dd00e900 Exception <a 'java/lang/NoSuchMethodError'{0x0000000089a34318}: 'java.lang.Object java.lang.invoke.DirectMethodHandle$Holder.invokeStaticInit(java.lang.Object, int, int, int, int)'> (0x0000000089a34318) 
thrown [s\src\hotspot\share\interpreter\linkResolver.cpp, line 771]
Event: 2.141 Thread 0x000001d8dd00e900 Exception <a 'java/lang/NoSuchMethodError'{0x0000000089a8a3c0}: 'java.lang.Object java.lang.invoke.DirectMethodHandle$Holder.invokeStaticInit(java.lang.Object, java.lang.Object, int, int, int, int)'> (0x0000000089a8a3c0) 
thrown [s\src\hotspot\share\interpreter\linkResolver.cpp, line 771]
Event: 2.562 Thread 0x000001d8dd00e900 Exception <a 'java/lang/NoSuchMethodError'{0x0000000089ab9018}: 'void java.lang.invoke.DirectMethodHandle$Holder.invokeStatic(java.lang.Object, java.lang.Object, java.lang.Object)'> (0x0000000089ab9018) 
thrown [s\src\hotspot\share\interpreter\linkResolver.cpp, line 771]
Event: 3.325 Thread 0x000001d8f864dbc0 Exception <a 'java/lang/NoSuchMethodError'{0x000000008930b850}: 'void java.lang.invoke.DirectMethodHandle$Holder.invokeStatic(java.lang.Object, long)'> (0x000000008930b850) 
thrown [s\src\hotspot\share\interpreter\linkResolver.cpp, line 771]
Event: 3.327 Thread 0x000001d8f864dbc0 Exception <a 'java/lang/NoSuchMethodError'{0x0000000089310f00}: 'java.lang.Object java.lang.invoke.DirectMethodHandle$Holder.newInvokeSpecial(java.lang.Object, long)'> (0x0000000089310f00) 
thrown [s\src\hotspot\share\interpreter\linkResolver.cpp, line 771]
Event: 3.331 Thread 0x000001d8f864dbc0 Exception <a 'java/lang/NoSuchMethodError'{0x000000008931baa8}: 'java.lang.Object java.lang.invoke.DirectMethodHandle$Holder.invokeStaticInit(java.lang.Object, java.lang.Object, long, java.lang.Object)'> (0x000000008931baa8) 
thrown [s\src\hotspot\share\interpreter\linkResolver.cpp, line 771]
Event: 3.332 Thread 0x000001d8f864dbc0 Exception <a 'java/lang/NoSuchMethodError'{0x0000000089322130}: 'java.lang.Object java.lang.invoke.DirectMethodHandle$Holder.newInvokeSpecial(java.lang.Object, java.lang.Object, long)'> (0x0000000089322130) 
thrown [s\src\hotspot\share\interpreter\linkResolver.cpp, line 771]
Event: 3.333 Thread 0x000001d8f864dbc0 Exception <a 'java/lang/NoSuchMethodError'{0x0000000089326420}: 'java.lang.Object java.lang.invoke.Invokers$Holder.linkToTargetMethod(java.lang.Object, long, java.lang.Object)'> (0x0000000089326420) 
thrown [s\src\hotspot\share\interpreter\linkResolver.cpp, line 771]
Event: 102.201 Thread 0x000001d8dd00e900 Exception <a 'sun/net/ConnectionResetException'{0x00000000890548e0}: Connection reset> (0x00000000890548e0) 
thrown [s\src\hotspot\share\prims\jni.cpp, line 536]
Event: 102.213 Thread 0x000001d8dd00e900 Exception <a 'java/lang/NoSuchMethodError'{0x000000008908f520}: 'int java.lang.invoke.DirectMethodHandle$Holder.invokeVirtual(java.lang.Object, java.lang.Object)'> (0x000000008908f520) 
thrown [s\src\hotspot\share\interpreter\linkResolver.cpp, line 771]
Event: 102.217 Thread 0x000001d8f8915a60 Exception <a 'java/io/IOException'{0x0000000089002958}: Connection reset by peer> (0x0000000089002958) 
thrown [s\src\hotspot\share\prims\jni.cpp, line 536]

VM Operations (20 events):
Event: 11.059 Executing VM operation: HandshakeAllThreads
Event: 11.059 Executing VM operation: HandshakeAllThreads done
Event: 11.059 Executing VM operation: Cleanup
Event: 11.060 Executing VM operation: Cleanup done
Event: 12.070 Executing VM operation: Cleanup
Event: 12.070 Executing VM operation: Cleanup done
Event: 26.178 Executing VM operation: Cleanup
Event: 26.178 Executing VM operation: Cleanup done
Event: 27.186 Executing VM operation: Cleanup
Event: 27.186 Executing VM operation: Cleanup done
Event: 28.199 Executing VM operation: Cleanup
Event: 28.199 Executing VM operation: Cleanup done
Event: 41.275 Executing VM operation: Cleanup
Event: 41.275 Executing VM operation: Cleanup done
Event: 50.345 Executing VM operation: Cleanup
Event: 50.346 Executing VM operation: Cleanup done
Event: 53.358 Executing VM operation: Cleanup
Event: 53.358 Executing VM operation: Cleanup done
Event: 101.729 Executing VM operation: Cleanup
Event: 101.729 Executing VM operation: Cleanup done

Events (20 events):
Event: 22.400 loading class jdk/internal/reflect/ByteVectorImpl done
Event: 22.400 loading class jdk/internal/reflect/ClassFileAssembler
Event: 22.400 loading class jdk/internal/reflect/ClassFileAssembler done
Event: 22.400 loading class jdk/internal/reflect/UTF8
Event: 22.400 loading class jdk/internal/reflect/UTF8 done
Event: 22.401 loading class jdk/internal/reflect/Label
Event: 22.401 loading class jdk/internal/reflect/Label done
Event: 22.401 loading class jdk/internal/reflect/Label$PatchInfo
Event: 22.401 loading class jdk/internal/reflect/Label$PatchInfo done
Event: 22.402 loading class jdk/internal/reflect/MethodAccessorGenerator$1
Event: 22.402 loading class jdk/internal/reflect/MethodAccessorGenerator$1 done
Event: 22.402 loading class jdk/internal/reflect/ClassDefiner
Event: 22.402 loading class jdk/internal/reflect/ClassDefiner done
Event: 22.402 loading class jdk/internal/reflect/ClassDefiner$1
Event: 22.402 loading class jdk/internal/reflect/ClassDefiner$1 done
Event: 102.200 loading class sun/net/ConnectionResetException
Event: 102.201 loading class sun/net/ConnectionResetException done
Event: 102.218 Thread 0x000001d8f8915a60 Thread exited: 0x000001d8f8915a60
Event: 102.220 loading class java/util/concurrent/ConcurrentLinkedQueue$Itr
Event: 102.221 loading class java/util/concurrent/ConcurrentLinkedQueue$Itr done


Dynamic libraries:
0x00007ff612e40000 - 0x00007ff612e4a000 	C:\Program Files\Android\Android Studio\jbr\bin\java.exe
0x00007ff837b30000 - 0x00007ff837d28000 	C:\Windows\SYSTEM32\ntdll.dll
0x00007ff835dc0000 - 0x00007ff835e7f000 	C:\Windows\System32\KERNEL32.DLL
0x00007ff835530000 - 0x00007ff835826000 	C:\Windows\System32\KERNELBASE.dll
0x00007ff835890000 - 0x00007ff835990000 	C:\Windows\System32\ucrtbase.dll
0x00007ff809890000 - 0x00007ff8098a7000 	C:\Program Files\Android\Android Studio\jbr\bin\jli.dll
0x00007ff837690000 - 0x00007ff83782d000 	C:\Windows\System32\USER32.dll
0x00007ff835830000 - 0x00007ff835852000 	C:\Windows\System32\win32u.dll
0x00007ff8364a0000 - 0x00007ff8364cc000 	C:\Windows\System32\GDI32.dll
0x00007ff835410000 - 0x00007ff835525000 	C:\Windows\System32\gdi32full.dll
0x00007ff835210000 - 0x00007ff8352ad000 	C:\Windows\System32\msvcp_win.dll
0x00007ff807a30000 - 0x00007ff807a4b000 	C:\Program Files\Android\Android Studio\jbr\bin\VCRUNTIME140.dll
0x00007ff822b60000 - 0x00007ff822dfa000 	C:\Windows\WinSxS\amd64_microsoft.windows.common-controls_6595b64144ccf1df_6.0.19041.1110_none_60b5254171f9507e\COMCTL32.dll
0x00007ff8374d0000 - 0x00007ff83756e000 	C:\Windows\System32\msvcrt.dll
0x00007ff8365b0000 - 0x00007ff8365e0000 	C:\Windows\System32\IMM32.DLL
0x00007ff8150f0000 - 0x00007ff8150fc000 	C:\Program Files\Android\Android Studio\jbr\bin\vcruntime140_1.dll
0x00007ffffee80000 - 0x00007ffffef0d000 	C:\Program Files\Android\Android Studio\jbr\bin\msvcp140.dll
0x00007fffeec00000 - 0x00007fffef86d000 	C:\Program Files\Android\Android Studio\jbr\bin\server\jvm.dll
0x00007ff836240000 - 0x00007ff8362ef000 	C:\Windows\System32\ADVAPI32.dll
0x00007ff836400000 - 0x00007ff83649c000 	C:\Windows\System32\sechost.dll
0x00007ff837940000 - 0x00007ff837a66000 	C:\Windows\System32\RPCRT4.dll
0x00007ff82bd80000 - 0x00007ff82bd89000 	C:\Windows\SYSTEM32\WSOCK32.dll
0x00007ff8366a0000 - 0x00007ff83670b000 	C:\Windows\System32\WS2_32.dll
0x00007ff822b30000 - 0x00007ff822b57000 	C:\Windows\SYSTEM32\WINMM.dll
0x00007ff82e0c0000 - 0x00007ff82e0ca000 	C:\Windows\SYSTEM32\VERSION.dll
0x00007ff833a70000 - 0x00007ff833a82000 	C:\Windows\SYSTEM32\kernel.appcore.dll
0x00007ff81e8b0000 - 0x00007ff81e8ba000 	C:\Program Files\Android\Android Studio\jbr\bin\jimage.dll
0x00007ff832f70000 - 0x00007ff833154000 	C:\Windows\SYSTEM32\DBGHELP.DLL
0x00007ff82e070000 - 0x00007ff82e0a4000 	C:\Windows\SYSTEM32\dbgcore.DLL
0x00007ff835a00000 - 0x00007ff835a82000 	C:\Windows\System32\bcryptPrimitives.dll
0x00007ff815960000 - 0x00007ff815985000 	C:\Program Files\Android\Android Studio\jbr\bin\java.dll
0x00007ff8159b0000 - 0x00007ff8159c8000 	C:\Program Files\Android\Android Studio\jbr\bin\zip.dll
0x00007ff836840000 - 0x00007ff836f84000 	C:\Windows\System32\SHELL32.dll
0x00007ff833160000 - 0x00007ff8338f4000 	C:\Windows\SYSTEM32\windows.storage.dll
0x00007ff835ee0000 - 0x00007ff836234000 	C:\Windows\System32\combase.dll
0x00007ff834c40000 - 0x00007ff834c6e000 	C:\Windows\SYSTEM32\Wldp.dll
0x00007ff836350000 - 0x00007ff8363fd000 	C:\Windows\System32\SHCORE.dll
0x00007ff8362f0000 - 0x00007ff836345000 	C:\Windows\System32\shlwapi.dll
0x00007ff835140000 - 0x00007ff835165000 	C:\Windows\SYSTEM32\profapi.dll
0x00007ff8158b0000 - 0x00007ff8158c9000 	C:\Program Files\Android\Android Studio\jbr\bin\net.dll
0x00007ff825de0000 - 0x00007ff825eea000 	C:\Windows\SYSTEM32\WINHTTP.dll
0x00007ff8349a0000 - 0x00007ff834a0a000 	C:\Windows\system32\mswsock.dll
0x00007ff815520000 - 0x00007ff815536000 	C:\Program Files\Android\Android Studio\jbr\bin\nio.dll
0x00007ff818c00000 - 0x00007ff818c10000 	C:\Program Files\Android\Android Studio\jbr\bin\verify.dll
0x00007ff82bec0000 - 0x00007ff82bee7000 	C:\Users\Manas Gupta\.gradle\native\68d5fa5c4cc2d200863cafc0d521ce42e7d3e7ee720ec0a83991735586a16f82\windows-amd64\native-platform.dll
0x00007ff81e710000 - 0x00007ff81e719000 	C:\Program Files\Android\Android Studio\jbr\bin\management.dll
0x00007ff81e440000 - 0x00007ff81e44b000 	C:\Program Files\Android\Android Studio\jbr\bin\management_ext.dll
0x00007ff835db0000 - 0x00007ff835db8000 	C:\Windows\System32\PSAPI.DLL
0x00007ff834b90000 - 0x00007ff834ba8000 	C:\Windows\SYSTEM32\CRYPTSP.dll
0x00007ff834250000 - 0x00007ff834284000 	C:\Windows\system32\rsaenh.dll
0x00007ff835860000 - 0x00007ff835887000 	C:\Windows\System32\bcrypt.dll
0x00007ff8350c0000 - 0x00007ff8350ee000 	C:\Windows\SYSTEM32\USERENV.dll
0x00007ff834bb0000 - 0x00007ff834bbc000 	C:\Windows\SYSTEM32\CRYPTBASE.dll
0x00007ff834640000 - 0x00007ff83467c000 	C:\Windows\SYSTEM32\IPHLPAPI.DLL
0x00007ff835da0000 - 0x00007ff835da8000 	C:\Windows\System32\NSI.dll
0x00007ff82ba20000 - 0x00007ff82ba37000 	C:\Windows\SYSTEM32\dhcpcsvc6.DLL
0x00007ff82bcc0000 - 0x00007ff82bcdd000 	C:\Windows\SYSTEM32\dhcpcsvc.DLL
0x00007ff834690000 - 0x00007ff83475a000 	C:\Windows\SYSTEM32\DNSAPI.dll
0x00007ff816c60000 - 0x00007ff816c67000 	C:\Windows\system32\wshunix.dll

dbghelp: loaded successfully - version: 4.0.5 - missing functions: none
symbol engine: initialized successfully - sym options: 0x614 - pdb path: .;C:\Program Files\Android\Android Studio\jbr\bin;C:\Windows\SYSTEM32;C:\Windows\WinSxS\amd64_microsoft.windows.common-controls_6595b64144ccf1df_6.0.19041.1110_none_60b5254171f9507e;C:\Program Files\Android\Android Studio\jbr\bin\server;C:\Users\Manas Gupta\.gradle\native\68d5fa5c4cc2d200863cafc0d521ce42e7d3e7ee720ec0a83991735586a16f82\windows-amd64

VM Arguments:
jvm_args: -Dorg.gradle.appname=gradlew 
java_command: org.gradle.wrapper.GradleWrapperMain -q -Ptarget-platform=android-x64 -Ptarget=F:\Flutter\Projects\Todo-App-using-Flutter-Django\frontend\lib\main.dart -Pbase-application-name=android.app.Application -Pdart-defines=Zmx1dHRlci5pbnNwZWN0b3Iuc3RydWN0dXJlZEVycm9ycz10cnVl,RkxVVFRFUl9XRUJfQVVUT19ERVRFQ1Q9dHJ1ZQ==,RkxVVFRFUl9XRUJfQ0FOVkFTS0lUX1VSTD1odHRwczovL3d3dy5nc3RhdGljLmNvbS9mbHV0dGVyLWNhbnZhc2tpdC80NWY2ZTAwOTExMGRmNGYzNGVjMmNmOTlmNjNjZjczYjcxYjdhNDIwLw== -Pdart-obfuscation=false -Ptrack-widget-creation=true -Ptree-shake-icons=false -Pfilesystem-scheme=org-dartlang-root assembleDebug
java_class_path (initial): F:\Flutter\Projects\Todo-App-using-Flutter-Django\frontend\android\\gradle\wrapper\gradle-wrapper.jar
Launcher Type: SUN_STANDARD

[Global flags]
     intx CICompilerCount                          = 3                                         {product} {ergonomic}
     uint ConcGCThreads                            = 1                                         {product} {ergonomic}
     uint G1ConcRefinementThreads                  = 4                                         {product} {ergonomic}
   size_t G1HeapRegionSize                         = 1048576                                   {product} {ergonomic}
    uintx GCDrainStackTargetSize                   = 64                                        {product} {ergonomic}
   size_t InitialHeapSize                          = 132120576                                 {product} {ergonomic}
   size_t MarkStackSize                            = 4194304                                   {product} {ergonomic}
   size_t MaxHeapSize                              = 2113929216                                {product} {ergonomic}
   size_t MaxNewSize                               = 1267728384                                {product} {ergonomic}
   size_t MinHeapDeltaBytes                        = 1048576                                   {product} {ergonomic}
   size_t MinHeapSize                              = 8388608                                   {product} {ergonomic}
    uintx NonNMethodCodeHeapSize                   = 5832780                                {pd product} {ergonomic}
    uintx NonProfiledCodeHeapSize                  = 122912730                              {pd product} {ergonomic}
    uintx ProfiledCodeHeapSize                     = 122912730                              {pd product} {ergonomic}
    uintx ReservedCodeCacheSize                    = 251658240                              {pd product} {ergonomic}
     bool SegmentedCodeCache                       = true                                      {product} {ergonomic}
   size_t SoftMaxHeapSize                          = 2113929216                             {manageable} {ergonomic}
     bool UseCompressedClassPointers               = true                           {product lp64_product} {ergonomic}
     bool UseCompressedOops                        = true                           {product lp64_product} {ergonomic}
     bool UseG1GC                                  = true                                      {product} {ergonomic}
     bool UseLargePagesIndividualAllocation        = false                                  {pd product} {ergonomic}

Logging:
Log output configuration:
 #0: stdout all=warning uptime,level,tags
 #1: stderr all=off uptime,level,tags

Environment Variables:
JAVA_HOME=C:\Program Files\Android\Android Studio\jbr
CLASSPATH=F:\Flutter\Projects\Todo-App-using-Flutter-Django\frontend\android\\gradle\wrapper\gradle-wrapper.jar
PATH=C:\Python310\Scripts\;C:\Python310\;D:\JAVA\jdk_VS\bin;D:\JAVA\JDK\bin;C:\Program Files\Common Files\Oracle\Java\javapath;C:\Program Files (x86)\Common Files\Oracle\Java\javapath;C:\Program Files (x86)\Common Files\Intel\Shared Libraries\redist\intel64\compiler;D:\PYTHON\Python39\Scripts\;D:\PYTHON\Python39\;C:\Windows\system32;C:\Windows;C:\Windows\System32\Wbem;C:\Windows\System32\WindowsPowerShell\v1.0\;C:\Windows\System32\OpenSSH\;C:\Program Files (x86)\AMD\ATI.ACE\Core-Static;D:\AMD\ATI.ACE\Core-Static;C:\Program Files\dotnet\;C:\Program Files (x86)\Intel\Intel(R) Management Engine Components\DAL;C:\Program Files\Intel\Intel(R) Management Engine Components\DAL;C:\ProgramData\chocolatey\bin;D:\temp\bin;C:\Program Files\Git\cmd;D:\PROGRAM FILES\Node_Js\;C:\Program Files\MongoDB\Server\6.0\bin;C:\Program Files\MySQL\MySQL Shell 8.0\bin\;D:\PYTHON\Microsoft VS Code\bin;D:\JAVA\Intellij2020\JetBrains\IntelliJ IDEA Community Edition 2020.3.3\bin;;D:\C Language\Compiler files\mingw64\bin;D:\PYTHON\JetBrains_PyCharm_Professional_2021.1x64\PyCharm 2021.1\bin;;C:\Users\Manas Gupta\AppData\Local\Microsoft\WindowsApps;C:\Users\Manas Gupta\AppData\Local\Programs\Microsoft VS Code\bin;F:\Flutter\flutter\bin;D:\JAVA\JDK20\bin;C:\Users\Manas Gupta\AppData\Local\GitHubDesktop\bin;C:\Users\Manas Gupta\AppData\Roaming\npm;F:\Flutter\flutter\bin\mingit\cmd
USERNAME=Manas Gupta
OS=Windows_NT
PROCESSOR_IDENTIFIER=Intel64 Family 6 Model 142 Stepping 9, GenuineIntel
TMP=C:\Users\Manas Gupta\AppData\Local\Temp
TEMP=C:\Users\Manas Gupta\AppData\Local\Temp



---------------  S Y S T E M  ---------------

OS:
 Windows 10 , 64 bit Build 19041 (10.0.19041.3155)
OS uptime: 10 days 15:30 hours

CPU: total 4 (initial active 4) (2 cores per cpu, 2 threads per core) family 6 model 142 stepping 9 microcode 0xec, cx8, cmov, fxsr, ht, mmx, 3dnowpref, sse, sse2, sse3, ssse3, sse4.1, sse4.2, popcnt, lzcnt, tsc, tscinvbit, avx, avx2, aes, erms, clmul, bmi1, bmi2, adx, fma, vzeroupper, clflush, clflushopt

Memory: 4k page, system-wide physical 8057M (2470M free)
TotalPageFile size 22225M (AvailPageFile size 0M)
current process WorkingSet (physical memory assigned to process): 28M, peak: 92M
current process commit charge ("private bytes"): 218M, peak: 223M

vm_info: OpenJDK 64-Bit Server VM (17.0.6+0-b2043.56-9586694) for windows-amd64 JRE (17.0.6+0-b2043.56-9586694), built on Feb  9 2023 20:06:20 by "androidbuild" with MS VC++ 16.10 / 16.11 (VS2019)

END.
