#
# There is insufficient memory for the Java Runtime Environment to continue.
# Native memory allocation (malloc) failed to allocate 462192 bytes for Chunk::new
# Possible reasons:
#   The system is out of physical RAM or swap space
#   The process is running with CompressedOops enabled, and the Java Heap may be blocking the growth of the native heap
# Possible solutions:
#   Reduce memory load on the system
#   Increase physical memory or swap space
#   Check if swap backing store is full
#   Decrease Java heap size (-Xmx/-Xms)
#   Decrease number of Java threads
#   Decrease Java thread stack sizes (-Xss)
#   Set larger code cache with -XX:ReservedCodeCacheSize=
#   JVM is running with Unscaled Compressed Oops mode in which the Java heap is
#     placed in the first 4GB address space. The Java Heap base address is the
#     maximum limit for the native heap growth. Please use -XX:HeapBaseMinAddress
#     to set the Java Heap base and to place the Java Heap above 4GB virtual address.
# This output file may be truncated or incomplete.
#
#  Out of Memory Error (arena.cpp:189), pid=3340, tid=10300
#
# JRE version: OpenJDK Runtime Environment (17.0.6) (build 17.0.6+0-b2043.56-9586694)
# Java VM: OpenJDK 64-Bit Server VM (17.0.6+0-b2043.56-9586694, mixed mode, tiered, compressed oops, compressed class ptrs, g1 gc, windows-amd64)
# No core dump will be written. Minidumps are not enabled by default on client versions of Windows
#

---------------  S U M M A R Y ------------

Command Line: --add-opens=java.base/java.util=ALL-UNNAMED --add-opens=java.base/java.lang=ALL-UNNAMED --add-opens=java.base/java.lang.invoke=ALL-UNNAMED --add-opens=java.prefs/java.util.prefs=ALL-UNNAMED --add-opens=java.base/java.nio.charset=ALL-UNNAMED --add-opens=java.base/java.net=ALL-UNNAMED --add-opens=java.base/java.util.concurrent.atomic=ALL-UNNAMED -Xmx1536M -Dfile.encoding=windows-1252 -Duser.country=US -Duser.language=en -Duser.variant org.gradle.launcher.daemon.bootstrap.GradleDaemon 7.6.1

Host: Intel(R) Core(TM) i5-7200U CPU @ 2.50GHz, 4 cores, 7G,  Windows 10 , 64 bit Build 19041 (10.0.19041.3155)
Time: Thu Jul 13 16:19:16 2023 India Standard Time elapsed time: 97.809633 seconds (0d 0h 1m 37s)

---------------  T H R E A D  ---------------

Current thread (0x000001d0b0c0c070):  JavaThread "C2 CompilerThread0" daemon [_thread_in_native, id=10300, stack(0x000000964cf00000,0x000000964d000000)]


Current CompileTask:
C2:  97809 12250       4       org.gradle.internal.logging.text.AbstractLineChoppingStyledTextOutput::doAppend (43 bytes)

Stack: [0x000000964cf00000,0x000000964d000000]
Native frames: (J=compiled Java code, j=interpreted, Vv=VM code, C=native code)
V  [jvm.dll+0x683b4a]
V  [jvm.dll+0x842654]
V  [jvm.dll+0x843dfe]
V  [jvm.dll+0x844463]
V  [jvm.dll+0x249b75]
V  [jvm.dll+0xabcac]
V  [jvm.dll+0xac27c]
V  [jvm.dll+0x368857]
V  [jvm.dll+0x1bd0b8]
V  [jvm.dll+0x21c359]
V  [jvm.dll+0x21b621]
V  [jvm.dll+0x1a4fdd]
V  [jvm.dll+0x22b098]
V  [jvm.dll+0x229159]
V  [jvm.dll+0x7f809c]
V  [jvm.dll+0x7f25fa]
V  [jvm.dll+0x682985]
C  [ucrtbase.dll+0x21bb2]
C  [KERNEL32.DLL+0x17614]
C  [ntdll.dll+0x526b1]


---------------  P R O C E S S  ---------------

Threads class SMR info:
_java_thread_list=0x000001d0bab7c070, length=89, elements={
0x000001d09608b840, 0x000001d0b029b620, 0x000001d0b029c620, 0x000001d0b02c4c10,
0x000001d0b02c78a0, 0x000001d0b02c8900, 0x000001d0b0c0b480, 0x000001d0b0c0c070,
0x000001d0b0c0c970, 0x000001d0b0c0fa20, 0x000001d0b0d90030, 0x000001d0b0d94920,
0x000001d0b38b2480, 0x000001d0b1bc00b0, 0x000001d0b3178010, 0x000001d0b34b6d20,
0x000001d0b13f6a00, 0x000001d0b3b46a60, 0x000001d0b3040020, 0x000001d0b1444850,
0x000001d0b1445b90, 0x000001d0b1446ed0, 0x000001d0b1447870, 0x000001d0b1447d40,
0x000001d0b14473a0, 0x000001d0b14456c0, 0x000001d0b1446060, 0x000001d0b1446530,
0x000001d0b1448210, 0x000001d0b1444d20, 0x000001d0b3c4ea50, 0x000001d0b3c49d50,
0x000001d0b3c4a220, 0x000001d0b3c4a6f0, 0x000001d0b3c4bf00, 0x000001d0b3c4abc0,
0x000001d0b3c4c3d0, 0x000001d0b3c4b090, 0x000001d0b3c4b560, 0x000001d0b3c48070,
0x000001d0b3c4ba30, 0x000001d0b3c48a10, 0x000001d0b3c4c8a0, 0x000001d0b3c48ee0,
0x000001d0b3c4d240, 0x000001d0b3c4e0b0, 0x000001d0b3c4d710, 0x000001d0b3c4e580,
0x000001d0b25e1360, 0x000001d0b25e5b90, 0x000001d0b25e4380, 0x000001d0b25e6060,
0x000001d0b25e04f0, 0x000001d0b25e4850, 0x000001d0b25e09c0, 0x000001d0b25e51f0,
0x000001d0b25e1830, 0x000001d0b25e4d20, 0x000001d0b25e0e90, 0x000001d0b25df1b0,
0x000001d0b25e21d0, 0x000001d0b25df680, 0x000001d0b25e1d00, 0x000001d0b25dfb50,
0x000001d0b25e6530, 0x000001d0b25e26a0, 0x000001d0b25e56c0, 0x000001d0b25dece0,
0x000001d0b25e0020, 0x000001d0b25e2b70, 0x000001d0b25e3040, 0x000001d0b25e3510,
0x000001d0b25e39e0, 0x000001d0b25e3eb0, 0x000001d0b5e1b900, 0x000001d0b5e158c0,
0x000001d0b5e1b430, 0x000001d0b5e1a0f0, 0x000001d0b5e16260, 0x000001d0b5e17a70,
0x000001d0b5e17f40, 0x000001d0ba5362a0, 0x000001d0ba538450, 0x000001d0ba538920,
0x000001d0ba537f80, 0x000001d0ba537110, 0x000001d0ba536770, 0x000001d0ba536c40,
0x000001d0ba5375e0
}

Java Threads: ( => current thread )
  0x000001d09608b840 JavaThread "main" [_thread_blocked, id=9772, stack(0x000000964c200000,0x000000964c300000)]
  0x000001d0b029b620 JavaThread "Reference Handler" daemon [_thread_blocked, id=14512, stack(0x000000964c900000,0x000000964ca00000)]
  0x000001d0b029c620 JavaThread "Finalizer" daemon [_thread_blocked, id=16276, stack(0x000000964ca00000,0x000000964cb00000)]
  0x000001d0b02c4c10 JavaThread "Signal Dispatcher" daemon [_thread_blocked, id=16144, stack(0x000000964cb00000,0x000000964cc00000)]
  0x000001d0b02c78a0 JavaThread "Attach Listener" daemon [_thread_blocked, id=2872, stack(0x000000964cc00000,0x000000964cd00000)]
  0x000001d0b02c8900 JavaThread "Service Thread" daemon [_thread_blocked, id=16908, stack(0x000000964cd00000,0x000000964ce00000)]
  0x000001d0b0c0b480 JavaThread "Monitor Deflation Thread" daemon [_thread_blocked, id=3152, stack(0x000000964ce00000,0x000000964cf00000)]
=>0x000001d0b0c0c070 JavaThread "C2 CompilerThread0" daemon [_thread_in_native, id=10300, stack(0x000000964cf00000,0x000000964d000000)]
  0x000001d0b0c0c970 JavaThread "C1 CompilerThread0" daemon [_thread_blocked, id=2496, stack(0x000000964d000000,0x000000964d100000)]
  0x000001d0b0c0fa20 JavaThread "Sweeper thread" daemon [_thread_blocked, id=6924, stack(0x000000964d100000,0x000000964d200000)]
  0x000001d0b0d90030 JavaThread "Common-Cleaner" daemon [_thread_blocked, id=3636, stack(0x000000964d200000,0x000000964d300000)]
  0x000001d0b0d94920 JavaThread "Notification Thread" daemon [_thread_blocked, id=17180, stack(0x000000964d300000,0x000000964d400000)]
  0x000001d0b38b2480 JavaThread "Daemon health stats" [_thread_blocked, id=9368, stack(0x000000964d900000,0x000000964da00000)]
  0x000001d0b1bc00b0 JavaThread "Incoming local TCP Connector on port 25290" [_thread_in_native, id=16512, stack(0x000000964d800000,0x000000964d900000)]
  0x000001d0b3178010 JavaThread "Daemon periodic checks" [_thread_blocked, id=15116, stack(0x000000964da00000,0x000000964db00000)]
  0x000001d0b34b6d20 JavaThread "Daemon" [_thread_blocked, id=13636, stack(0x000000964dc00000,0x000000964dd00000)]
  0x000001d0b13f6a00 JavaThread "Handler for socket connection from /127.0.0.1:25290 to /127.0.0.1:25293" [_thread_in_native, id=10772, stack(0x000000964dd00000,0x000000964de00000)]
  0x000001d0b3b46a60 JavaThread "Cancel handler" [_thread_blocked, id=3312, stack(0x000000964db00000,0x000000964dc00000)]
  0x000001d0b3040020 JavaThread "Daemon worker" [_thread_blocked, id=6624, stack(0x000000964de00000,0x000000964df00000)]
  0x000001d0b1444850 JavaThread "Asynchronous log dispatcher for DefaultDaemonConnection: socket connection from /127.0.0.1:25290 to /127.0.0.1:25293" [_thread_blocked, id=6836, stack(0x000000964df00000,0x000000964e000000)]
  0x000001d0b1445b90 JavaThread "Stdin handler" [_thread_blocked, id=17260, stack(0x000000964e000000,0x000000964e100000)]
  0x000001d0b1446ed0 JavaThread "Daemon client event forwarder" [_thread_blocked, id=6500, stack(0x000000964e100000,0x000000964e200000)]
  0x000001d0b1447870 JavaThread "Cache worker for journal cache (C:\Users\Manas Gupta\.gradle\caches\journal-1)" [_thread_blocked, id=15368, stack(0x000000964e200000,0x000000964e300000)]
  0x000001d0b1447d40 JavaThread "File lock request listener" [_thread_in_native, id=9372, stack(0x000000964e300000,0x000000964e400000)]
  0x000001d0b14473a0 JavaThread "Cache worker for file hash cache (C:\Users\Manas Gupta\.gradle\caches\7.6.1\fileHashes)" [_thread_blocked, id=5936, stack(0x000000964e400000,0x000000964e500000)]
  0x000001d0b14456c0 JavaThread "File watcher server" daemon [_thread_in_native, id=15100, stack(0x000000964e600000,0x000000964e700000)]
  0x000001d0b1446060 JavaThread "File watcher consumer" daemon [_thread_blocked, id=2500, stack(0x000000964e700000,0x000000964e800000)]
  0x000001d0b1446530 JavaThread "Cache worker for checksums cache (F:\Flutter\Projects\Todo-App-using-Flutter-Django\frontend\android\.gradle\7.6.1\checksums)" [_thread_blocked, id=1980, stack(0x000000964e500000,0x000000964e600000)]
  0x000001d0b1448210 JavaThread "Cache worker for cache directory md-rule (C:\Users\Manas Gupta\.gradle\caches\7.6.1\md-rule)" [_thread_blocked, id=2508, stack(0x000000964e800000,0x000000964e900000)]
  0x000001d0b1444d20 JavaThread "Cache worker for file content cache (C:\Users\Manas Gupta\.gradle\caches\7.6.1\fileContent)" [_thread_blocked, id=3412, stack(0x000000964e900000,0x000000964ea00000)]
  0x000001d0b3c4ea50 JavaThread "Cache worker for file hash cache (F:\Flutter\Projects\Todo-App-using-Flutter-Django\frontend\android\.gradle\7.6.1\fileHashes)" [_thread_blocked, id=14024, stack(0x000000964ea00000,0x000000964eb00000)]
  0x000001d0b3c49d50 JavaThread "Cache worker for cache directory md-supplier (C:\Users\Manas Gupta\.gradle\caches\7.6.1\md-supplier)" [_thread_blocked, id=14348, stack(0x000000964eb00000,0x000000964ec00000)]
  0x000001d0b3c4a220 JavaThread "Cache worker for execution history cache (C:\Users\Manas Gupta\.gradle\caches\7.6.1\executionHistory)" [_thread_blocked, id=16932, stack(0x000000964ed00000,0x000000964ee00000)]
  0x000001d0b3c4a6f0 JavaThread "jar transforms" [_thread_blocked, id=11524, stack(0x000000964ee00000,0x000000964ef00000)]
  0x000001d0b3c4bf00 JavaThread "jar transforms Thread 2" [_thread_blocked, id=4604, stack(0x000000964ef00000,0x000000964f000000)]
  0x000001d0b3c4abc0 JavaThread "jar transforms Thread 3" [_thread_blocked, id=1488, stack(0x000000964f000000,0x000000964f100000)]
  0x000001d0b3c4c3d0 JavaThread "jar transforms Thread 4" [_thread_blocked, id=10896, stack(0x000000964ec00000,0x000000964ed00000)]
  0x000001d0b3c4b090 JavaThread "Cache worker for dependencies-accessors (F:\Flutter\Projects\Todo-App-using-Flutter-Django\frontend\android\.gradle\7.6.1\dependencies-accessors)" [_thread_blocked, id=16528, stack(0x000000964f100000,0x000000964f200000)]
  0x000001d0b3c4b560 JavaThread "Cache worker for Build Output Cleanup Cache (F:\Flutter\Projects\Todo-App-using-Flutter-Django\frontend\android\.gradle\buildOutputCleanup)" [_thread_blocked, id=10720, stack(0x000000964f300000,0x000000964f400000)]
  0x000001d0b3c48070 JavaThread "Unconstrained build operations" [_thread_blocked, id=14728, stack(0x000000964f200000,0x000000964f300000)]
  0x000001d0b3c4ba30 JavaThread "Unconstrained build operations Thread 2" [_thread_blocked, id=7460, stack(0x000000964f400000,0x000000964f500000)]
  0x000001d0b3c48a10 JavaThread "Unconstrained build operations Thread 3" [_thread_blocked, id=16680, stack(0x000000964f500000,0x000000964f600000)]
  0x000001d0b3c4c8a0 JavaThread "Unconstrained build operations Thread 4" [_thread_blocked, id=15988, stack(0x000000964f600000,0x000000964f700000)]
  0x000001d0b3c48ee0 JavaThread "Unconstrained build operations Thread 5" [_thread_blocked, id=2680, stack(0x000000964f700000,0x000000964f800000)]
  0x000001d0b3c4d240 JavaThread "Unconstrained build operations Thread 6" [_thread_blocked, id=6284, stack(0x000000964f800000,0x000000964f900000)]
  0x000001d0b3c4e0b0 JavaThread "Unconstrained build operations Thread 7" [_thread_blocked, id=15716, stack(0x000000964f900000,0x000000964fa00000)]
  0x000001d0b3c4d710 JavaThread "Unconstrained build operations Thread 8" [_thread_blocked, id=12552, stack(0x000000964fa00000,0x000000964fb00000)]
  0x000001d0b3c4e580 JavaThread "Unconstrained build operations Thread 9" [_thread_blocked, id=6652, stack(0x000000964fb00000,0x000000964fc00000)]
  0x000001d0b25e1360 JavaThread "Unconstrained build operations Thread 10" [_thread_blocked, id=12532, stack(0x000000964fc00000,0x000000964fd00000)]
  0x000001d0b25e5b90 JavaThread "Unconstrained build operations Thread 11" [_thread_blocked, id=2804, stack(0x000000964fd00000,0x000000964fe00000)]
  0x000001d0b25e4380 JavaThread "Unconstrained build operations Thread 12" [_thread_blocked, id=14896, stack(0x000000964fe00000,0x000000964ff00000)]
  0x000001d0b25e6060 JavaThread "Unconstrained build operations Thread 13" [_thread_blocked, id=8868, stack(0x000000964ff00000,0x0000009650000000)]
  0x000001d0b25e04f0 JavaThread "Unconstrained build operations Thread 14" [_thread_blocked, id=15432, stack(0x0000009650000000,0x0000009650100000)]
  0x000001d0b25e4850 JavaThread "Unconstrained build operations Thread 15" [_thread_blocked, id=17336, stack(0x0000009650100000,0x0000009650200000)]
  0x000001d0b25e09c0 JavaThread "Unconstrained build operations Thread 16" [_thread_blocked, id=14008, stack(0x0000009650200000,0x0000009650300000)]
  0x000001d0b25e51f0 JavaThread "Unconstrained build operations Thread 17" [_thread_blocked, id=14944, stack(0x0000009650300000,0x0000009650400000)]
  0x000001d0b25e1830 JavaThread "Unconstrained build operations Thread 18" [_thread_blocked, id=17332, stack(0x0000009650400000,0x0000009650500000)]
  0x000001d0b25e4d20 JavaThread "Unconstrained build operations Thread 19" [_thread_blocked, id=556, stack(0x0000009650500000,0x0000009650600000)]
  0x000001d0b25e0e90 JavaThread "Unconstrained build operations Thread 20" [_thread_blocked, id=13264, stack(0x0000009650600000,0x0000009650700000)]
  0x000001d0b25df1b0 JavaThread "Unconstrained build operations Thread 21" [_thread_blocked, id=15216, stack(0x0000009650700000,0x0000009650800000)]
  0x000001d0b25e21d0 JavaThread "Unconstrained build operations Thread 22" [_thread_blocked, id=14492, stack(0x0000009650800000,0x0000009650900000)]
  0x000001d0b25df680 JavaThread "Unconstrained build operations Thread 23" [_thread_blocked, id=13836, stack(0x0000009650900000,0x0000009650a00000)]
  0x000001d0b25e1d00 JavaThread "Unconstrained build operations Thread 24" [_thread_blocked, id=1484, stack(0x0000009650a00000,0x0000009650b00000)]
  0x000001d0b25dfb50 JavaThread "Unconstrained build operations Thread 25" [_thread_blocked, id=15040, stack(0x0000009650b00000,0x0000009650c00000)]
  0x000001d0b25e6530 JavaThread "Unconstrained build operations Thread 26" [_thread_blocked, id=7088, stack(0x0000009650c00000,0x0000009650d00000)]
  0x000001d0b25e26a0 JavaThread "Unconstrained build operations Thread 27" [_thread_blocked, id=11780, stack(0x0000009650d00000,0x0000009650e00000)]
  0x000001d0b25e56c0 JavaThread "Unconstrained build operations Thread 28" [_thread_blocked, id=5900, stack(0x0000009650e00000,0x0000009650f00000)]
  0x000001d0b25dece0 JavaThread "Unconstrained build operations Thread 29" [_thread_blocked, id=10756, stack(0x0000009650f00000,0x0000009651000000)]
  0x000001d0b25e0020 JavaThread "Unconstrained build operations Thread 30" [_thread_blocked, id=16360, stack(0x0000009651000000,0x0000009651100000)]
  0x000001d0b25e2b70 JavaThread "Unconstrained build operations Thread 31" [_thread_blocked, id=12456, stack(0x0000009651100000,0x0000009651200000)]
  0x000001d0b25e3040 JavaThread "Unconstrained build operations Thread 32" [_thread_blocked, id=12308, stack(0x0000009651200000,0x0000009651300000)]
  0x000001d0b25e3510 JavaThread "Unconstrained build operations Thread 33" [_thread_blocked, id=6364, stack(0x0000009651300000,0x0000009651400000)]
  0x000001d0b25e39e0 JavaThread "Unconstrained build operations Thread 34" [_thread_blocked, id=9932, stack(0x0000009651400000,0x0000009651500000)]
  0x000001d0b25e3eb0 JavaThread "Unconstrained build operations Thread 35" [_thread_blocked, id=2376, stack(0x0000009651500000,0x0000009651600000)]
  0x000001d0b5e1b900 JavaThread "Unconstrained build operations Thread 36" [_thread_blocked, id=13280, stack(0x0000009651600000,0x0000009651700000)]
  0x000001d0b5e158c0 JavaThread "Unconstrained build operations Thread 37" [_thread_blocked, id=13364, stack(0x0000009651700000,0x0000009651800000)]
  0x000001d0b5e1b430 JavaThread "Unconstrained build operations Thread 38" [_thread_blocked, id=16872, stack(0x0000009651800000,0x0000009651900000)]
  0x000001d0b5e1a0f0 JavaThread "Unconstrained build operations Thread 39" [_thread_blocked, id=17324, stack(0x0000009651900000,0x0000009651a00000)]
  0x000001d0b5e16260 JavaThread "Unconstrained build operations Thread 40" [_thread_blocked, id=8560, stack(0x0000009651a00000,0x0000009651b00000)]
  0x000001d0b5e17a70 JavaThread "Memory manager" [_thread_blocked, id=14416, stack(0x0000009651e00000,0x0000009651f00000)]
  0x000001d0b5e17f40 JavaThread "Cache worker for kotlin-dsl (C:\Users\Manas Gupta\.gradle\caches\7.6.1\kotlin-dsl)" [_thread_blocked, id=5144, stack(0x000000964c000000,0x000000964c100000)]
  0x000001d0ba5362a0 JavaThread "included builds" [_thread_blocked, id=14788, stack(0x0000009651d00000,0x0000009651e00000)]
  0x000001d0ba538450 JavaThread "Execution worker" [_thread_blocked, id=10028, stack(0x0000009651f00000,0x0000009652000000)]
  0x000001d0ba538920 JavaThread "Execution worker Thread 2" [_thread_blocked, id=12320, stack(0x0000009652000000,0x0000009652100000)]
  0x000001d0ba537f80 JavaThread "Execution worker Thread 3" [_thread_blocked, id=5864, stack(0x0000009652100000,0x0000009652200000)]
  0x000001d0ba537110 JavaThread "Cache worker for execution history cache (F:\Flutter\Projects\Todo-App-using-Flutter-Django\frontend\android\.gradle\7.6.1\executionHistory)" [_thread_blocked, id=16940, stack(0x0000009652200000,0x0000009652300000)]
  0x000001d0ba536770 JavaThread "Exec process" [_thread_in_native, id=7868, stack(0x0000009652300000,0x0000009652400000)]
  0x000001d0ba536c40 JavaThread "Exec process Thread 2" [_thread_in_native, id=13536, stack(0x0000009652400000,0x0000009652500000)]
  0x000001d0ba5375e0 JavaThread "Exec process Thread 3" [_thread_in_native, id=16212, stack(0x0000009652500000,0x0000009652600000)]

Other Threads:
  0x000001d0b0277390 VMThread "VM Thread" [stack: 0x000000964c800000,0x000000964c900000] [id=10364]
  0x000001d0b02cecd0 WatcherThread [stack: 0x000000964d400000,0x000000964d500000] [id=7452]
  0x000001d0960d8bd0 GCTaskThread "GC Thread#0" [stack: 0x000000964c300000,0x000000964c400000] [id=9252]
  0x000001d0b12c2590 GCTaskThread "GC Thread#1" [stack: 0x000000964d600000,0x000000964d700000] [id=1948]
  0x000001d0b1463470 GCTaskThread "GC Thread#2" [stack: 0x000000964d700000,0x000000964d800000] [id=6012]
  0x000001d0b1c910f0 GCTaskThread "GC Thread#3" [stack: 0x000000964d500000,0x000000964d600000] [id=1656]
  0x000001d0960e6a30 ConcurrentGCThread "G1 Main Marker" [stack: 0x000000964c400000,0x000000964c500000] [id=15708]
  0x000001d0960e7350 ConcurrentGCThread "G1 Conc#0" [stack: 0x000000964c500000,0x000000964c600000] [id=13952]
  0x000001d09614e920 ConcurrentGCThread "G1 Refine#0" [stack: 0x000000964c600000,0x000000964c700000] [id=12504]
  0x000001d09614f250 ConcurrentGCThread "G1 Service" [stack: 0x000000964c700000,0x000000964c800000] [id=15104]

Threads with active compile tasks:
C2 CompilerThread0    98097 12250       4       org.gradle.internal.logging.text.AbstractLineChoppingStyledTextOutput::doAppend (43 bytes)

VM state: not at safepoint (normal execution)

VM Mutex/Monitor currently owned by a thread: None

Heap address: 0x00000000a0000000, size: 1536 MB, Compressed Oops mode: 32-bit

CDS archive(s) not mapped
Compressed class space mapped at: 0x0000000100000000-0x0000000140000000, reserved size: 1073741824
Narrow klass base: 0x0000000000000000, Narrow klass shift: 3, Narrow klass range: 0x140000000

GC Precious Log:
 CPUs: 4 total, 4 available
 Memory: 8057M
 Large Page Support: Disabled
 NUMA Support: Disabled
 Compressed Oops: Enabled (32-bit)
 Heap Region Size: 1M
 Heap Min Capacity: 8M
 Heap Initial Capacity: 126M
 Heap Max Capacity: 1536M
 Pre-touch: Disabled
 Parallel Workers: 4
 Concurrent Workers: 1
 Concurrent Refinement Workers: 4
 Periodic GC: Disabled

Heap:
 garbage-first heap   total 159744K, used 111164K [0x00000000a0000000, 0x0000000100000000)
  region size 1024K, 19 young (19456K), 4 survivors (4096K)
 Metaspace       used 95687K, committed 96448K, reserved 1138688K
  class space    used 13121K, committed 13440K, reserved 1048576K

Heap Regions: E=young(eden), S=young(survivor), O=old, HS=humongous(starts), HC=humongous(continues), CS=collection set, F=free, OA=open archive, CA=closed archive, TAMS=top-at-mark-start (previous, next)
|   0|0x00000000a0000000, 0x00000000a0100000, 0x00000000a0100000|100%| O|  |TAMS 0x00000000a0100000, 0x00000000a0000000| Untracked 
|   1|0x00000000a0100000, 0x00000000a0200000, 0x00000000a0200000|100%| O|  |TAMS 0x00000000a0200000, 0x00000000a0100000| Untracked 
|   2|0x00000000a0200000, 0x00000000a0300000, 0x00000000a0300000|100%|HS|  |TAMS 0x00000000a0300000, 0x00000000a0200000| Complete 
|   3|0x00000000a0300000, 0x00000000a0400000, 0x00000000a0400000|100%|HC|  |TAMS 0x00000000a0400000, 0x00000000a0300000| Complete 
|   4|0x00000000a0400000, 0x00000000a0500000, 0x00000000a0500000|100%|HC|  |TAMS 0x00000000a0500000, 0x00000000a0400000| Complete 
|   5|0x00000000a0500000, 0x00000000a0600000, 0x00000000a0600000|100%| O|  |TAMS 0x00000000a0600000, 0x00000000a0500000| Untracked 
|   6|0x00000000a0600000, 0x00000000a0700000, 0x00000000a0700000|100%| O|  |TAMS 0x00000000a0700000, 0x00000000a0600000| Untracked 
|   7|0x00000000a0700000, 0x00000000a0800000, 0x00000000a0800000|100%| O|  |TAMS 0x00000000a0800000, 0x00000000a0700000| Untracked 
|   8|0x00000000a0800000, 0x00000000a0900000, 0x00000000a0900000|100%| O|  |TAMS 0x00000000a0900000, 0x00000000a0800000| Untracked 
|   9|0x00000000a0900000, 0x00000000a0a00000, 0x00000000a0a00000|100%| O|  |TAMS 0x00000000a0a00000, 0x00000000a0900000| Untracked 
|  10|0x00000000a0a00000, 0x00000000a0b00000, 0x00000000a0b00000|100%| O|  |TAMS 0x00000000a0b00000, 0x00000000a0a00000| Untracked 
|  11|0x00000000a0b00000, 0x00000000a0c00000, 0x00000000a0c00000|100%| O|  |TAMS 0x00000000a0c00000, 0x00000000a0b00000| Untracked 
|  12|0x00000000a0c00000, 0x00000000a0d00000, 0x00000000a0d00000|100%| O|  |TAMS 0x00000000a0d00000, 0x00000000a0c00000| Untracked 
|  13|0x00000000a0d00000, 0x00000000a0e00000, 0x00000000a0e00000|100%| O|  |TAMS 0x00000000a0e00000, 0x00000000a0d00000| Untracked 
|  14|0x00000000a0e00000, 0x00000000a0f00000, 0x00000000a0f00000|100%| O|  |TAMS 0x00000000a0f00000, 0x00000000a0e00000| Untracked 
|  15|0x00000000a0f00000, 0x00000000a1000000, 0x00000000a1000000|100%| O|  |TAMS 0x00000000a1000000, 0x00000000a0f00000| Untracked 
|  16|0x00000000a1000000, 0x00000000a1100000, 0x00000000a1100000|100%| O|  |TAMS 0x00000000a1100000, 0x00000000a1000000| Untracked 
|  17|0x00000000a1100000, 0x00000000a1200000, 0x00000000a1200000|100%| O|  |TAMS 0x00000000a1200000, 0x00000000a1100000| Untracked 
|  18|0x00000000a1200000, 0x00000000a1300000, 0x00000000a1300000|100%| O|  |TAMS 0x00000000a1300000, 0x00000000a1200000| Untracked 
|  19|0x00000000a1300000, 0x00000000a1400000, 0x00000000a1400000|100%| O|  |TAMS 0x00000000a1400000, 0x00000000a1300000| Untracked 
|  20|0x00000000a1400000, 0x00000000a1500000, 0x00000000a1500000|100%| O|  |TAMS 0x00000000a1500000, 0x00000000a1400000| Untracked 
|  21|0x00000000a1500000, 0x00000000a1600000, 0x00000000a1600000|100%| O|  |TAMS 0x00000000a1600000, 0x00000000a1500000| Untracked 
|  22|0x00000000a1600000, 0x00000000a1700000, 0x00000000a1700000|100%| O|  |TAMS 0x00000000a1700000, 0x00000000a1600000| Untracked 
|  23|0x00000000a1700000, 0x00000000a1800000, 0x00000000a1800000|100%| O|  |TAMS 0x00000000a1800000, 0x00000000a1700000| Untracked 
|  24|0x00000000a1800000, 0x00000000a1900000, 0x00000000a1900000|100%| O|  |TAMS 0x00000000a1900000, 0x00000000a1800000| Untracked 
|  25|0x00000000a1900000, 0x00000000a1a00000, 0x00000000a1a00000|100%| O|  |TAMS 0x00000000a1a00000, 0x00000000a1900000| Untracked 
|  26|0x00000000a1a00000, 0x00000000a1b00000, 0x00000000a1b00000|100%| O|  |TAMS 0x00000000a1b00000, 0x00000000a1a00000| Untracked 
|  27|0x00000000a1b00000, 0x00000000a1c00000, 0x00000000a1c00000|100%| O|  |TAMS 0x00000000a1c00000, 0x00000000a1b00000| Untracked 
|  28|0x00000000a1c00000, 0x00000000a1d00000, 0x00000000a1d00000|100%| O|  |TAMS 0x00000000a1d00000, 0x00000000a1c00000| Untracked 
|  29|0x00000000a1d00000, 0x00000000a1e00000, 0x00000000a1e00000|100%| O|  |TAMS 0x00000000a1e00000, 0x00000000a1d00000| Untracked 
|  30|0x00000000a1e00000, 0x00000000a1f00000, 0x00000000a1f00000|100%| O|  |TAMS 0x00000000a1f00000, 0x00000000a1e00000| Untracked 
|  31|0x00000000a1f00000, 0x00000000a2000000, 0x00000000a2000000|100%| O|  |TAMS 0x00000000a2000000, 0x00000000a1f00000| Untracked 
|  32|0x00000000a2000000, 0x00000000a2100000, 0x00000000a2100000|100%| O|  |TAMS 0x00000000a2100000, 0x00000000a2000000| Untracked 
|  33|0x00000000a2100000, 0x00000000a2200000, 0x00000000a2200000|100%| O|  |TAMS 0x00000000a2200000, 0x00000000a2100000| Untracked 
|  34|0x00000000a2200000, 0x00000000a2300000, 0x00000000a2300000|100%| O|  |TAMS 0x00000000a2300000, 0x00000000a2200000| Untracked 
|  35|0x00000000a2300000, 0x00000000a2400000, 0x00000000a2400000|100%| O|  |TAMS 0x00000000a2400000, 0x00000000a2300000| Untracked 
|  36|0x00000000a2400000, 0x00000000a2500000, 0x00000000a2500000|100%|HS|  |TAMS 0x00000000a2400000, 0x00000000a2400000| Complete 
|  37|0x00000000a2500000, 0x00000000a2600000, 0x00000000a2600000|100%|HS|  |TAMS 0x00000000a2600000, 0x00000000a2500000| Complete 
|  38|0x00000000a2600000, 0x00000000a2700000, 0x00000000a2700000|100%|HS|  |TAMS 0x00000000a2700000, 0x00000000a2600000| Complete 
|  39|0x00000000a2700000, 0x00000000a2800000, 0x00000000a2800000|100%|HS|  |TAMS 0x00000000a2800000, 0x00000000a2700000| Complete 
|  40|0x00000000a2800000, 0x00000000a2900000, 0x00000000a2900000|100%| O|  |TAMS 0x00000000a2900000, 0x00000000a2800000| Untracked 
|  41|0x00000000a2900000, 0x00000000a2a00000, 0x00000000a2a00000|100%|HS|  |TAMS 0x00000000a2a00000, 0x00000000a2900000| Complete 
|  42|0x00000000a2a00000, 0x00000000a2b00000, 0x00000000a2b00000|100%|HC|  |TAMS 0x00000000a2b00000, 0x00000000a2a00000| Complete 
|  43|0x00000000a2b00000, 0x00000000a2c00000, 0x00000000a2c00000|100%|HC|  |TAMS 0x00000000a2c00000, 0x00000000a2b00000| Complete 
|  44|0x00000000a2c00000, 0x00000000a2d00000, 0x00000000a2d00000|100%| O|  |TAMS 0x00000000a2d00000, 0x00000000a2c00000| Untracked 
|  45|0x00000000a2d00000, 0x00000000a2e00000, 0x00000000a2e00000|100%|HS|  |TAMS 0x00000000a2e00000, 0x00000000a2d00000| Complete 
|  46|0x00000000a2e00000, 0x00000000a2f00000, 0x00000000a2f00000|100%|HC|  |TAMS 0x00000000a2f00000, 0x00000000a2e00000| Complete 
|  47|0x00000000a2f00000, 0x00000000a3000000, 0x00000000a3000000|100%| O|  |TAMS 0x00000000a3000000, 0x00000000a2f00000| Untracked 
|  48|0x00000000a3000000, 0x00000000a3100000, 0x00000000a3100000|100%| O|  |TAMS 0x00000000a3100000, 0x00000000a3000000| Untracked 
|  49|0x00000000a3100000, 0x00000000a3200000, 0x00000000a3200000|100%| O|  |TAMS 0x00000000a3200000, 0x00000000a3100000| Untracked 
|  50|0x00000000a3200000, 0x00000000a3300000, 0x00000000a3300000|100%| O|  |TAMS 0x00000000a3300000, 0x00000000a3200000| Untracked 
|  51|0x00000000a3300000, 0x00000000a3400000, 0x00000000a3400000|100%| O|  |TAMS 0x00000000a3400000, 0x00000000a3300000| Untracked 
|  52|0x00000000a3400000, 0x00000000a3500000, 0x00000000a3500000|100%| O|  |TAMS 0x00000000a3400000, 0x00000000a3400000| Untracked 
|  53|0x00000000a3500000, 0x00000000a3600000, 0x00000000a3600000|100%| O|  |TAMS 0x00000000a3500000, 0x00000000a3500000| Untracked 
|  54|0x00000000a3600000, 0x00000000a3700000, 0x00000000a3700000|100%| O|  |TAMS 0x00000000a3600000, 0x00000000a3600000| Untracked 
|  55|0x00000000a3700000, 0x00000000a3800000, 0x00000000a3800000|100%| O|  |TAMS 0x00000000a3700000, 0x00000000a3700000| Untracked 
|  56|0x00000000a3800000, 0x00000000a3900000, 0x00000000a3900000|100%| O|  |TAMS 0x00000000a3800000, 0x00000000a3800000| Untracked 
|  57|0x00000000a3900000, 0x00000000a3a00000, 0x00000000a3a00000|100%| O|  |TAMS 0x00000000a3900000, 0x00000000a3900000| Untracked 
|  58|0x00000000a3a00000, 0x00000000a3b00000, 0x00000000a3b00000|100%| O|  |TAMS 0x00000000a3a00000, 0x00000000a3a00000| Untracked 
|  59|0x00000000a3b00000, 0x00000000a3c00000, 0x00000000a3c00000|100%| O|  |TAMS 0x00000000a3b00000, 0x00000000a3b00000| Untracked 
|  60|0x00000000a3c00000, 0x00000000a3d00000, 0x00000000a3d00000|100%| O|  |TAMS 0x00000000a3c00000, 0x00000000a3c00000| Untracked 
|  61|0x00000000a3d00000, 0x00000000a3e00000, 0x00000000a3e00000|100%| O|  |TAMS 0x00000000a3d00000, 0x00000000a3d00000| Untracked 
|  62|0x00000000a3e00000, 0x00000000a3f00000, 0x00000000a3f00000|100%| O|  |TAMS 0x00000000a3f00000, 0x00000000a3e00000| Untracked 
|  63|0x00000000a3f00000, 0x00000000a4000000, 0x00000000a4000000|100%| O|  |TAMS 0x00000000a3f00000, 0x00000000a3f00000| Untracked 
|  64|0x00000000a4000000, 0x00000000a4100000, 0x00000000a4100000|100%| O|  |TAMS 0x00000000a4100000, 0x00000000a4000000| Untracked 
|  65|0x00000000a4100000, 0x00000000a4200000, 0x00000000a4200000|100%| O|  |TAMS 0x00000000a4200000, 0x00000000a4100000| Untracked 
|  66|0x00000000a4200000, 0x00000000a4300000, 0x00000000a4300000|100%| O|  |TAMS 0x00000000a4300000, 0x00000000a4200000| Untracked 
|  67|0x00000000a4300000, 0x00000000a4400000, 0x00000000a4400000|100%| O|  |TAMS 0x00000000a43b1e00, 0x00000000a4300000| Untracked 
|  68|0x00000000a4400000, 0x00000000a4500000, 0x00000000a4500000|100%| O|  |TAMS 0x00000000a4400000, 0x00000000a4400000| Untracked 
|  69|0x00000000a4500000, 0x00000000a4600000, 0x00000000a4600000|100%| O|  |TAMS 0x00000000a4500000, 0x00000000a4500000| Untracked 
|  70|0x00000000a4600000, 0x00000000a4700000, 0x00000000a4700000|100%| O|  |TAMS 0x00000000a4600000, 0x00000000a4600000| Untracked 
|  71|0x00000000a4700000, 0x00000000a4800000, 0x00000000a4800000|100%| O|  |TAMS 0x00000000a4700000, 0x00000000a4700000| Untracked 
|  72|0x00000000a4800000, 0x00000000a4900000, 0x00000000a4900000|100%| O|  |TAMS 0x00000000a4800000, 0x00000000a4800000| Untracked 
|  73|0x00000000a4900000, 0x00000000a4a00000, 0x00000000a4a00000|100%| O|  |TAMS 0x00000000a4900000, 0x00000000a4900000| Untracked 
|  74|0x00000000a4a00000, 0x00000000a4b00000, 0x00000000a4b00000|100%| O|  |TAMS 0x00000000a4a00000, 0x00000000a4a00000| Untracked 
|  75|0x00000000a4b00000, 0x00000000a4c00000, 0x00000000a4c00000|100%| O|  |TAMS 0x00000000a4b00000, 0x00000000a4b00000| Untracked 
|  76|0x00000000a4c00000, 0x00000000a4d00000, 0x00000000a4d00000|100%| O|  |TAMS 0x00000000a4c00000, 0x00000000a4c00000| Untracked 
|  77|0x00000000a4d00000, 0x00000000a4e00000, 0x00000000a4e00000|100%| O|  |TAMS 0x00000000a4d00000, 0x00000000a4d00000| Untracked 
|  78|0x00000000a4e00000, 0x00000000a4f00000, 0x00000000a4f00000|100%| O|  |TAMS 0x00000000a4e00000, 0x00000000a4e00000| Untracked 
|  79|0x00000000a4f00000, 0x00000000a5000000, 0x00000000a5000000|100%| O|  |TAMS 0x00000000a4f00000, 0x00000000a4f00000| Untracked 
|  80|0x00000000a5000000, 0x00000000a5100000, 0x00000000a5100000|100%| O|  |TAMS 0x00000000a5000000, 0x00000000a5000000| Untracked 
|  81|0x00000000a5100000, 0x00000000a5200000, 0x00000000a5200000|100%| O|  |TAMS 0x00000000a5100000, 0x00000000a5100000| Untracked 
|  82|0x00000000a5200000, 0x00000000a5300000, 0x00000000a5300000|100%| O|  |TAMS 0x00000000a5200000, 0x00000000a5200000| Untracked 
|  83|0x00000000a5300000, 0x00000000a5400000, 0x00000000a5400000|100%| O|  |TAMS 0x00000000a5300000, 0x00000000a5300000| Untracked 
|  84|0x00000000a5400000, 0x00000000a5500000, 0x00000000a5500000|100%| O|  |TAMS 0x00000000a5400000, 0x00000000a5400000| Untracked 
|  85|0x00000000a5500000, 0x00000000a5600000, 0x00000000a5600000|100%| O|  |TAMS 0x00000000a5500000, 0x00000000a5500000| Untracked 
|  86|0x00000000a5600000, 0x00000000a5700000, 0x00000000a5700000|100%| O|  |TAMS 0x00000000a5600000, 0x00000000a5600000| Untracked 
|  87|0x00000000a5700000, 0x00000000a5800000, 0x00000000a5800000|100%| O|  |TAMS 0x00000000a5700000, 0x00000000a5700000| Untracked 
|  88|0x00000000a5800000, 0x00000000a5900000, 0x00000000a5900000|100%| O|  |TAMS 0x00000000a5800000, 0x00000000a5800000| Untracked 
|  89|0x00000000a5900000, 0x00000000a5a00000, 0x00000000a5a00000|100%| O|  |TAMS 0x00000000a5900000, 0x00000000a5900000| Untracked 
|  90|0x00000000a5a00000, 0x00000000a5b00000, 0x00000000a5b00000|100%| O|  |TAMS 0x00000000a5a00000, 0x00000000a5a00000| Untracked 
|  91|0x00000000a5b00000, 0x00000000a5b00000, 0x00000000a5c00000|  0%| F|  |TAMS 0x00000000a5b00000, 0x00000000a5b00000| Untracked 
|  92|0x00000000a5c00000, 0x00000000a5c00000, 0x00000000a5d00000|  0%| F|  |TAMS 0x00000000a5c00000, 0x00000000a5c00000| Untracked 
|  93|0x00000000a5d00000, 0x00000000a5d00000, 0x00000000a5e00000|  0%| F|  |TAMS 0x00000000a5d00000, 0x00000000a5d00000| Untracked 
|  94|0x00000000a5e00000, 0x00000000a5e00000, 0x00000000a5f00000|  0%| F|  |TAMS 0x00000000a5e00000, 0x00000000a5e00000| Untracked 
|  95|0x00000000a5f00000, 0x00000000a5f00000, 0x00000000a6000000|  0%| F|  |TAMS 0x00000000a5f00000, 0x00000000a5f00000| Untracked 
|  96|0x00000000a6000000, 0x00000000a6000000, 0x00000000a6100000|  0%| F|  |TAMS 0x00000000a6000000, 0x00000000a6000000| Untracked 
|  97|0x00000000a6100000, 0x00000000a6100000, 0x00000000a6200000|  0%| F|  |TAMS 0x00000000a6100000, 0x00000000a6100000| Untracked 
|  98|0x00000000a6200000, 0x00000000a6200000, 0x00000000a6300000|  0%| F|  |TAMS 0x00000000a6200000, 0x00000000a6200000| Untracked 
|  99|0x00000000a6300000, 0x00000000a6300000, 0x00000000a6400000|  0%| F|  |TAMS 0x00000000a6300000, 0x00000000a6300000| Untracked 
| 100|0x00000000a6400000, 0x00000000a6400000, 0x00000000a6500000|  0%| F|  |TAMS 0x00000000a6400000, 0x00000000a6400000| Untracked 
| 101|0x00000000a6500000, 0x00000000a6500000, 0x00000000a6600000|  0%| F|  |TAMS 0x00000000a6500000, 0x00000000a6500000| Untracked 
| 102|0x00000000a6600000, 0x00000000a6600000, 0x00000000a6700000|  0%| F|  |TAMS 0x00000000a6600000, 0x00000000a6600000| Untracked 
| 103|0x00000000a6700000, 0x00000000a6700000, 0x00000000a6800000|  0%| F|  |TAMS 0x00000000a6700000, 0x00000000a6700000| Untracked 
| 104|0x00000000a6800000, 0x00000000a6800000, 0x00000000a6900000|  0%| F|  |TAMS 0x00000000a6800000, 0x00000000a6800000| Untracked 
| 105|0x00000000a6900000, 0x00000000a6900000, 0x00000000a6a00000|  0%| F|  |TAMS 0x00000000a6900000, 0x00000000a6900000| Untracked 
| 106|0x00000000a6a00000, 0x00000000a6a00000, 0x00000000a6b00000|  0%| F|  |TAMS 0x00000000a6a00000, 0x00000000a6a00000| Untracked 
| 107|0x00000000a6b00000, 0x00000000a6b00000, 0x00000000a6c00000|  0%| F|  |TAMS 0x00000000a6b00000, 0x00000000a6b00000| Untracked 
| 108|0x00000000a6c00000, 0x00000000a6c00000, 0x00000000a6d00000|  0%| F|  |TAMS 0x00000000a6c00000, 0x00000000a6c00000| Untracked 
| 109|0x00000000a6d00000, 0x00000000a6d00000, 0x00000000a6e00000|  0%| F|  |TAMS 0x00000000a6d00000, 0x00000000a6d00000| Untracked 
| 110|0x00000000a6e00000, 0x00000000a6e8f088, 0x00000000a6f00000| 55%| S|CS|TAMS 0x00000000a6e00000, 0x00000000a6e00000| Complete 
| 111|0x00000000a6f00000, 0x00000000a6f00000, 0x00000000a7000000|  0%| F|  |TAMS 0x00000000a6f00000, 0x00000000a6f00000| Untracked 
| 112|0x00000000a7000000, 0x00000000a7000000, 0x00000000a7100000|  0%| F|  |TAMS 0x00000000a7000000, 0x00000000a7000000| Untracked 
| 113|0x00000000a7100000, 0x00000000a7100000, 0x00000000a7200000|  0%| F|  |TAMS 0x00000000a7100000, 0x00000000a7100000| Untracked 
| 114|0x00000000a7200000, 0x00000000a7200000, 0x00000000a7300000|  0%| F|  |TAMS 0x00000000a7200000, 0x00000000a7200000| Untracked 
| 115|0x00000000a7300000, 0x00000000a7400000, 0x00000000a7400000|100%| S|CS|TAMS 0x00000000a7300000, 0x00000000a7300000| Complete 
| 116|0x00000000a7400000, 0x00000000a7500000, 0x00000000a7500000|100%| S|CS|TAMS 0x00000000a7400000, 0x00000000a7400000| Complete 
| 117|0x00000000a7500000, 0x00000000a7600000, 0x00000000a7600000|100%| S|CS|TAMS 0x00000000a7500000, 0x00000000a7500000| Complete 
| 118|0x00000000a7600000, 0x00000000a7600000, 0x00000000a7700000|  0%| F|  |TAMS 0x00000000a7600000, 0x00000000a7600000| Untracked 
| 119|0x00000000a7700000, 0x00000000a7700000, 0x00000000a7800000|  0%| F|  |TAMS 0x00000000a7700000, 0x00000000a7700000| Untracked 
| 120|0x00000000a7800000, 0x00000000a7800000, 0x00000000a7900000|  0%| F|  |TAMS 0x00000000a7800000, 0x00000000a7800000| Untracked 
| 121|0x00000000a7900000, 0x00000000a7900000, 0x00000000a7a00000|  0%| F|  |TAMS 0x00000000a7900000, 0x00000000a7900000| Untracked 
| 122|0x00000000a7a00000, 0x00000000a7a00000, 0x00000000a7b00000|  0%| F|  |TAMS 0x00000000a7a00000, 0x00000000a7a00000| Untracked 
| 123|0x00000000a7b00000, 0x00000000a7b00000, 0x00000000a7c00000|  0%| F|  |TAMS 0x00000000a7b00000, 0x00000000a7b00000| Untracked 
| 124|0x00000000a7c00000, 0x00000000a7c00000, 0x00000000a7d00000|  0%| F|  |TAMS 0x00000000a7c00000, 0x00000000a7c00000| Untracked 
| 125|0x00000000a7d00000, 0x00000000a7d00000, 0x00000000a7e00000|  0%| F|  |TAMS 0x00000000a7d00000, 0x00000000a7d00000| Untracked 
| 126|0x00000000a7e00000, 0x00000000a7e00000, 0x00000000a7f00000|  0%| F|  |TAMS 0x00000000a7e00000, 0x00000000a7e00000| Untracked 
| 127|0x00000000a7f00000, 0x00000000a7f00000, 0x00000000a8000000|  0%| F|  |TAMS 0x00000000a7f00000, 0x00000000a7f00000| Untracked 
| 128|0x00000000a8000000, 0x00000000a8000000, 0x00000000a8100000|  0%| F|  |TAMS 0x00000000a8000000, 0x00000000a8000000| Untracked 
| 129|0x00000000a8100000, 0x00000000a8100000, 0x00000000a8200000|  0%| F|  |TAMS 0x00000000a8100000, 0x00000000a8100000| Untracked 
| 130|0x00000000a8200000, 0x00000000a8200000, 0x00000000a8300000|  0%| F|  |TAMS 0x00000000a8200000, 0x00000000a8200000| Untracked 
| 131|0x00000000a8300000, 0x00000000a8300000, 0x00000000a8400000|  0%| F|  |TAMS 0x00000000a8300000, 0x00000000a8300000| Untracked 
| 132|0x00000000a8400000, 0x00000000a8400000, 0x00000000a8500000|  0%| F|  |TAMS 0x00000000a8400000, 0x00000000a8400000| Untracked 
| 133|0x00000000a8500000, 0x00000000a8500000, 0x00000000a8600000|  0%| F|  |TAMS 0x00000000a8500000, 0x00000000a8500000| Untracked 
| 134|0x00000000a8600000, 0x00000000a8600000, 0x00000000a8700000|  0%| F|  |TAMS 0x00000000a8600000, 0x00000000a8600000| Untracked 
| 135|0x00000000a8700000, 0x00000000a8700000, 0x00000000a8800000|  0%| F|  |TAMS 0x00000000a8700000, 0x00000000a8700000| Untracked 
| 136|0x00000000a8800000, 0x00000000a8800000, 0x00000000a8900000|  0%| F|  |TAMS 0x00000000a8800000, 0x00000000a8800000| Untracked 
| 137|0x00000000a8900000, 0x00000000a8900000, 0x00000000a8a00000|  0%| F|  |TAMS 0x00000000a8900000, 0x00000000a8900000| Untracked 
| 138|0x00000000a8a00000, 0x00000000a8a00000, 0x00000000a8b00000|  0%| F|  |TAMS 0x00000000a8a00000, 0x00000000a8a00000| Untracked 
| 139|0x00000000a8b00000, 0x00000000a8b00000, 0x00000000a8c00000|  0%| F|  |TAMS 0x00000000a8b00000, 0x00000000a8b00000| Untracked 
| 140|0x00000000a8c00000, 0x00000000a8c00000, 0x00000000a8d00000|  0%| F|  |TAMS 0x00000000a8c00000, 0x00000000a8c00000| Untracked 
| 141|0x00000000a8d00000, 0x00000000a8d1c270, 0x00000000a8e00000| 10%| E|  |TAMS 0x00000000a8d00000, 0x00000000a8d00000| Complete 
| 142|0x00000000a8e00000, 0x00000000a8f00000, 0x00000000a8f00000|100%| E|CS|TAMS 0x00000000a8e00000, 0x00000000a8e00000| Complete 
| 143|0x00000000a8f00000, 0x00000000a9000000, 0x00000000a9000000|100%| E|CS|TAMS 0x00000000a8f00000, 0x00000000a8f00000| Complete 
| 144|0x00000000a9000000, 0x00000000a9100000, 0x00000000a9100000|100%| E|CS|TAMS 0x00000000a9000000, 0x00000000a9000000| Complete 
| 145|0x00000000a9100000, 0x00000000a9200000, 0x00000000a9200000|100%| E|CS|TAMS 0x00000000a9100000, 0x00000000a9100000| Complete 
| 146|0x00000000a9200000, 0x00000000a9300000, 0x00000000a9300000|100%| E|CS|TAMS 0x00000000a9200000, 0x00000000a9200000| Complete 
| 147|0x00000000a9300000, 0x00000000a9400000, 0x00000000a9400000|100%| E|CS|TAMS 0x00000000a9300000, 0x00000000a9300000| Complete 
| 148|0x00000000a9400000, 0x00000000a9500000, 0x00000000a9500000|100%| E|CS|TAMS 0x00000000a9400000, 0x00000000a9400000| Complete 
| 149|0x00000000a9500000, 0x00000000a9600000, 0x00000000a9600000|100%| E|CS|TAMS 0x00000000a9500000, 0x00000000a9500000| Complete 
| 150|0x00000000a9600000, 0x00000000a9700000, 0x00000000a9700000|100%| E|CS|TAMS 0x00000000a9600000, 0x00000000a9600000| Complete 
| 151|0x00000000a9700000, 0x00000000a9800000, 0x00000000a9800000|100%| E|CS|TAMS 0x00000000a9700000, 0x00000000a9700000| Complete 
| 152|0x00000000a9800000, 0x00000000a9900000, 0x00000000a9900000|100%| E|CS|TAMS 0x00000000a9800000, 0x00000000a9800000| Complete 
| 153|0x00000000a9900000, 0x00000000a9a00000, 0x00000000a9a00000|100%| E|CS|TAMS 0x00000000a9900000, 0x00000000a9900000| Complete 
| 154|0x00000000a9a00000, 0x00000000a9b00000, 0x00000000a9b00000|100%| E|CS|TAMS 0x00000000a9a00000, 0x00000000a9a00000| Complete 
| 155|0x00000000a9b00000, 0x00000000a9c00000, 0x00000000a9c00000|100%| E|CS|TAMS 0x00000000a9b00000, 0x00000000a9b00000| Complete 

Card table byte_map: [0x000001d0aa650000,0x000001d0aa950000] _byte_map_base: 0x000001d0aa150000

Marking Bits (Prev, Next): (CMBitMap*) 0x000001d0960da100, (CMBitMap*) 0x000001d0960da140
 Prev Bits: [0x000001d0aac50000, 0x000001d0ac450000)
 Next Bits: [0x000001d0ac450000, 0x000001d0adc50000)

Polling page: 0x000001d095e70000

Metaspace:

Usage:
  Non-class:     80.63 MB used.
      Class:     12.81 MB used.
       Both:     93.45 MB used.

Virtual space:
  Non-class space:       88.00 MB reserved,      81.06 MB ( 92%) committed,  11 nodes.
      Class space:        1.00 GB reserved,      13.12 MB (  1%) committed,  1 nodes.
             Both:        1.09 GB reserved,      94.19 MB (  8%) committed. 

Chunk freelists:
   Non-Class:  2.39 MB
       Class:  2.81 MB
        Both:  5.21 MB

MaxMetaspaceSize: unlimited
CompressedClassSpaceSize: 1.00 GB
Initial GC threshold: 21.00 MB
Current GC threshold: 108.12 MB
CDS: off
MetaspaceReclaimPolicy: balanced
 - commit_granule_bytes: 65536.
 - commit_granule_words: 8192.
 - virtual_space_node_default_size: 1048576.
 - enlarge_chunks_in_place: 1.
 - new_chunks_are_fully_committed: 0.
 - uncommit_free_chunks: 1.
 - use_allocation_guard: 0.
 - handle_deallocations: 1.


Internal statistics:

num_allocs_failed_limit: 14.
num_arena_births: 868.
num_arena_deaths: 2.
num_vsnodes_births: 12.
num_vsnodes_deaths: 0.
num_space_committed: 1507.
num_space_uncommitted: 0.
num_chunks_returned_to_freelist: 20.
num_chunks_taken_from_freelist: 4364.
num_chunk_merges: 6.
num_chunk_splits: 2894.
num_chunks_enlarged: 1971.
num_purges: 2.
num_inconsistent_stats: 0.

CodeHeap 'non-profiled nmethods': size=120000Kb used=7833Kb max_used=7833Kb free=112166Kb
 bounds [0x000001d0a2800000, 0x000001d0a2fb0000, 0x000001d0a9d30000]
CodeHeap 'profiled nmethods': size=120000Kb used=19501Kb max_used=19501Kb free=100498Kb
 bounds [0x000001d09ad30000, 0x000001d09c040000, 0x000001d0a2260000]
CodeHeap 'non-nmethods': size=5760Kb used=2395Kb max_used=2487Kb free=3365Kb
 bounds [0x000001d0a2260000, 0x000001d0a24f0000, 0x000001d0a2800000]
 total_blobs=11230 nmethods=10297 adapters=845
 compilation: enabled
              stopped_count=0, restarted_count=0
 full_count=0

Compilation events (20 events):
Event: 97.701 Thread 0x000001d0b0c0c970 12244       2       org.gradle.internal.logging.text.AbstractLineChoppingStyledTextOutput$1::execute (140 bytes)
Event: 97.701 Thread 0x000001d0b0c0c970 nmethod 12244 0x000001d09c030f10 code [0x000001d09c031140, 0x000001d09c031618]
Event: 97.701 Thread 0x000001d0b0c0c970 12252   !   3       java.io.BufferedWriter::write (117 bytes)
Event: 97.702 Thread 0x000001d0b0c0c970 nmethod 12252 0x000001d09c031a90 code [0x000001d09c031c80, 0x000001d09c0322c8]
Event: 97.702 Thread 0x000001d0b0c0c970 12245       2       org.gradle.internal.logging.text.AbstractLineChoppingStyledTextOutput$2::execute (77 bytes)
Event: 97.703 Thread 0x000001d0b0c0c970 nmethod 12245 0x000001d09c032690 code [0x000001d09c0328a0, 0x000001d09c032c88]
Event: 97.703 Thread 0x000001d0b0c0c970 12248       3       sun.nio.cs.StreamEncoder::implWrite (137 bytes)
Event: 97.704 Thread 0x000001d0b0c0c970 nmethod 12248 0x000001d09c032f10 code [0x000001d09c033140, 0x000001d09c033988]
Event: 97.704 Thread 0x000001d0b0c0c970 12242   !   3       java.nio.charset.CharsetEncoder::encode (273 bytes)
Event: 97.706 Thread 0x000001d0b0c0c970 nmethod 12242 0x000001d09c033c10 code [0x000001d09c033f00, 0x000001d09c0351c8]
Event: 97.706 Thread 0x000001d0b0c0c970 12249       3       org.gradle.internal.logging.text.AbstractLineChoppingStyledTextOutput$StateContext::flushLineText (113 bytes)
Event: 97.707 Thread 0x000001d0b0c0c970 nmethod 12249 0x000001d09c035790 code [0x000001d09c035a20, 0x000001d09c036398]
Event: 97.707 Thread 0x000001d0b0c0c970 12253   !   3       java.io.BufferedWriter::flushBuffer (53 bytes)
Event: 97.707 Thread 0x000001d0b0c0c970 nmethod 12253 0x000001d09c036710 code [0x000001d09c036900, 0x000001d09c036df8]
Event: 97.707 Thread 0x000001d0b0c0c970 12254   !   3       java.io.PrintStream::write (83 bytes)
Event: 97.708 Thread 0x000001d0b0c0c970 nmethod 12254 0x000001d09c037010 code [0x000001d09c0372a0, 0x000001d09c037fd8]
Event: 97.708 Thread 0x000001d0b0c0c970 12251       3       java.io.Writer::write (11 bytes)
Event: 97.708 Thread 0x000001d0b0c0c970 nmethod 12251 0x000001d09c038690 code [0x000001d09c038840, 0x000001d09c038b08]
Event: 97.710 Thread 0x000001d0b0c0c070 nmethod 12243 0x000001d0a2fa5890 code [0x000001d0a2fa5a60, 0x000001d0a2fa6128]
Event: 97.710 Thread 0x000001d0b0c0c070 12250       4       org.gradle.internal.logging.text.AbstractLineChoppingStyledTextOutput::doAppend (43 bytes)

GC Heap History (20 events):
Event: 54.656 GC heap before
{Heap before GC invocations=71 (full 0):
 garbage-first heap   total 159744K, used 70002K [0x00000000a0000000, 0x0000000100000000)
  region size 1024K, 13 young (13312K), 3 survivors (3072K)
 Metaspace       used 65680K, committed 66176K, reserved 1114112K
  class space    used 8627K, committed 8896K, reserved 1048576K
}
Event: 54.662 GC heap after
{Heap after GC invocations=72 (full 0):
 garbage-first heap   total 159744K, used 60637K [0x00000000a0000000, 0x0000000100000000)
  region size 1024K, 3 young (3072K), 3 survivors (3072K)
 Metaspace       used 65680K, committed 66176K, reserved 1114112K
  class space    used 8627K, committed 8896K, reserved 1048576K
}
Event: 57.737 GC heap before
{Heap before GC invocations=73 (full 0):
 garbage-first heap   total 159744K, used 140509K [0x00000000a0000000, 0x0000000100000000)
  region size 1024K, 74 young (75776K), 3 survivors (3072K)
 Metaspace       used 72976K, committed 73536K, reserved 1114112K
  class space    used 9547K, committed 9792K, reserved 1048576K
}
Event: 57.750 GC heap after
{Heap after GC invocations=74 (full 0):
 garbage-first heap   total 159744K, used 67271K [0x00000000a0000000, 0x0000000100000000)
  region size 1024K, 9 young (9216K), 9 survivors (9216K)
 Metaspace       used 72976K, committed 73536K, reserved 1114112K
  class space    used 9547K, committed 9792K, reserved 1048576K
}
Event: 57.799 GC heap before
{Heap before GC invocations=74 (full 0):
 garbage-first heap   total 159744K, used 68295K [0x00000000a0000000, 0x0000000100000000)
  region size 1024K, 10 young (10240K), 9 survivors (9216K)
 Metaspace       used 73035K, committed 73536K, reserved 1114112K
  class space    used 9560K, committed 9792K, reserved 1048576K
}
Event: 57.814 GC heap after
{Heap after GC invocations=75 (full 0):
 garbage-first heap   total 159744K, used 67478K [0x00000000a0000000, 0x0000000100000000)
  region size 1024K, 2 young (2048K), 2 survivors (2048K)
 Metaspace       used 73035K, committed 73536K, reserved 1114112K
  class space    used 9560K, committed 9792K, reserved 1048576K
}
Event: 60.089 GC heap before
{Heap before GC invocations=75 (full 0):
 garbage-first heap   total 159744K, used 133014K [0x00000000a0000000, 0x0000000100000000)
  region size 1024K, 65 young (66560K), 2 survivors (2048K)
 Metaspace       used 76160K, committed 76672K, reserved 1122304K
  class space    used 9974K, committed 10176K, reserved 1048576K
}
Event: 60.099 GC heap after
{Heap after GC invocations=76 (full 0):
 garbage-first heap   total 159744K, used 73202K [0x00000000a0000000, 0x0000000100000000)
  region size 1024K, 6 young (6144K), 6 survivors (6144K)
 Metaspace       used 76160K, committed 76672K, reserved 1122304K
  class space    used 9974K, committed 10176K, reserved 1048576K
}
Event: 61.255 GC heap before
{Heap before GC invocations=76 (full 0):
 garbage-first heap   total 159744K, used 130546K [0x00000000a0000000, 0x0000000100000000)
  region size 1024K, 62 young (63488K), 6 survivors (6144K)
 Metaspace       used 77547K, committed 78144K, reserved 1122304K
  class space    used 10239K, committed 10496K, reserved 1048576K
}
Event: 61.266 GC heap after
{Heap after GC invocations=77 (full 0):
 garbage-first heap   total 159744K, used 76059K [0x00000000a0000000, 0x0000000100000000)
  region size 1024K, 3 young (3072K), 3 survivors (3072K)
 Metaspace       used 77547K, committed 78144K, reserved 1122304K
  class space    used 10239K, committed 10496K, reserved 1048576K
}
Event: 62.603 GC heap before
{Heap before GC invocations=77 (full 0):
 garbage-first heap   total 159744K, used 131355K [0x00000000a0000000, 0x0000000100000000)
  region size 1024K, 57 young (58368K), 3 survivors (3072K)
 Metaspace       used 80449K, committed 81024K, reserved 1122304K
  class space    used 10697K, committed 10944K, reserved 1048576K
}
Event: 62.617 GC heap after
{Heap after GC invocations=78 (full 0):
 garbage-first heap   total 159744K, used 79923K [0x00000000a0000000, 0x0000000100000000)
  region size 1024K, 7 young (7168K), 7 survivors (7168K)
 Metaspace       used 80449K, committed 81024K, reserved 1122304K
  class space    used 10697K, committed 10944K, reserved 1048576K
}
Event: 63.866 GC heap before
{Heap before GC invocations=78 (full 0):
 garbage-first heap   total 159744K, used 132147K [0x00000000a0000000, 0x0000000100000000)
  region size 1024K, 58 young (59392K), 7 survivors (7168K)
 Metaspace       used 84865K, committed 85440K, reserved 1130496K
  class space    used 11462K, committed 11712K, reserved 1048576K
}
Event: 63.887 GC heap after
{Heap after GC invocations=79 (full 0):
 garbage-first heap   total 159744K, used 83968K [0x00000000a0000000, 0x0000000100000000)
  region size 1024K, 8 young (8192K), 8 survivors (8192K)
 Metaspace       used 84865K, committed 85440K, reserved 1130496K
  class space    used 11462K, committed 11712K, reserved 1048576K
}
Event: 65.205 GC heap before
{Heap before GC invocations=79 (full 0):
 garbage-first heap   total 159744K, used 133120K [0x00000000a0000000, 0x0000000100000000)
  region size 1024K, 56 young (57344K), 8 survivors (8192K)
 Metaspace       used 88111K, committed 88768K, reserved 1130496K
  class space    used 11972K, committed 12224K, reserved 1048576K
}
Event: 65.226 GC heap after
{Heap after GC invocations=80 (full 0):
 garbage-first heap   total 159744K, used 89828K [0x00000000a0000000, 0x0000000100000000)
  region size 1024K, 6 young (6144K), 6 survivors (6144K)
 Metaspace       used 88111K, committed 88768K, reserved 1130496K
  class space    used 11972K, committed 12224K, reserved 1048576K
}
Event: 66.897 GC heap before
{Heap before GC invocations=80 (full 0):
 garbage-first heap   total 159744K, used 131812K [0x00000000a0000000, 0x0000000100000000)
  region size 1024K, 47 young (48128K), 6 survivors (6144K)
 Metaspace       used 93416K, committed 94080K, reserved 1130496K
  class space    used 12744K, committed 13056K, reserved 1048576K
}
Event: 66.918 GC heap after
{Heap after GC invocations=81 (full 0):
 garbage-first heap   total 159744K, used 93646K [0x00000000a0000000, 0x0000000100000000)
  region size 1024K, 4 young (4096K), 4 survivors (4096K)
 Metaspace       used 93416K, committed 94080K, reserved 1130496K
  class space    used 12744K, committed 13056K, reserved 1048576K
}
Event: 69.246 GC heap before
{Heap before GC invocations=81 (full 0):
 garbage-first heap   total 159744K, used 132558K [0x00000000a0000000, 0x0000000100000000)
  region size 1024K, 42 young (43008K), 4 survivors (4096K)
 Metaspace       used 95138K, committed 95872K, reserved 1138688K
  class space    used 13022K, committed 13312K, reserved 1048576K
}
Event: 69.259 GC heap after
{Heap after GC invocations=82 (full 0):
 garbage-first heap   total 159744K, used 96828K [0x00000000a0000000, 0x0000000100000000)
  region size 1024K, 4 young (4096K), 4 survivors (4096K)
 Metaspace       used 95138K, committed 95872K, reserved 1138688K
  class space    used 13022K, committed 13312K, reserved 1048576K
}

Dll operation events (2 events):
Event: 0.021 Loaded shared library C:\Program Files\Android\Android Studio\jbr\bin\java.dll
Event: 0.769 Loaded shared library C:\Program Files\Android\Android Studio\jbr\bin\verify.dll

Deoptimization events (20 events):
Event: 69.428 Thread 0x000001d0ba537f80 DEOPT PACKING pc=0x000001d09bf82adb sp=0x00000096521fb110
Event: 69.428 Thread 0x000001d0ba537f80 DEOPT UNPACKING pc=0x000001d0a22b7143 sp=0x00000096521fa630 mode 0
Event: 69.505 Thread 0x000001d0ba537f80 DEOPT PACKING pc=0x000001d09bf845d8 sp=0x00000096521fb6f0
Event: 69.505 Thread 0x000001d0ba537f80 DEOPT UNPACKING pc=0x000001d0a22b7143 sp=0x00000096521fabf8 mode 0
Event: 69.730 Thread 0x000001d0ba537f80 Uncommon trap: trap_request=0xffffff45 fr.pc=0x000001d0a2f261f8 relative=0x0000000000000c58
Event: 69.730 Thread 0x000001d0ba537f80 Uncommon trap: reason=unstable_if action=reinterpret pc=0x000001d0a2f261f8 method=org.gradle.internal.snapshot.VfsRelativePath.lengthOfCommonPrefix(Ljava/lang/String;Lorg/gradle/internal/snapshot/CaseSensitivity;)I @ 165 c2
Event: 69.730 Thread 0x000001d0ba537f80 DEOPT PACKING pc=0x000001d0a2f261f8 sp=0x00000096521fa750
Event: 69.730 Thread 0x000001d0ba537f80 DEOPT UNPACKING pc=0x000001d0a22b69a3 sp=0x00000096521fa6e0 mode 2
Event: 69.819 Thread 0x000001d0ba537f80 Uncommon trap: trap_request=0xffffffde fr.pc=0x000001d0a28b3928 relative=0x0000000000000288
Event: 69.819 Thread 0x000001d0ba537f80 Uncommon trap: reason=class_check action=maybe_recompile pc=0x000001d0a28b3928 method=java.util.stream.StreamOpFlag.fromCharacteristics(Ljava/util/Spliterator;)I @ 14 c2
Event: 69.819 Thread 0x000001d0ba537f80 DEOPT PACKING pc=0x000001d0a28b3928 sp=0x00000096521fc900
Event: 69.819 Thread 0x000001d0ba537f80 DEOPT UNPACKING pc=0x000001d0a22b69a3 sp=0x00000096521fc7e8 mode 2
Event: 69.819 Thread 0x000001d0ba537f80 Uncommon trap: trap_request=0xffffffde fr.pc=0x000001d0a28b3928 relative=0x0000000000000288
Event: 69.820 Thread 0x000001d0ba537f80 Uncommon trap: reason=class_check action=maybe_recompile pc=0x000001d0a28b3928 method=java.util.stream.StreamOpFlag.fromCharacteristics(Ljava/util/Spliterator;)I @ 14 c2
Event: 69.820 Thread 0x000001d0ba537f80 DEOPT PACKING pc=0x000001d0a28b3928 sp=0x00000096521fc900
Event: 69.820 Thread 0x000001d0ba537f80 DEOPT UNPACKING pc=0x000001d0a22b69a3 sp=0x00000096521fc7e8 mode 2
Event: 69.839 Thread 0x000001d0ba537f80 Uncommon trap: trap_request=0xffffffde fr.pc=0x000001d0a2f5d428 relative=0x0000000000001688
Event: 69.839 Thread 0x000001d0ba537f80 Uncommon trap: reason=class_check action=maybe_recompile pc=0x000001d0a2f5d428 method=org.gradle.internal.snapshot.ChildMap$Entry.handlePath(Lorg/gradle/internal/snapshot/VfsRelativePath;Lorg/gradle/internal/snapshot/CaseSensitivity;Lorg/gradle/internal/s
Event: 69.839 Thread 0x000001d0ba537f80 DEOPT PACKING pc=0x000001d0a2f5d428 sp=0x00000096521fafb0
Event: 69.839 Thread 0x000001d0ba537f80 DEOPT UNPACKING pc=0x000001d0a22b69a3 sp=0x00000096521faf38 mode 2

Classes unloaded (6 events):
Event: 54.771 Thread 0x000001d0b0277390 Unloading class 0x0000000100795040 '_BuildScript_$_run_closure4'
Event: 54.771 Thread 0x000001d0b0277390 Unloading class 0x0000000100794c30 '_BuildScript_$_run_closure3'
Event: 54.771 Thread 0x000001d0b0277390 Unloading class 0x0000000100794820 '_BuildScript_$_run_closure2'
Event: 54.771 Thread 0x000001d0b0277390 Unloading class 0x0000000100794410 '_BuildScript_$_run_closure1$_closure5'
Event: 54.771 Thread 0x000001d0b0277390 Unloading class 0x0000000100794000 '_BuildScript_$_run_closure1'
Event: 54.771 Thread 0x000001d0b0277390 Unloading class 0x0000000100788800 '_BuildScript_'

Classes redefined (0 events):
No events

Internal exceptions (20 events):
Event: 69.909 Thread 0x000001d0ba537f80 Exception <a 'java/lang/ClassNotFoundException'{0x00000000a91a4d30}: org/gradle/process/internal/DefaultExecAction_DecoratedBeanInfo> (0x00000000a91a4d30) 
thrown [s\src\hotspot\share\classfile\systemDictionary.cpp, line 256]
Event: 69.911 Thread 0x000001d0ba537f80 Exception <a 'java/lang/ClassNotFoundException'{0x00000000a91b6f38}: org/gradle/process/internal/DefaultExecActionBeanInfo> (0x00000000a91b6f38) 
thrown [s\src\hotspot\share\classfile\systemDictionary.cpp, line 256]
Event: 69.912 Thread 0x000001d0ba537f80 Exception <a 'java/lang/ClassNotFoundException'{0x00000000a91c9300}: org/gradle/process/internal/DefaultExecHandleBuilderBeanInfo> (0x00000000a91c9300) 
thrown [s\src\hotspot\share\classfile\systemDictionary.cpp, line 256]
Event: 69.913 Thread 0x000001d0ba537f80 Exception <a 'java/lang/ClassNotFoundException'{0x00000000a91dc3c8}: org/gradle/process/internal/AbstractExecHandleBuilderBeanInfo> (0x00000000a91dc3c8) 
thrown [s\src\hotspot\share\classfile\systemDictionary.cpp, line 256]
Event: 69.914 Thread 0x000001d0ba537f80 Exception <a 'java/lang/ClassNotFoundException'{0x00000000a91ef4e0}: org/gradle/process/internal/DefaultProcessForkOptionsBeanInfo> (0x00000000a91ef4e0) 
thrown [s\src\hotspot\share\classfile\systemDictionary.cpp, line 256]
Event: 69.916 Thread 0x000001d0ba537f80 Exception <a 'java/lang/ClassNotFoundException'{0x00000000a9003128}: org/gradle/process/internal/DefaultProcessForkOptionsCustomizer> (0x00000000a9003128) 
thrown [s\src\hotspot\share\classfile\systemDictionary.cpp, line 256]
Event: 69.918 Thread 0x000001d0ba537f80 Exception <a 'java/lang/ClassNotFoundException'{0x00000000a9023490}: org/gradle/process/internal/AbstractExecHandleBuilderCustomizer> (0x00000000a9023490) 
thrown [s\src\hotspot\share\classfile\systemDictionary.cpp, line 256]
Event: 69.920 Thread 0x000001d0ba537f80 Exception <a 'java/lang/ClassNotFoundException'{0x00000000a9048060}: org/gradle/process/internal/DefaultExecHandleBuilderCustomizer> (0x00000000a9048060) 
thrown [s\src\hotspot\share\classfile\systemDictionary.cpp, line 256]
Event: 69.923 Thread 0x000001d0ba537f80 Exception <a 'java/lang/ClassNotFoundException'{0x00000000a9089610}: org/gradle/process/internal/DefaultExecActionCustomizer> (0x00000000a9089610) 
thrown [s\src\hotspot\share\classfile\systemDictionary.cpp, line 256]
Event: 69.925 Thread 0x000001d0ba537f80 Exception <a 'java/lang/ClassNotFoundException'{0x00000000a90a4b08}: org/gradle/process/internal/DefaultExecAction_DecoratedCustomizer> (0x00000000a90a4b08) 
thrown [s\src\hotspot\share\classfile\systemDictionary.cpp, line 256]
Event: 69.928 Thread 0x000001d0ba537f80 Exception <a 'java/lang/ClassNotFoundException'{0x00000000a90dd2e8}: org/gradle/api/logging/LogLevelBeanInfo> (0x00000000a90dd2e8) 
thrown [s\src\hotspot\share\classfile\systemDictionary.cpp, line 256]
Event: 69.929 Thread 0x000001d0ba537f80 Exception <a 'java/lang/ClassNotFoundException'{0x00000000a90ede30}: org/gradle/api/logging/LogLevelCustomizer> (0x00000000a90ede30) 
thrown [s\src\hotspot\share\classfile\systemDictionary.cpp, line 256]
Event: 69.944 Thread 0x000001d0ba537f80 Exception <a 'java/lang/ClassNotFoundException'{0x00000000a8f32cf0}: org/gradle/internal/logging/services/DefaultLoggingManagerBeanInfo> (0x00000000a8f32cf0) 
thrown [s\src\hotspot\share\classfile\systemDictionary.cpp, line 256]
Event: 69.946 Thread 0x000001d0ba537f80 Exception <a 'java/lang/ClassNotFoundException'{0x00000000a8f44420}: org/gradle/internal/logging/services/DefaultLoggingManagerCustomizer> (0x00000000a8f44420) 
thrown [s\src\hotspot\share\classfile\systemDictionary.cpp, line 256]
Event: 69.953 Thread 0x000001d0ba537f80 Exception <a 'java/lang/ClassNotFoundException'{0x00000000a8f75460}: java/lang/BooleanBeanInfo> (0x00000000a8f75460) 
thrown [s\src\hotspot\share\classfile\systemDictionary.cpp, line 256]
Event: 69.955 Thread 0x000001d0ba537f80 Exception <a 'java/lang/ClassNotFoundException'{0x00000000a8f7c4c0}: java/lang/BooleanCustomizer> (0x00000000a8f7c4c0) 
thrown [s\src\hotspot\share\classfile\systemDictionary.cpp, line 256]
Event: 69.992 Thread 0x000001d0ba536770 Exception <a 'java/lang/NoSuchMethodError'{0x00000000a8fe0d90}: 'void java.lang.invoke.DirectMethodHandle$Holder.invokeStatic(java.lang.Object, long)'> (0x00000000a8fe0d90) 
thrown [s\src\hotspot\share\interpreter\linkResolver.cpp, line 771]
Event: 69.993 Thread 0x000001d0ba536770 Exception <a 'java/lang/NoSuchMethodError'{0x00000000a8fe6140}: 'java.lang.Object java.lang.invoke.DirectMethodHandle$Holder.newInvokeSpecial(java.lang.Object, long)'> (0x00000000a8fe6140) 
thrown [s\src\hotspot\share\interpreter\linkResolver.cpp, line 771]
Event: 69.995 Thread 0x000001d0ba536770 Exception <a 'java/lang/NoSuchMethodError'{0x00000000a8fece80}: 'java.lang.Object java.lang.invoke.DirectMethodHandle$Holder.invokeStatic(java.lang.Object, java.lang.Object, long, java.lang.Object)'> (0x00000000a8fece80) 
thrown [s\src\hotspot\share\interpreter\linkResolver.cpp, line 771]
Event: 69.996 Thread 0x000001d0ba536770 Exception <a 'java/lang/NoSuchMethodError'{0x00000000a8ff0658}: 'java.lang.Object java.lang.invoke.DirectMethodHandle$Holder.invokeStaticInit(java.lang.Object, java.lang.Object, long, java.lang.Object)'> (0x00000000a8ff0658) 
thrown [s\src\hotspot\share\interpreter\linkResolver.cpp, line 771]

VM Operations (20 events):
Event: 69.246 Executing VM operation: G1CollectForAllocation
Event: 69.259 Executing VM operation: G1CollectForAllocation done
Event: 69.812 Executing VM operation: HandshakeAllThreads
Event: 69.812 Executing VM operation: HandshakeAllThreads done
Event: 69.829 Executing VM operation: HandshakeAllThreads
Event: 69.829 Executing VM operation: HandshakeAllThreads done
Event: 69.998 Executing VM operation: HandshakeAllThreads
Event: 69.998 Executing VM operation: HandshakeAllThreads done
Event: 71.002 Executing VM operation: Cleanup
Event: 71.002 Executing VM operation: Cleanup done
Event: 76.056 Executing VM operation: Cleanup
Event: 76.056 Executing VM operation: Cleanup done
Event: 87.140 Executing VM operation: Cleanup
Event: 87.141 Executing VM operation: Cleanup done
Event: 90.162 Executing VM operation: Cleanup
Event: 90.162 Executing VM operation: Cleanup done
Event: 97.696 Executing VM operation: HandshakeAllThreads
Event: 97.696 Executing VM operation: HandshakeAllThreads done
Event: 97.696 Executing VM operation: Cleanup
Event: 97.697 Executing VM operation: Cleanup done

Events (20 events):
Event: 69.955 loading class java/lang/BooleanCustomizer
Event: 69.955 loading class java/lang/BooleanCustomizer done
Event: 69.969 Thread 0x000001d0ba536770 Thread added: 0x000001d0ba536770
Event: 69.972 loading class java/lang/ProcessImpl
Event: 69.972 loading class java/lang/ProcessImpl done
Event: 69.993 loading class java/lang/ProcessHandleImpl
Event: 69.994 loading class java/lang/ProcessHandleImpl done
Event: 69.997 loading class java/lang/ProcessImpl$2
Event: 69.997 loading class java/lang/ProcessImpl$2 done
Event: 69.997 loading class java/lang/Process$PipeInputStream
Event: 69.997 loading class java/lang/Process$PipeInputStream done
Event: 69.998 loading class jdk/internal/event/ProcessStartEvent
Event: 69.999 loading class jdk/internal/event/ProcessStartEvent done
Event: 70.001 Thread 0x000001d0ba536c40 Thread added: 0x000001d0ba536c40
Event: 70.001 Thread 0x000001d0ba5375e0 Thread added: 0x000001d0ba5375e0
Event: 75.019 Thread 0x000001d0b5be9fa0 Thread exited: 0x000001d0b5be9fa0
Event: 97.539 loading class java/time/Clock
Event: 97.541 loading class java/time/InstantSource
Event: 97.541 loading class java/time/InstantSource done
Event: 97.541 loading class java/time/Clock done


Dynamic libraries:
0x00007ff612e40000 - 0x00007ff612e4a000 	C:\Program Files\Android\Android Studio\jbr\bin\java.exe
0x00007ff837b30000 - 0x00007ff837d28000 	C:\Windows\SYSTEM32\ntdll.dll
0x00007ff835dc0000 - 0x00007ff835e7f000 	C:\Windows\System32\KERNEL32.DLL
0x00007ff835530000 - 0x00007ff835826000 	C:\Windows\System32\KERNELBASE.dll
0x00007ff835890000 - 0x00007ff835990000 	C:\Windows\System32\ucrtbase.dll
0x00007ff809890000 - 0x00007ff8098a7000 	C:\Program Files\Android\Android Studio\jbr\bin\jli.dll
0x00007ff807a30000 - 0x00007ff807a4b000 	C:\Program Files\Android\Android Studio\jbr\bin\VCRUNTIME140.dll
0x00007ff837690000 - 0x00007ff83782d000 	C:\Windows\System32\USER32.dll
0x00007ff835830000 - 0x00007ff835852000 	C:\Windows\System32\win32u.dll
0x00007ff8364a0000 - 0x00007ff8364cc000 	C:\Windows\System32\GDI32.dll
0x00007ff835410000 - 0x00007ff835525000 	C:\Windows\System32\gdi32full.dll
0x00007ff835210000 - 0x00007ff8352ad000 	C:\Windows\System32\msvcp_win.dll
0x00007ff822b60000 - 0x00007ff822dfa000 	C:\Windows\WinSxS\amd64_microsoft.windows.common-controls_6595b64144ccf1df_6.0.19041.1110_none_60b5254171f9507e\COMCTL32.dll
0x00007ff8374d0000 - 0x00007ff83756e000 	C:\Windows\System32\msvcrt.dll
0x00007ff8365b0000 - 0x00007ff8365e0000 	C:\Windows\System32\IMM32.DLL
0x00007ff8150f0000 - 0x00007ff8150fc000 	C:\Program Files\Android\Android Studio\jbr\bin\vcruntime140_1.dll
0x00007ffffee80000 - 0x00007ffffef0d000 	C:\Program Files\Android\Android Studio\jbr\bin\msvcp140.dll
0x00007fffeec00000 - 0x00007fffef86d000 	C:\Program Files\Android\Android Studio\jbr\bin\server\jvm.dll
0x00007ff836240000 - 0x00007ff8362ef000 	C:\Windows\System32\ADVAPI32.dll
0x00007ff836400000 - 0x00007ff83649c000 	C:\Windows\System32\sechost.dll
0x00007ff837940000 - 0x00007ff837a66000 	C:\Windows\System32\RPCRT4.dll
0x00007ff82bd80000 - 0x00007ff82bd89000 	C:\Windows\SYSTEM32\WSOCK32.dll
0x00007ff8366a0000 - 0x00007ff83670b000 	C:\Windows\System32\WS2_32.dll
0x00007ff822b30000 - 0x00007ff822b57000 	C:\Windows\SYSTEM32\WINMM.dll
0x00007ff82e0c0000 - 0x00007ff82e0ca000 	C:\Windows\SYSTEM32\VERSION.dll
0x00007ff833a70000 - 0x00007ff833a82000 	C:\Windows\SYSTEM32\kernel.appcore.dll
0x00007ff81e8b0000 - 0x00007ff81e8ba000 	C:\Program Files\Android\Android Studio\jbr\bin\jimage.dll
0x00007ff832f70000 - 0x00007ff833154000 	C:\Windows\SYSTEM32\DBGHELP.DLL
0x00007ff82e070000 - 0x00007ff82e0a4000 	C:\Windows\SYSTEM32\dbgcore.DLL
0x00007ff835a00000 - 0x00007ff835a82000 	C:\Windows\System32\bcryptPrimitives.dll
0x00007ff815960000 - 0x00007ff815985000 	C:\Program Files\Android\Android Studio\jbr\bin\java.dll
0x00007ff8159b0000 - 0x00007ff8159c8000 	C:\Program Files\Android\Android Studio\jbr\bin\zip.dll
0x00007ff836840000 - 0x00007ff836f84000 	C:\Windows\System32\SHELL32.dll
0x00007ff833160000 - 0x00007ff8338f4000 	C:\Windows\SYSTEM32\windows.storage.dll
0x00007ff835ee0000 - 0x00007ff836234000 	C:\Windows\System32\combase.dll
0x00007ff834c40000 - 0x00007ff834c6e000 	C:\Windows\SYSTEM32\Wldp.dll
0x00007ff836350000 - 0x00007ff8363fd000 	C:\Windows\System32\SHCORE.dll
0x00007ff8362f0000 - 0x00007ff836345000 	C:\Windows\System32\shlwapi.dll
0x00007ff835140000 - 0x00007ff835165000 	C:\Windows\SYSTEM32\profapi.dll
0x00007ff8158b0000 - 0x00007ff8158c9000 	C:\Program Files\Android\Android Studio\jbr\bin\net.dll
0x00007ff825de0000 - 0x00007ff825eea000 	C:\Windows\SYSTEM32\WINHTTP.dll
0x00007ff8349a0000 - 0x00007ff834a0a000 	C:\Windows\system32\mswsock.dll
0x00007ff815520000 - 0x00007ff815536000 	C:\Program Files\Android\Android Studio\jbr\bin\nio.dll
0x00007ff818c00000 - 0x00007ff818c10000 	C:\Program Files\Android\Android Studio\jbr\bin\verify.dll
0x00007ff82bec0000 - 0x00007ff82bee7000 	C:\Users\Manas Gupta\.gradle\native\68d5fa5c4cc2d200863cafc0d521ce42e7d3e7ee720ec0a83991735586a16f82\windows-amd64\native-platform.dll
0x00007ff802f00000 - 0x00007ff803044000 	C:\Users\Manas Gupta\.gradle\native\e376f236ea51e6404a007f0833ffe2c6e607c4080706a723a18a27aeea778392\windows-amd64\native-platform-file-events.dll
0x00007ff81e710000 - 0x00007ff81e719000 	C:\Program Files\Android\Android Studio\jbr\bin\management.dll
0x00007ff81e440000 - 0x00007ff81e44b000 	C:\Program Files\Android\Android Studio\jbr\bin\management_ext.dll
0x00007ff835db0000 - 0x00007ff835db8000 	C:\Windows\System32\PSAPI.DLL
0x00007ff834b90000 - 0x00007ff834ba8000 	C:\Windows\SYSTEM32\CRYPTSP.dll
0x00007ff834250000 - 0x00007ff834284000 	C:\Windows\system32\rsaenh.dll
0x00007ff835860000 - 0x00007ff835887000 	C:\Windows\System32\bcrypt.dll
0x00007ff8350c0000 - 0x00007ff8350ee000 	C:\Windows\SYSTEM32\USERENV.dll
0x00007ff834bb0000 - 0x00007ff834bbc000 	C:\Windows\SYSTEM32\CRYPTBASE.dll
0x00007ff834640000 - 0x00007ff83467c000 	C:\Windows\SYSTEM32\IPHLPAPI.DLL
0x00007ff835da0000 - 0x00007ff835da8000 	C:\Windows\System32\NSI.dll
0x00007ff82ba20000 - 0x00007ff82ba37000 	C:\Windows\SYSTEM32\dhcpcsvc6.DLL
0x00007ff82bcc0000 - 0x00007ff82bcdd000 	C:\Windows\SYSTEM32\dhcpcsvc.DLL
0x00007ff834690000 - 0x00007ff83475a000 	C:\Windows\SYSTEM32\DNSAPI.dll
0x00007ff816c60000 - 0x00007ff816c67000 	C:\Windows\system32\wshunix.dll

dbghelp: loaded successfully - version: 4.0.5 - missing functions: none
symbol engine: initialized successfully - sym options: 0x614 - pdb path: .;C:\Program Files\Android\Android Studio\jbr\bin;C:\Windows\SYSTEM32;C:\Windows\WinSxS\amd64_microsoft.windows.common-controls_6595b64144ccf1df_6.0.19041.1110_none_60b5254171f9507e;C:\Program Files\Android\Android Studio\jbr\bin\server;C:\Users\Manas Gupta\.gradle\native\68d5fa5c4cc2d200863cafc0d521ce42e7d3e7ee720ec0a83991735586a16f82\windows-amd64;C:\Users\Manas Gupta\.gradle\native\e376f236ea51e6404a007f0833ffe2c6e607c4080706a723a18a27aeea778392\windows-amd64

VM Arguments:
jvm_args: --add-opens=java.base/java.util=ALL-UNNAMED --add-opens=java.base/java.lang=ALL-UNNAMED --add-opens=java.base/java.lang.invoke=ALL-UNNAMED --add-opens=java.prefs/java.util.prefs=ALL-UNNAMED --add-opens=java.base/java.nio.charset=ALL-UNNAMED --add-opens=java.base/java.net=ALL-UNNAMED --add-opens=java.base/java.util.concurrent.atomic=ALL-UNNAMED -Xmx1536M -Dfile.encoding=windows-1252 -Duser.country=US -Duser.language=en -Duser.variant 
java_command: org.gradle.launcher.daemon.bootstrap.GradleDaemon 7.6.1
java_class_path (initial): C:\Users\Manas Gupta\.gradle\wrapper\dists\gradle-7.6.1-all\942lu1p9i6mhoyzmt401s4g74\gradle-7.6.1\lib\gradle-launcher-7.6.1.jar
Launcher Type: SUN_STANDARD

[Global flags]
     intx CICompilerCount                          = 3                                         {product} {ergonomic}
     uint ConcGCThreads                            = 1                                         {product} {ergonomic}
     uint G1ConcRefinementThreads                  = 4                                         {product} {ergonomic}
   size_t G1HeapRegionSize                         = 1048576                                   {product} {ergonomic}
    uintx GCDrainStackTargetSize                   = 64                                        {product} {ergonomic}
   size_t InitialHeapSize                          = 132120576                                 {product} {ergonomic}
   size_t MarkStackSize                            = 4194304                                   {product} {ergonomic}
   size_t MaxHeapSize                              = 1610612736                                {product} {command line}
   size_t MaxNewSize                               = 965738496                                 {product} {ergonomic}
   size_t MinHeapDeltaBytes                        = 1048576                                   {product} {ergonomic}
   size_t MinHeapSize                              = 8388608                                   {product} {ergonomic}
    uintx NonNMethodCodeHeapSize                   = 5832780                                {pd product} {ergonomic}
    uintx NonProfiledCodeHeapSize                  = 122912730                              {pd product} {ergonomic}
    uintx ProfiledCodeHeapSize                     = 122912730                              {pd product} {ergonomic}
    uintx ReservedCodeCacheSize                    = 251658240                              {pd product} {ergonomic}
     bool SegmentedCodeCache                       = true                                      {product} {ergonomic}
   size_t SoftMaxHeapSize                          = 1610612736                             {manageable} {ergonomic}
     bool UseCompressedClassPointers               = true                           {product lp64_product} {ergonomic}
     bool UseCompressedOops                        = true                           {product lp64_product} {ergonomic}
     bool UseG1GC                                  = true                                      {product} {ergonomic}
     bool UseLargePagesIndividualAllocation        = false                                  {pd product} {ergonomic}

Logging:
Log output configuration:
 #0: stdout all=warning uptime,level,tags
 #1: stderr all=off uptime,level,tags

Environment Variables:
JAVA_HOME=C:\Program Files\Android\Android Studio\jbr
CLASSPATH=F:\Flutter\Projects\Todo-App-using-Flutter-Django\frontend\android\\gradle\wrapper\gradle-wrapper.jar
PATH=C:\Python310\Scripts\;C:\Python310\;D:\JAVA\jdk_VS\bin;D:\JAVA\JDK\bin;C:\Program Files\Common Files\Oracle\Java\javapath;C:\Program Files (x86)\Common Files\Oracle\Java\javapath;C:\Program Files (x86)\Common Files\Intel\Shared Libraries\redist\intel64\compiler;D:\PYTHON\Python39\Scripts\;D:\PYTHON\Python39\;C:\Windows\system32;C:\Windows;C:\Windows\System32\Wbem;C:\Windows\System32\WindowsPowerShell\v1.0\;C:\Windows\System32\OpenSSH\;C:\Program Files (x86)\AMD\ATI.ACE\Core-Static;D:\AMD\ATI.ACE\Core-Static;C:\Program Files\dotnet\;C:\Program Files (x86)\Intel\Intel(R) Management Engine Components\DAL;C:\Program Files\Intel\Intel(R) Management Engine Components\DAL;C:\ProgramData\chocolatey\bin;D:\temp\bin;C:\Program Files\Git\cmd;D:\PROGRAM FILES\Node_Js\;C:\Program Files\MongoDB\Server\6.0\bin;C:\Program Files\MySQL\MySQL Shell 8.0\bin\;D:\PYTHON\Microsoft VS Code\bin;D:\JAVA\Intellij2020\JetBrains\IntelliJ IDEA Community Edition 2020.3.3\bin;;D:\C Language\Compiler files\mingw64\bin;D:\PYTHON\JetBrains_PyCharm_Professional_2021.1x64\PyCharm 2021.1\bin;;C:\Users\Manas Gupta\AppData\Local\Microsoft\WindowsApps;C:\Users\Manas Gupta\AppData\Local\Programs\Microsoft VS Code\bin;F:\Flutter\flutter\bin;D:\JAVA\JDK20\bin;C:\Users\Manas Gupta\AppData\Local\GitHubDesktop\bin;C:\Users\Manas Gupta\AppData\Roaming\npm;F:\Flutter\flutter\bin\mingit\cmd
USERNAME=Manas Gupta
OS=Windows_NT
PROCESSOR_IDENTIFIER=Intel64 Family 6 Model 142 Stepping 9, GenuineIntel
TMP=C:\Users\Manas Gupta\AppData\Local\Temp
TEMP=C:\Users\Manas Gupta\AppData\Local\Temp



---------------  S Y S T E M  ---------------

OS:
 Windows 10 , 64 bit Build 19041 (10.0.19041.3155)
OS uptime: 10 days 15:30 hours

CPU: total 4 (initial active 4) (2 cores per cpu, 2 threads per core) family 6 model 142 stepping 9 microcode 0xec, cx8, cmov, fxsr, ht, mmx, 3dnowpref, sse, sse2, sse3, ssse3, sse4.1, sse4.2, popcnt, lzcnt, tsc, tscinvbit, avx, avx2, aes, erms, clmul, bmi1, bmi2, adx, fma, vzeroupper, clflush, clflushopt

Memory: 4k page, system-wide physical 8057M (2409M free)
TotalPageFile size 22225M (AvailPageFile size 0M)
current process WorkingSet (physical memory assigned to process): 88M, peak: 384M
current process commit charge ("private bytes"): 439M, peak: 455M

vm_info: OpenJDK 64-Bit Server VM (17.0.6+0-b2043.56-9586694) for windows-amd64 JRE (17.0.6+0-b2043.56-9586694), built on Feb  9 2023 20:06:20 by "androidbuild" with MS VC++ 16.10 / 16.11 (VS2019)

END.
